<?xml version="1.0" encoding="UTF-8"?>
<testsuites name="jest tests" tests="141" failures="58" errors="0" time="1.526">
  <testsuite name="authSlice" errors="0" failures="0" skipped="0" timestamp="2025-07-25T00:45:38" time="0.41" tests="26">
    <testcase classname="authSlice Initial State should have correct initial state" name="authSlice Initial State should have correct initial state" time="0.008">
    </testcase>
    <testcase classname="authSlice Synchronous Actions should handle setUser" name="authSlice Synchronous Actions should handle setUser" time="0.003">
    </testcase>
    <testcase classname="authSlice Synchronous Actions should handle setUser with null (logout)" name="authSlice Synchronous Actions should handle setUser with null (logout)" time="0.001">
    </testcase>
    <testcase classname="authSlice Synchronous Actions should handle setTokens" name="authSlice Synchronous Actions should handle setTokens" time="0">
    </testcase>
    <testcase classname="authSlice Synchronous Actions should handle clearTokens" name="authSlice Synchronous Actions should handle clearTokens" time="0.001">
    </testcase>
    <testcase classname="authSlice Synchronous Actions should handle setLoading" name="authSlice Synchronous Actions should handle setLoading" time="0.001">
    </testcase>
    <testcase classname="authSlice Synchronous Actions should handle setInitialized" name="authSlice Synchronous Actions should handle setInitialized" time="0.001">
    </testcase>
    <testcase classname="authSlice Synchronous Actions should handle setPersistenceRestored" name="authSlice Synchronous Actions should handle setPersistenceRestored" time="0.001">
    </testcase>
    <testcase classname="authSlice Synchronous Actions should handle setError" name="authSlice Synchronous Actions should handle setError" time="0.001">
    </testcase>
    <testcase classname="authSlice Synchronous Actions should handle clearError" name="authSlice Synchronous Actions should handle clearError" time="0.001">
    </testcase>
    <testcase classname="authSlice Synchronous Actions should handle updateUserProfile" name="authSlice Synchronous Actions should handle updateUserProfile" time="0.001">
    </testcase>
    <testcase classname="authSlice Synchronous Actions should handle resetAuthState" name="authSlice Synchronous Actions should handle resetAuthState" time="0">
    </testcase>
    <testcase classname="authSlice Async Thunks should handle loadUserProfile.fulfilled" name="authSlice Async Thunks should handle loadUserProfile.fulfilled" time="0.001">
    </testcase>
    <testcase classname="authSlice Async Thunks should handle loadUserProfile.rejected" name="authSlice Async Thunks should handle loadUserProfile.rejected" time="0.001">
    </testcase>
    <testcase classname="authSlice Async Thunks should handle saveUserProfile.fulfilled" name="authSlice Async Thunks should handle saveUserProfile.fulfilled" time="0">
    </testcase>
    <testcase classname="authSlice Async Thunks should handle restoreAuthState.fulfilled" name="authSlice Async Thunks should handle restoreAuthState.fulfilled" time="0">
    </testcase>
    <testcase classname="authSlice Async Thunks should handle restoreAuthState.rejected" name="authSlice Async Thunks should handle restoreAuthState.rejected" time="0.001">
    </testcase>
    <testcase classname="authSlice AsyncStorage Integration should save and restore auth state from AsyncStorage" name="authSlice AsyncStorage Integration should save and restore auth state from AsyncStorage" time="0.003">
    </testcase>
    <testcase classname="authSlice AsyncStorage Integration should handle empty AsyncStorage" name="authSlice AsyncStorage Integration should handle empty AsyncStorage" time="0.001">
    </testcase>
    <testcase classname="authSlice AsyncStorage Integration should persist tokens to AsyncStorage" name="authSlice AsyncStorage Integration should persist tokens to AsyncStorage" time="0.002">
    </testcase>
    <testcase classname="authSlice AsyncStorage Integration should persist auth state to AsyncStorage" name="authSlice AsyncStorage Integration should persist auth state to AsyncStorage" time="0.001">
    </testcase>
    <testcase classname="authSlice AsyncStorage Integration should clear auth state from AsyncStorage on logout" name="authSlice AsyncStorage Integration should clear auth state from AsyncStorage on logout" time="0">
    </testcase>
    <testcase classname="authSlice Error Handling should handle AsyncStorage errors gracefully" name="authSlice Error Handling should handle AsyncStorage errors gracefully" time="0.001">
    </testcase>
    <testcase classname="authSlice Error Handling should handle token persistence errors" name="authSlice Error Handling should handle token persistence errors" time="0.016">
    </testcase>
    <testcase classname="authSlice State Consistency should maintain consistent state across multiple actions" name="authSlice State Consistency should maintain consistent state across multiple actions" time="0.001">
    </testcase>
    <testcase classname="authSlice State Consistency should properly reset state on logout" name="authSlice State Consistency should properly reset state on logout" time="0.001">
    </testcase>
  </testsuite>
  <testsuite name="Social Authentication Utils" errors="0" failures="9" skipped="0" timestamp="2025-07-25T00:45:38" time="0.45" tests="9">
    <testcase classname="Social Authentication Utils Module Loading should load without throwing errors" name="Social Authentication Utils Module Loading should load without throwing errors" time="0.041">
      <failure>Error: expect(received).not.toThrow()

Error name:    &quot;SyntaxError&quot;
Error message: &quot;Cannot use import statement outside a module&quot;

      1 | import { GoogleSignin } from &apos;@react-native-google-signin/google-signin&apos;;
    &gt; 2 | import * as WebBrowser from &apos;expo-web-browser&apos;;
        | ^
      3 | import { GoogleAuthProvider, linkWithCredential, OAuthProvider, signInWithCredential, User } from &apos;firebase/auth&apos;;
      4 | import { Platform } from &apos;react-native&apos;;
      5 | import { auth } from &apos;../firebase&apos;;

      at Runtime.createScriptFromCode (node_modules/jest-runtime/build/index.js:1316:40)
      at Object.require (utils/socialAuth.ts:2:1)
      at require (__tests__/socialAuth.test.ts:23:9)
      at Object.&lt;anonymous&gt; (node_modules/expect/build/index.js:1824:9)
      at Object.throwingMatcher [as toThrow] (node_modules/expect/build/index.js:2235:93)
      at Object.toThrow (__tests__/socialAuth.test.ts:24:14)
    at Object.toThrow (/Users/cash/github/GetMaximumFitIosApp/__tests__/socialAuth.test.ts:24:14)
    at Promise.finally.completed (/Users/cash/github/GetMaximumFitIosApp/node_modules/jest-circus/build/jestAdapterInit.js:1559:28)
    at new Promise (&lt;anonymous&gt;)
    at callAsyncCircusFn (/Users/cash/github/GetMaximumFitIosApp/node_modules/jest-circus/build/jestAdapterInit.js:1499:10)
    at _callCircusTest (/Users/cash/github/GetMaximumFitIosApp/node_modules/jest-circus/build/jestAdapterInit.js:1009:40)
    at processTicksAndRejections (node:internal/process/task_queues:105:5)
    at _runTest (/Users/cash/github/GetMaximumFitIosApp/node_modules/jest-circus/build/jestAdapterInit.js:949:3)
    at _runTestsForDescribeBlock (/Users/cash/github/GetMaximumFitIosApp/node_modules/jest-circus/build/jestAdapterInit.js:839:13)
    at _runTestsForDescribeBlock (/Users/cash/github/GetMaximumFitIosApp/node_modules/jest-circus/build/jestAdapterInit.js:829:11)
    at _runTestsForDescribeBlock (/Users/cash/github/GetMaximumFitIosApp/node_modules/jest-circus/build/jestAdapterInit.js:829:11)
    at run (/Users/cash/github/GetMaximumFitIosApp/node_modules/jest-circus/build/jestAdapterInit.js:757:3)
    at runAndTransformResultsToJestFormat (/Users/cash/github/GetMaximumFitIosApp/node_modules/jest-circus/build/jestAdapterInit.js:1920:21)
    at jestAdapter (/Users/cash/github/GetMaximumFitIosApp/node_modules/jest-circus/build/runner.js:101:19)
    at runTestInternal (/Users/cash/github/GetMaximumFitIosApp/node_modules/jest-runner/build/testWorker.js:275:16)
    at runTest (/Users/cash/github/GetMaximumFitIosApp/node_modules/jest-runner/build/testWorker.js:343:7)
    at Object.worker (/Users/cash/github/GetMaximumFitIosApp/node_modules/jest-runner/build/testWorker.js:497:12)</failure>
    </testcase>
    <testcase classname="Social Authentication Utils Google Sign In should handle successful Google sign in" name="Social Authentication Utils Google Sign In should handle successful Google sign in" time="0.005">
      <failure>TypeError: Cannot read properties of undefined (reading &apos;OS&apos;)
    at Object.OS (/Users/cash/github/GetMaximumFitIosApp/utils/socialAuth.ts:10:14)
    at Runtime._execModule (/Users/cash/github/GetMaximumFitIosApp/node_modules/jest-runtime/build/index.js:1266:24)
    at Runtime._loadModule (/Users/cash/github/GetMaximumFitIosApp/node_modules/jest-runtime/build/index.js:942:12)
    at Runtime.requireModule (/Users/cash/github/GetMaximumFitIosApp/node_modules/jest-runtime/build/index.js:830:12)
    at Runtime.requireModuleOrMock (/Users/cash/github/GetMaximumFitIosApp/node_modules/jest-runtime/build/index.js:962:21)
    at Object.require (/Users/cash/github/GetMaximumFitIosApp/__tests__/socialAuth.test.ts:45:36)
    at Generator.next (&lt;anonymous&gt;)
    at asyncGeneratorStep (/Users/cash/github/GetMaximumFitIosApp/node_modules/@babel/runtime/helpers/asyncToGenerator.js:3:17)
    at _next (/Users/cash/github/GetMaximumFitIosApp/node_modules/@babel/runtime/helpers/asyncToGenerator.js:17:9)
    at /Users/cash/github/GetMaximumFitIosApp/node_modules/@babel/runtime/helpers/asyncToGenerator.js:22:7
    at new Promise (&lt;anonymous&gt;)
    at Object.&lt;anonymous&gt; (/Users/cash/github/GetMaximumFitIosApp/node_modules/@babel/runtime/helpers/asyncToGenerator.js:14:12)
    at Promise.finally.completed (/Users/cash/github/GetMaximumFitIosApp/node_modules/jest-circus/build/jestAdapterInit.js:1559:28)
    at new Promise (&lt;anonymous&gt;)
    at callAsyncCircusFn (/Users/cash/github/GetMaximumFitIosApp/node_modules/jest-circus/build/jestAdapterInit.js:1499:10)
    at _callCircusTest (/Users/cash/github/GetMaximumFitIosApp/node_modules/jest-circus/build/jestAdapterInit.js:1009:40)
    at processTicksAndRejections (node:internal/process/task_queues:105:5)
    at _runTest (/Users/cash/github/GetMaximumFitIosApp/node_modules/jest-circus/build/jestAdapterInit.js:949:3)
    at _runTestsForDescribeBlock (/Users/cash/github/GetMaximumFitIosApp/node_modules/jest-circus/build/jestAdapterInit.js:839:13)
    at _runTestsForDescribeBlock (/Users/cash/github/GetMaximumFitIosApp/node_modules/jest-circus/build/jestAdapterInit.js:829:11)
    at _runTestsForDescribeBlock (/Users/cash/github/GetMaximumFitIosApp/node_modules/jest-circus/build/jestAdapterInit.js:829:11)
    at run (/Users/cash/github/GetMaximumFitIosApp/node_modules/jest-circus/build/jestAdapterInit.js:757:3)
    at runAndTransformResultsToJestFormat (/Users/cash/github/GetMaximumFitIosApp/node_modules/jest-circus/build/jestAdapterInit.js:1920:21)
    at jestAdapter (/Users/cash/github/GetMaximumFitIosApp/node_modules/jest-circus/build/runner.js:101:19)
    at runTestInternal (/Users/cash/github/GetMaximumFitIosApp/node_modules/jest-runner/build/testWorker.js:275:16)
    at runTest (/Users/cash/github/GetMaximumFitIosApp/node_modules/jest-runner/build/testWorker.js:343:7)
    at Object.worker (/Users/cash/github/GetMaximumFitIosApp/node_modules/jest-runner/build/testWorker.js:497:12)</failure>
    </testcase>
    <testcase classname="Social Authentication Utils Google Sign In should handle Google sign in errors" name="Social Authentication Utils Google Sign In should handle Google sign in errors" time="0.001">
      <failure>TypeError: Cannot read properties of undefined (reading &apos;OS&apos;)
    at Object.OS (/Users/cash/github/GetMaximumFitIosApp/utils/socialAuth.ts:10:14)
    at Runtime._execModule (/Users/cash/github/GetMaximumFitIosApp/node_modules/jest-runtime/build/index.js:1266:24)
    at Runtime._loadModule (/Users/cash/github/GetMaximumFitIosApp/node_modules/jest-runtime/build/index.js:942:12)
    at Runtime.requireModule (/Users/cash/github/GetMaximumFitIosApp/node_modules/jest-runtime/build/index.js:830:12)
    at Runtime.requireModuleOrMock (/Users/cash/github/GetMaximumFitIosApp/node_modules/jest-runtime/build/index.js:962:21)
    at Object.require (/Users/cash/github/GetMaximumFitIosApp/__tests__/socialAuth.test.ts:57:36)
    at Generator.next (&lt;anonymous&gt;)
    at asyncGeneratorStep (/Users/cash/github/GetMaximumFitIosApp/node_modules/@babel/runtime/helpers/asyncToGenerator.js:3:17)
    at _next (/Users/cash/github/GetMaximumFitIosApp/node_modules/@babel/runtime/helpers/asyncToGenerator.js:17:9)
    at /Users/cash/github/GetMaximumFitIosApp/node_modules/@babel/runtime/helpers/asyncToGenerator.js:22:7
    at new Promise (&lt;anonymous&gt;)
    at Object.&lt;anonymous&gt; (/Users/cash/github/GetMaximumFitIosApp/node_modules/@babel/runtime/helpers/asyncToGenerator.js:14:12)
    at Promise.finally.completed (/Users/cash/github/GetMaximumFitIosApp/node_modules/jest-circus/build/jestAdapterInit.js:1559:28)
    at new Promise (&lt;anonymous&gt;)
    at callAsyncCircusFn (/Users/cash/github/GetMaximumFitIosApp/node_modules/jest-circus/build/jestAdapterInit.js:1499:10)
    at _callCircusTest (/Users/cash/github/GetMaximumFitIosApp/node_modules/jest-circus/build/jestAdapterInit.js:1009:40)
    at processTicksAndRejections (node:internal/process/task_queues:105:5)
    at _runTest (/Users/cash/github/GetMaximumFitIosApp/node_modules/jest-circus/build/jestAdapterInit.js:949:3)
    at _runTestsForDescribeBlock (/Users/cash/github/GetMaximumFitIosApp/node_modules/jest-circus/build/jestAdapterInit.js:839:13)
    at _runTestsForDescribeBlock (/Users/cash/github/GetMaximumFitIosApp/node_modules/jest-circus/build/jestAdapterInit.js:829:11)
    at _runTestsForDescribeBlock (/Users/cash/github/GetMaximumFitIosApp/node_modules/jest-circus/build/jestAdapterInit.js:829:11)
    at run (/Users/cash/github/GetMaximumFitIosApp/node_modules/jest-circus/build/jestAdapterInit.js:757:3)
    at runAndTransformResultsToJestFormat (/Users/cash/github/GetMaximumFitIosApp/node_modules/jest-circus/build/jestAdapterInit.js:1920:21)
    at jestAdapter (/Users/cash/github/GetMaximumFitIosApp/node_modules/jest-circus/build/runner.js:101:19)
    at runTestInternal (/Users/cash/github/GetMaximumFitIosApp/node_modules/jest-runner/build/testWorker.js:275:16)
    at runTest (/Users/cash/github/GetMaximumFitIosApp/node_modules/jest-runner/build/testWorker.js:343:7)
    at Object.worker (/Users/cash/github/GetMaximumFitIosApp/node_modules/jest-runner/build/testWorker.js:497:12)</failure>
    </testcase>
    <testcase classname="Social Authentication Utils Apple Sign In should check Apple availability" name="Social Authentication Utils Apple Sign In should check Apple availability" time="0">
      <failure>Jest encountered an unexpected token

Jest failed to parse a file. This happens e.g. when your code or its dependencies use non-standard JavaScript syntax, or when Jest is not configured to support such syntax.

Out of the box Jest supports Babel, which will be used to transform your files into valid JS based on your Babel configuration.

By default &quot;node_modules&quot; folder is ignored by transformers.

Here&apos;s what you can do:
 • If you are trying to use ECMAScript Modules, see https://jestjs.io/docs/ecmascript-modules for how to enable it.
 • If you are trying to use TypeScript, see https://jestjs.io/docs/getting-started#using-typescript
 • To have some of your &quot;node_modules&quot; files transformed, you can specify a custom &quot;transformIgnorePatterns&quot; in your config.
 • If you need a custom transformation, specify a &quot;transform&quot; option in your config.
 • If you simply want to mock your non-JS modules (e.g. binary assets) you can stub them out with the &quot;moduleNameMapper&quot; config option.

You&apos;ll find more details and examples of these config options in the docs:
https://jestjs.io/docs/configuration
For information about custom transformations, see:
https://jestjs.io/docs/code-transformation

Details:

/Users/cash/github/GetMaximumFitIosApp/node_modules/expo-apple-authentication/build/index.js:1
export * from &apos;./AppleAuthentication&apos;;
^^^^^^

SyntaxError: Unexpected token &apos;export&apos;
    at internalCompileFunction (node:internal/vm:137:18)
    at compileFunction (node:vm:365:10)
    at Runtime.createScriptFromCode (/Users/cash/github/GetMaximumFitIosApp/node_modules/jest-runtime/build/index.js:1316:40)
    at Runtime._execModule (/Users/cash/github/GetMaximumFitIosApp/node_modules/jest-runtime/build/index.js:1242:35)
    at Runtime._loadModule (/Users/cash/github/GetMaximumFitIosApp/node_modules/jest-runtime/build/index.js:942:12)
    at Runtime.requireModule (/Users/cash/github/GetMaximumFitIosApp/node_modules/jest-runtime/build/index.js:830:12)
    at Runtime._generateMock (/Users/cash/github/GetMaximumFitIosApp/node_modules/jest-runtime/build/index.js:1461:34)
    at Runtime.requireMock (/Users/cash/github/GetMaximumFitIosApp/node_modules/jest-runtime/build/index.js:928:39)
    at Runtime.requireModuleOrMock (/Users/cash/github/GetMaximumFitIosApp/node_modules/jest-runtime/build/index.js:960:21)
    at Object.require (/Users/cash/github/GetMaximumFitIosApp/__tests__/socialAuth.test.ts:64:35)
    at Generator.next (&lt;anonymous&gt;)
    at asyncGeneratorStep (/Users/cash/github/GetMaximumFitIosApp/node_modules/@babel/runtime/helpers/asyncToGenerator.js:3:17)
    at _next (/Users/cash/github/GetMaximumFitIosApp/node_modules/@babel/runtime/helpers/asyncToGenerator.js:17:9)
    at /Users/cash/github/GetMaximumFitIosApp/node_modules/@babel/runtime/helpers/asyncToGenerator.js:22:7
    at new Promise (&lt;anonymous&gt;)
    at Object.&lt;anonymous&gt; (/Users/cash/github/GetMaximumFitIosApp/node_modules/@babel/runtime/helpers/asyncToGenerator.js:14:12)
    at Promise.finally.completed (/Users/cash/github/GetMaximumFitIosApp/node_modules/jest-circus/build/jestAdapterInit.js:1559:28)
    at new Promise (&lt;anonymous&gt;)
    at callAsyncCircusFn (/Users/cash/github/GetMaximumFitIosApp/node_modules/jest-circus/build/jestAdapterInit.js:1499:10)
    at _callCircusTest (/Users/cash/github/GetMaximumFitIosApp/node_modules/jest-circus/build/jestAdapterInit.js:1009:40)
    at processTicksAndRejections (node:internal/process/task_queues:105:5)
    at _runTest (/Users/cash/github/GetMaximumFitIosApp/node_modules/jest-circus/build/jestAdapterInit.js:949:3)
    at _runTestsForDescribeBlock (/Users/cash/github/GetMaximumFitIosApp/node_modules/jest-circus/build/jestAdapterInit.js:839:13)
    at _runTestsForDescribeBlock (/Users/cash/github/GetMaximumFitIosApp/node_modules/jest-circus/build/jestAdapterInit.js:829:11)
    at _runTestsForDescribeBlock (/Users/cash/github/GetMaximumFitIosApp/node_modules/jest-circus/build/jestAdapterInit.js:829:11)
    at run (/Users/cash/github/GetMaximumFitIosApp/node_modules/jest-circus/build/jestAdapterInit.js:757:3)
    at runAndTransformResultsToJestFormat (/Users/cash/github/GetMaximumFitIosApp/node_modules/jest-circus/build/jestAdapterInit.js:1920:21)
    at jestAdapter (/Users/cash/github/GetMaximumFitIosApp/node_modules/jest-circus/build/runner.js:101:19)
    at runTestInternal (/Users/cash/github/GetMaximumFitIosApp/node_modules/jest-runner/build/testWorker.js:275:16)
    at runTest (/Users/cash/github/GetMaximumFitIosApp/node_modules/jest-runner/build/testWorker.js:343:7)
    at Object.worker (/Users/cash/github/GetMaximumFitIosApp/node_modules/jest-runner/build/testWorker.js:497:12)</failure>
    </testcase>
    <testcase classname="Social Authentication Utils Apple Sign In should handle successful Apple sign in" name="Social Authentication Utils Apple Sign In should handle successful Apple sign in" time="0">
      <failure>TypeError: Cannot read properties of undefined (reading &apos;mockResolvedValue&apos;)
    at Object.mockResolvedValue (/Users/cash/github/GetMaximumFitIosApp/__tests__/socialAuth.test.ts:77:44)
    at Generator.next (&lt;anonymous&gt;)
    at asyncGeneratorStep (/Users/cash/github/GetMaximumFitIosApp/node_modules/@babel/runtime/helpers/asyncToGenerator.js:3:17)
    at _next (/Users/cash/github/GetMaximumFitIosApp/node_modules/@babel/runtime/helpers/asyncToGenerator.js:17:9)
    at /Users/cash/github/GetMaximumFitIosApp/node_modules/@babel/runtime/helpers/asyncToGenerator.js:22:7
    at new Promise (&lt;anonymous&gt;)
    at Object.&lt;anonymous&gt; (/Users/cash/github/GetMaximumFitIosApp/node_modules/@babel/runtime/helpers/asyncToGenerator.js:14:12)
    at Promise.finally.completed (/Users/cash/github/GetMaximumFitIosApp/node_modules/jest-circus/build/jestAdapterInit.js:1559:28)
    at new Promise (&lt;anonymous&gt;)
    at callAsyncCircusFn (/Users/cash/github/GetMaximumFitIosApp/node_modules/jest-circus/build/jestAdapterInit.js:1499:10)
    at _callCircusTest (/Users/cash/github/GetMaximumFitIosApp/node_modules/jest-circus/build/jestAdapterInit.js:1009:40)
    at processTicksAndRejections (node:internal/process/task_queues:105:5)
    at _runTest (/Users/cash/github/GetMaximumFitIosApp/node_modules/jest-circus/build/jestAdapterInit.js:949:3)
    at _runTestsForDescribeBlock (/Users/cash/github/GetMaximumFitIosApp/node_modules/jest-circus/build/jestAdapterInit.js:839:13)
    at _runTestsForDescribeBlock (/Users/cash/github/GetMaximumFitIosApp/node_modules/jest-circus/build/jestAdapterInit.js:829:11)
    at _runTestsForDescribeBlock (/Users/cash/github/GetMaximumFitIosApp/node_modules/jest-circus/build/jestAdapterInit.js:829:11)
    at run (/Users/cash/github/GetMaximumFitIosApp/node_modules/jest-circus/build/jestAdapterInit.js:757:3)
    at runAndTransformResultsToJestFormat (/Users/cash/github/GetMaximumFitIosApp/node_modules/jest-circus/build/jestAdapterInit.js:1920:21)
    at jestAdapter (/Users/cash/github/GetMaximumFitIosApp/node_modules/jest-circus/build/runner.js:101:19)
    at runTestInternal (/Users/cash/github/GetMaximumFitIosApp/node_modules/jest-runner/build/testWorker.js:275:16)
    at runTest (/Users/cash/github/GetMaximumFitIosApp/node_modules/jest-runner/build/testWorker.js:343:7)
    at Object.worker (/Users/cash/github/GetMaximumFitIosApp/node_modules/jest-runner/build/testWorker.js:497:12)</failure>
    </testcase>
    <testcase classname="Social Authentication Utils Error Handling should handle network errors gracefully" name="Social Authentication Utils Error Handling should handle network errors gracefully" time="0.001">
      <failure>TypeError: Cannot read properties of undefined (reading &apos;OS&apos;)
    at Object.OS (/Users/cash/github/GetMaximumFitIosApp/utils/socialAuth.ts:10:14)
    at Runtime._execModule (/Users/cash/github/GetMaximumFitIosApp/node_modules/jest-runtime/build/index.js:1266:24)
    at Runtime._loadModule (/Users/cash/github/GetMaximumFitIosApp/node_modules/jest-runtime/build/index.js:942:12)
    at Runtime.requireModule (/Users/cash/github/GetMaximumFitIosApp/node_modules/jest-runtime/build/index.js:830:12)
    at Runtime.requireModuleOrMock (/Users/cash/github/GetMaximumFitIosApp/node_modules/jest-runtime/build/index.js:962:21)
    at Object.require (/Users/cash/github/GetMaximumFitIosApp/__tests__/socialAuth.test.ts:101:36)
    at Generator.next (&lt;anonymous&gt;)
    at asyncGeneratorStep (/Users/cash/github/GetMaximumFitIosApp/node_modules/@babel/runtime/helpers/asyncToGenerator.js:3:17)
    at _next (/Users/cash/github/GetMaximumFitIosApp/node_modules/@babel/runtime/helpers/asyncToGenerator.js:17:9)
    at /Users/cash/github/GetMaximumFitIosApp/node_modules/@babel/runtime/helpers/asyncToGenerator.js:22:7
    at new Promise (&lt;anonymous&gt;)
    at Object.&lt;anonymous&gt; (/Users/cash/github/GetMaximumFitIosApp/node_modules/@babel/runtime/helpers/asyncToGenerator.js:14:12)
    at Promise.finally.completed (/Users/cash/github/GetMaximumFitIosApp/node_modules/jest-circus/build/jestAdapterInit.js:1559:28)
    at new Promise (&lt;anonymous&gt;)
    at callAsyncCircusFn (/Users/cash/github/GetMaximumFitIosApp/node_modules/jest-circus/build/jestAdapterInit.js:1499:10)
    at _callCircusTest (/Users/cash/github/GetMaximumFitIosApp/node_modules/jest-circus/build/jestAdapterInit.js:1009:40)
    at processTicksAndRejections (node:internal/process/task_queues:105:5)
    at _runTest (/Users/cash/github/GetMaximumFitIosApp/node_modules/jest-circus/build/jestAdapterInit.js:949:3)
    at _runTestsForDescribeBlock (/Users/cash/github/GetMaximumFitIosApp/node_modules/jest-circus/build/jestAdapterInit.js:839:13)
    at _runTestsForDescribeBlock (/Users/cash/github/GetMaximumFitIosApp/node_modules/jest-circus/build/jestAdapterInit.js:829:11)
    at _runTestsForDescribeBlock (/Users/cash/github/GetMaximumFitIosApp/node_modules/jest-circus/build/jestAdapterInit.js:829:11)
    at run (/Users/cash/github/GetMaximumFitIosApp/node_modules/jest-circus/build/jestAdapterInit.js:757:3)
    at runAndTransformResultsToJestFormat (/Users/cash/github/GetMaximumFitIosApp/node_modules/jest-circus/build/jestAdapterInit.js:1920:21)
    at jestAdapter (/Users/cash/github/GetMaximumFitIosApp/node_modules/jest-circus/build/runner.js:101:19)
    at runTestInternal (/Users/cash/github/GetMaximumFitIosApp/node_modules/jest-runner/build/testWorker.js:275:16)
    at runTest (/Users/cash/github/GetMaximumFitIosApp/node_modules/jest-runner/build/testWorker.js:343:7)
    at Object.worker (/Users/cash/github/GetMaximumFitIosApp/node_modules/jest-runner/build/testWorker.js:497:12)</failure>
    </testcase>
    <testcase classname="Social Authentication Utils Error Handling should handle missing tokens" name="Social Authentication Utils Error Handling should handle missing tokens" time="0.001">
      <failure>TypeError: Cannot read properties of undefined (reading &apos;OS&apos;)
    at Object.OS (/Users/cash/github/GetMaximumFitIosApp/utils/socialAuth.ts:10:14)
    at Runtime._execModule (/Users/cash/github/GetMaximumFitIosApp/node_modules/jest-runtime/build/index.js:1266:24)
    at Runtime._loadModule (/Users/cash/github/GetMaximumFitIosApp/node_modules/jest-runtime/build/index.js:942:12)
    at Runtime.requireModule (/Users/cash/github/GetMaximumFitIosApp/node_modules/jest-runtime/build/index.js:830:12)
    at Runtime.requireModuleOrMock (/Users/cash/github/GetMaximumFitIosApp/node_modules/jest-runtime/build/index.js:962:21)
    at Object.require (/Users/cash/github/GetMaximumFitIosApp/__tests__/socialAuth.test.ts:113:36)
    at Generator.next (&lt;anonymous&gt;)
    at asyncGeneratorStep (/Users/cash/github/GetMaximumFitIosApp/node_modules/@babel/runtime/helpers/asyncToGenerator.js:3:17)
    at _next (/Users/cash/github/GetMaximumFitIosApp/node_modules/@babel/runtime/helpers/asyncToGenerator.js:17:9)
    at /Users/cash/github/GetMaximumFitIosApp/node_modules/@babel/runtime/helpers/asyncToGenerator.js:22:7
    at new Promise (&lt;anonymous&gt;)
    at Object.&lt;anonymous&gt; (/Users/cash/github/GetMaximumFitIosApp/node_modules/@babel/runtime/helpers/asyncToGenerator.js:14:12)
    at Promise.finally.completed (/Users/cash/github/GetMaximumFitIosApp/node_modules/jest-circus/build/jestAdapterInit.js:1559:28)
    at new Promise (&lt;anonymous&gt;)
    at callAsyncCircusFn (/Users/cash/github/GetMaximumFitIosApp/node_modules/jest-circus/build/jestAdapterInit.js:1499:10)
    at _callCircusTest (/Users/cash/github/GetMaximumFitIosApp/node_modules/jest-circus/build/jestAdapterInit.js:1009:40)
    at processTicksAndRejections (node:internal/process/task_queues:105:5)
    at _runTest (/Users/cash/github/GetMaximumFitIosApp/node_modules/jest-circus/build/jestAdapterInit.js:949:3)
    at _runTestsForDescribeBlock (/Users/cash/github/GetMaximumFitIosApp/node_modules/jest-circus/build/jestAdapterInit.js:839:13)
    at _runTestsForDescribeBlock (/Users/cash/github/GetMaximumFitIosApp/node_modules/jest-circus/build/jestAdapterInit.js:829:11)
    at _runTestsForDescribeBlock (/Users/cash/github/GetMaximumFitIosApp/node_modules/jest-circus/build/jestAdapterInit.js:829:11)
    at run (/Users/cash/github/GetMaximumFitIosApp/node_modules/jest-circus/build/jestAdapterInit.js:757:3)
    at runAndTransformResultsToJestFormat (/Users/cash/github/GetMaximumFitIosApp/node_modules/jest-circus/build/jestAdapterInit.js:1920:21)
    at jestAdapter (/Users/cash/github/GetMaximumFitIosApp/node_modules/jest-circus/build/runner.js:101:19)
    at runTestInternal (/Users/cash/github/GetMaximumFitIosApp/node_modules/jest-runner/build/testWorker.js:275:16)
    at runTest (/Users/cash/github/GetMaximumFitIosApp/node_modules/jest-runner/build/testWorker.js:343:7)
    at Object.worker (/Users/cash/github/GetMaximumFitIosApp/node_modules/jest-runner/build/testWorker.js:497:12)</failure>
    </testcase>
    <testcase classname="Social Authentication Utils Token Persistence should save tokens to AsyncStorage" name="Social Authentication Utils Token Persistence should save tokens to AsyncStorage" time="0.007">
      <failure>TypeError: Cannot read properties of undefined (reading &apos;OS&apos;)
    at Object.OS (/Users/cash/github/GetMaximumFitIosApp/utils/socialAuth.ts:10:14)
    at Runtime._execModule (/Users/cash/github/GetMaximumFitIosApp/node_modules/jest-runtime/build/index.js:1266:24)
    at Runtime._loadModule (/Users/cash/github/GetMaximumFitIosApp/node_modules/jest-runtime/build/index.js:942:12)
    at Runtime.requireModule (/Users/cash/github/GetMaximumFitIosApp/node_modules/jest-runtime/build/index.js:830:12)
    at Runtime.requireModuleOrMock (/Users/cash/github/GetMaximumFitIosApp/node_modules/jest-runtime/build/index.js:962:21)
    at Object.require (/Users/cash/github/GetMaximumFitIosApp/__tests__/socialAuth.test.ts:139:36)
    at Generator.next (&lt;anonymous&gt;)
    at asyncGeneratorStep (/Users/cash/github/GetMaximumFitIosApp/node_modules/@babel/runtime/helpers/asyncToGenerator.js:3:17)
    at _next (/Users/cash/github/GetMaximumFitIosApp/node_modules/@babel/runtime/helpers/asyncToGenerator.js:17:9)
    at /Users/cash/github/GetMaximumFitIosApp/node_modules/@babel/runtime/helpers/asyncToGenerator.js:22:7
    at new Promise (&lt;anonymous&gt;)
    at Object.&lt;anonymous&gt; (/Users/cash/github/GetMaximumFitIosApp/node_modules/@babel/runtime/helpers/asyncToGenerator.js:14:12)
    at Promise.finally.completed (/Users/cash/github/GetMaximumFitIosApp/node_modules/jest-circus/build/jestAdapterInit.js:1559:28)
    at new Promise (&lt;anonymous&gt;)
    at callAsyncCircusFn (/Users/cash/github/GetMaximumFitIosApp/node_modules/jest-circus/build/jestAdapterInit.js:1499:10)
    at _callCircusTest (/Users/cash/github/GetMaximumFitIosApp/node_modules/jest-circus/build/jestAdapterInit.js:1009:40)
    at processTicksAndRejections (node:internal/process/task_queues:105:5)
    at _runTest (/Users/cash/github/GetMaximumFitIosApp/node_modules/jest-circus/build/jestAdapterInit.js:949:3)
    at _runTestsForDescribeBlock (/Users/cash/github/GetMaximumFitIosApp/node_modules/jest-circus/build/jestAdapterInit.js:839:13)
    at _runTestsForDescribeBlock (/Users/cash/github/GetMaximumFitIosApp/node_modules/jest-circus/build/jestAdapterInit.js:829:11)
    at _runTestsForDescribeBlock (/Users/cash/github/GetMaximumFitIosApp/node_modules/jest-circus/build/jestAdapterInit.js:829:11)
    at run (/Users/cash/github/GetMaximumFitIosApp/node_modules/jest-circus/build/jestAdapterInit.js:757:3)
    at runAndTransformResultsToJestFormat (/Users/cash/github/GetMaximumFitIosApp/node_modules/jest-circus/build/jestAdapterInit.js:1920:21)
    at jestAdapter (/Users/cash/github/GetMaximumFitIosApp/node_modules/jest-circus/build/runner.js:101:19)
    at runTestInternal (/Users/cash/github/GetMaximumFitIosApp/node_modules/jest-runner/build/testWorker.js:275:16)
    at runTest (/Users/cash/github/GetMaximumFitIosApp/node_modules/jest-runner/build/testWorker.js:343:7)
    at Object.worker (/Users/cash/github/GetMaximumFitIosApp/node_modules/jest-runner/build/testWorker.js:497:12)</failure>
    </testcase>
    <testcase classname="Social Authentication Utils Token Persistence should handle storage errors gracefully" name="Social Authentication Utils Token Persistence should handle storage errors gracefully" time="0.002">
      <failure>TypeError: Cannot read properties of undefined (reading &apos;OS&apos;)
    at Object.OS (/Users/cash/github/GetMaximumFitIosApp/utils/socialAuth.ts:10:14)
    at Runtime._execModule (/Users/cash/github/GetMaximumFitIosApp/node_modules/jest-runtime/build/index.js:1266:24)
    at Runtime._loadModule (/Users/cash/github/GetMaximumFitIosApp/node_modules/jest-runtime/build/index.js:942:12)
    at Runtime.requireModule (/Users/cash/github/GetMaximumFitIosApp/node_modules/jest-runtime/build/index.js:830:12)
    at Runtime.requireModuleOrMock (/Users/cash/github/GetMaximumFitIosApp/node_modules/jest-runtime/build/index.js:962:21)
    at Object.require (/Users/cash/github/GetMaximumFitIosApp/__tests__/socialAuth.test.ts:167:36)
    at Generator.next (&lt;anonymous&gt;)
    at asyncGeneratorStep (/Users/cash/github/GetMaximumFitIosApp/node_modules/@babel/runtime/helpers/asyncToGenerator.js:3:17)
    at _next (/Users/cash/github/GetMaximumFitIosApp/node_modules/@babel/runtime/helpers/asyncToGenerator.js:17:9)
    at /Users/cash/github/GetMaximumFitIosApp/node_modules/@babel/runtime/helpers/asyncToGenerator.js:22:7
    at new Promise (&lt;anonymous&gt;)
    at Object.&lt;anonymous&gt; (/Users/cash/github/GetMaximumFitIosApp/node_modules/@babel/runtime/helpers/asyncToGenerator.js:14:12)
    at Promise.finally.completed (/Users/cash/github/GetMaximumFitIosApp/node_modules/jest-circus/build/jestAdapterInit.js:1559:28)
    at new Promise (&lt;anonymous&gt;)
    at callAsyncCircusFn (/Users/cash/github/GetMaximumFitIosApp/node_modules/jest-circus/build/jestAdapterInit.js:1499:10)
    at _callCircusTest (/Users/cash/github/GetMaximumFitIosApp/node_modules/jest-circus/build/jestAdapterInit.js:1009:40)
    at processTicksAndRejections (node:internal/process/task_queues:105:5)
    at _runTest (/Users/cash/github/GetMaximumFitIosApp/node_modules/jest-circus/build/jestAdapterInit.js:949:3)
    at _runTestsForDescribeBlock (/Users/cash/github/GetMaximumFitIosApp/node_modules/jest-circus/build/jestAdapterInit.js:839:13)
    at _runTestsForDescribeBlock (/Users/cash/github/GetMaximumFitIosApp/node_modules/jest-circus/build/jestAdapterInit.js:829:11)
    at _runTestsForDescribeBlock (/Users/cash/github/GetMaximumFitIosApp/node_modules/jest-circus/build/jestAdapterInit.js:829:11)
    at run (/Users/cash/github/GetMaximumFitIosApp/node_modules/jest-circus/build/jestAdapterInit.js:757:3)
    at runAndTransformResultsToJestFormat (/Users/cash/github/GetMaximumFitIosApp/node_modules/jest-circus/build/jestAdapterInit.js:1920:21)
    at jestAdapter (/Users/cash/github/GetMaximumFitIosApp/node_modules/jest-circus/build/runner.js:101:19)
    at runTestInternal (/Users/cash/github/GetMaximumFitIosApp/node_modules/jest-runner/build/testWorker.js:275:16)
    at runTest (/Users/cash/github/GetMaximumFitIosApp/node_modules/jest-runner/build/testWorker.js:343:7)
    at Object.worker (/Users/cash/github/GetMaximumFitIosApp/node_modules/jest-runner/build/testWorker.js:497:12)</failure>
    </testcase>
  </testsuite>
  <testsuite name="useAuth Hook" errors="0" failures="0" skipped="0" timestamp="2025-07-25T00:45:38" time="0.172" tests="14">
    <testcase classname="useAuth Hook State Access should return initial auth state" name="useAuth Hook State Access should return initial auth state" time="0.014">
    </testcase>
    <testcase classname="useAuth Hook State Access should return authenticated user state" name="useAuth Hook State Access should return authenticated user state" time="0.001">
    </testcase>
    <testcase classname="useAuth Hook State Access should return error state" name="useAuth Hook State Access should return error state" time="0.001">
    </testcase>
    <testcase classname="useAuth Hook Actions should call firebaseAuthService.signOut on signOut" name="useAuth Hook Actions should call firebaseAuthService.signOut on signOut" time="0.003">
    </testcase>
    <testcase classname="useAuth Hook Actions should fallback to Redux reset on signOut error" name="useAuth Hook Actions should fallback to Redux reset on signOut error" time="0.007">
    </testcase>
    <testcase classname="useAuth Hook Actions should refresh user profile when user exists" name="useAuth Hook Actions should refresh user profile when user exists" time="0.016">
    </testcase>
    <testcase classname="useAuth Hook Actions should not refresh profile when no user" name="useAuth Hook Actions should not refresh profile when no user" time="0.002">
    </testcase>
    <testcase classname="useAuth Hook Actions should handle refresh profile error gracefully" name="useAuth Hook Actions should handle refresh profile error gracefully" time="0.003">
    </testcase>
    <testcase classname="useAuth Hook State Reactivity should update when Redux state changes" name="useAuth Hook State Reactivity should update when Redux state changes" time="0.002">
    </testcase>
    <testcase classname="useAuth Hook State Reactivity should update loading state" name="useAuth Hook State Reactivity should update loading state" time="0.001">
    </testcase>
    <testcase classname="useAuth Hook State Reactivity should update error state" name="useAuth Hook State Reactivity should update error state" time="0.002">
    </testcase>
    <testcase classname="useAuth Hook Integration Scenarios should handle complete authentication flow" name="useAuth Hook Integration Scenarios should handle complete authentication flow" time="0.001">
    </testcase>
    <testcase classname="useAuth Hook Integration Scenarios should handle logout flow" name="useAuth Hook Integration Scenarios should handle logout flow" time="0.002">
    </testcase>
    <testcase classname="useAuth Hook Integration Scenarios should maintain consistent API across re-renders" name="useAuth Hook Integration Scenarios should maintain consistent API across re-renders" time="0.003">
    </testcase>
  </testsuite>
  <testsuite name="Redux Auth Integration Tests" errors="0" failures="0" skipped="0" timestamp="2025-07-25T00:45:38" time="0.629" tests="13">
    <testcase classname="Redux Auth Integration Tests Complete Authentication Flow should handle full login flow with persistence" name="Redux Auth Integration Tests Complete Authentication Flow should handle full login flow with persistence" time="0.02">
    </testcase>
    <testcase classname="Redux Auth Integration Tests Complete Authentication Flow should handle logout flow with cleanup" name="Redux Auth Integration Tests Complete Authentication Flow should handle logout flow with cleanup" time="0.007">
    </testcase>
    <testcase classname="Redux Auth Integration Tests Complete Authentication Flow should restore state from AsyncStorage on app restart" name="Redux Auth Integration Tests Complete Authentication Flow should restore state from AsyncStorage on app restart" time="0.004">
    </testcase>
    <testcase classname="Redux Auth Integration Tests Hook Integration should sync between useAuth and useReduxAuth" name="Redux Auth Integration Tests Hook Integration should sync between useAuth and useReduxAuth" time="0.008">
    </testcase>
    <testcase classname="Redux Auth Integration Tests Hook Integration should maintain consistency across multiple hook instances" name="Redux Auth Integration Tests Hook Integration should maintain consistency across multiple hook instances" time="0.002">
    </testcase>
    <testcase classname="Redux Auth Integration Tests Error Scenarios should handle AsyncStorage errors gracefully" name="Redux Auth Integration Tests Error Scenarios should handle AsyncStorage errors gracefully" time="0.002">
    </testcase>
    <testcase classname="Redux Auth Integration Tests Error Scenarios should handle sign out errors with fallback" name="Redux Auth Integration Tests Error Scenarios should handle sign out errors with fallback" time="0.025">
    </testcase>
    <testcase classname="Redux Auth Integration Tests Persistence Edge Cases should handle partial storage data" name="Redux Auth Integration Tests Persistence Edge Cases should handle partial storage data" time="0.006">
    </testcase>
    <testcase classname="Redux Auth Integration Tests Persistence Edge Cases should handle corrupted storage data" name="Redux Auth Integration Tests Persistence Edge Cases should handle corrupted storage data" time="0.001">
    </testcase>
    <testcase classname="Redux Auth Integration Tests Persistence Edge Cases should handle token expiry" name="Redux Auth Integration Tests Persistence Edge Cases should handle token expiry" time="0.002">
    </testcase>
    <testcase classname="Redux Auth Integration Tests Performance and Memory should not create memory leaks with multiple hook instances" name="Redux Auth Integration Tests Performance and Memory should not create memory leaks with multiple hook instances" time="0.012">
    </testcase>
    <testcase classname="Redux Auth Integration Tests Performance and Memory should handle rapid state changes" name="Redux Auth Integration Tests Performance and Memory should handle rapid state changes" time="0.009">
    </testcase>
    <testcase classname="Redux Auth Integration Tests Redux DevTools Integration should provide actionable state for debugging" name="Redux Auth Integration Tests Redux DevTools Integration should provide actionable state for debugging" time="0.002">
    </testcase>
  </testsuite>
  <testsuite name="Authentication Flow Integration" errors="0" failures="5" skipped="0" timestamp="2025-07-25T00:45:38" time="0.628" tests="21">
    <testcase classname="Authentication Flow Integration Email/Password Authentication should handle successful email/password sign in" name="Authentication Flow Integration Email/Password Authentication should handle successful email/password sign in" time="0.016">
      <failure>Jest encountered an unexpected token

Jest failed to parse a file. This happens e.g. when your code or its dependencies use non-standard JavaScript syntax, or when Jest is not configured to support such syntax.

Out of the box Jest supports Babel, which will be used to transform your files into valid JS based on your Babel configuration.

By default &quot;node_modules&quot; folder is ignored by transformers.

Here&apos;s what you can do:
 • If you are trying to use ECMAScript Modules, see https://jestjs.io/docs/ecmascript-modules for how to enable it.
 • If you are trying to use TypeScript, see https://jestjs.io/docs/getting-started#using-typescript
 • To have some of your &quot;node_modules&quot; files transformed, you can specify a custom &quot;transformIgnorePatterns&quot; in your config.
 • If you need a custom transformation, specify a &quot;transform&quot; option in your config.
 • If you simply want to mock your non-JS modules (e.g. binary assets) you can stub them out with the &quot;moduleNameMapper&quot; config option.

You&apos;ll find more details and examples of these config options in the docs:
https://jestjs.io/docs/configuration
For information about custom transformations, see:
https://jestjs.io/docs/code-transformation

Details:

/Users/cash/github/GetMaximumFitIosApp/node_modules/expo-apple-authentication/build/index.js:1
export * from &apos;./AppleAuthentication&apos;;
^^^^^^

SyntaxError: Unexpected token &apos;export&apos;
    at internalCompileFunction (node:internal/vm:137:18)
    at compileFunction (node:vm:365:10)
    at Runtime.createScriptFromCode (/Users/cash/github/GetMaximumFitIosApp/node_modules/jest-runtime/build/index.js:1316:40)
    at Runtime._execModule (/Users/cash/github/GetMaximumFitIosApp/node_modules/jest-runtime/build/index.js:1242:35)
    at Runtime._loadModule (/Users/cash/github/GetMaximumFitIosApp/node_modules/jest-runtime/build/index.js:942:12)
    at Runtime.requireModule (/Users/cash/github/GetMaximumFitIosApp/node_modules/jest-runtime/build/index.js:830:12)
    at Runtime._generateMock (/Users/cash/github/GetMaximumFitIosApp/node_modules/jest-runtime/build/index.js:1461:34)
    at Runtime.requireMock (/Users/cash/github/GetMaximumFitIosApp/node_modules/jest-runtime/build/index.js:928:39)
    at Runtime.requireModuleOrMock (/Users/cash/github/GetMaximumFitIosApp/node_modules/jest-runtime/build/index.js:960:21)
    at Object.require (/Users/cash/github/GetMaximumFitIosApp/__tests__/authFlowIntegration.test.ts:33:31)
    at Promise.finally.completed (/Users/cash/github/GetMaximumFitIosApp/node_modules/jest-circus/build/jestAdapterInit.js:1559:28)
    at new Promise (&lt;anonymous&gt;)
    at callAsyncCircusFn (/Users/cash/github/GetMaximumFitIosApp/node_modules/jest-circus/build/jestAdapterInit.js:1499:10)
    at _callCircusHook (/Users/cash/github/GetMaximumFitIosApp/node_modules/jest-circus/build/jestAdapterInit.js:978:40)
    at processTicksAndRejections (node:internal/process/task_queues:105:5)
    at _runTest (/Users/cash/github/GetMaximumFitIosApp/node_modules/jest-circus/build/jestAdapterInit.js:943:5)
    at _runTestsForDescribeBlock (/Users/cash/github/GetMaximumFitIosApp/node_modules/jest-circus/build/jestAdapterInit.js:839:13)
    at _runTestsForDescribeBlock (/Users/cash/github/GetMaximumFitIosApp/node_modules/jest-circus/build/jestAdapterInit.js:829:11)
    at _runTestsForDescribeBlock (/Users/cash/github/GetMaximumFitIosApp/node_modules/jest-circus/build/jestAdapterInit.js:829:11)
    at run (/Users/cash/github/GetMaximumFitIosApp/node_modules/jest-circus/build/jestAdapterInit.js:757:3)
    at runAndTransformResultsToJestFormat (/Users/cash/github/GetMaximumFitIosApp/node_modules/jest-circus/build/jestAdapterInit.js:1920:21)
    at jestAdapter (/Users/cash/github/GetMaximumFitIosApp/node_modules/jest-circus/build/runner.js:101:19)
    at runTestInternal (/Users/cash/github/GetMaximumFitIosApp/node_modules/jest-runner/build/testWorker.js:275:16)
    at runTest (/Users/cash/github/GetMaximumFitIosApp/node_modules/jest-runner/build/testWorker.js:343:7)
    at Object.worker (/Users/cash/github/GetMaximumFitIosApp/node_modules/jest-runner/build/testWorker.js:497:12)</failure>
    </testcase>
    <testcase classname="Authentication Flow Integration Email/Password Authentication should handle email/password sign in errors" name="Authentication Flow Integration Email/Password Authentication should handle email/password sign in errors" time="0.002">
    </testcase>
    <testcase classname="Authentication Flow Integration Email/Password Authentication should handle user registration" name="Authentication Flow Integration Email/Password Authentication should handle user registration" time="0.003">
    </testcase>
    <testcase classname="Authentication Flow Integration Google Sign In Flow should handle successful Google sign in" name="Authentication Flow Integration Google Sign In Flow should handle successful Google sign in" time="0.002">
    </testcase>
    <testcase classname="Authentication Flow Integration Google Sign In Flow should handle Google sign in cancellation" name="Authentication Flow Integration Google Sign In Flow should handle Google sign in cancellation" time="0">
    </testcase>
    <testcase classname="Authentication Flow Integration Google Sign In Flow should handle Google Play Services not available" name="Authentication Flow Integration Google Sign In Flow should handle Google Play Services not available" time="0">
    </testcase>
    <testcase classname="Authentication Flow Integration Apple Sign In Flow should handle successful Apple sign in" name="Authentication Flow Integration Apple Sign In Flow should handle successful Apple sign in" time="0">
      <failure>TypeError: Cannot read properties of undefined (reading &apos;mockResolvedValue&apos;)
    at Object.mockResolvedValue (/Users/cash/github/GetMaximumFitIosApp/__tests__/authFlowIntegration.test.ts:161:48)
    at Generator.next (&lt;anonymous&gt;)
    at asyncGeneratorStep (/Users/cash/github/GetMaximumFitIosApp/node_modules/@babel/runtime/helpers/asyncToGenerator.js:3:17)
    at _next (/Users/cash/github/GetMaximumFitIosApp/node_modules/@babel/runtime/helpers/asyncToGenerator.js:17:9)
    at /Users/cash/github/GetMaximumFitIosApp/node_modules/@babel/runtime/helpers/asyncToGenerator.js:22:7
    at new Promise (&lt;anonymous&gt;)
    at Object.&lt;anonymous&gt; (/Users/cash/github/GetMaximumFitIosApp/node_modules/@babel/runtime/helpers/asyncToGenerator.js:14:12)
    at Promise.finally.completed (/Users/cash/github/GetMaximumFitIosApp/node_modules/jest-circus/build/jestAdapterInit.js:1559:28)
    at new Promise (&lt;anonymous&gt;)
    at callAsyncCircusFn (/Users/cash/github/GetMaximumFitIosApp/node_modules/jest-circus/build/jestAdapterInit.js:1499:10)
    at _callCircusTest (/Users/cash/github/GetMaximumFitIosApp/node_modules/jest-circus/build/jestAdapterInit.js:1009:40)
    at processTicksAndRejections (node:internal/process/task_queues:105:5)
    at _runTest (/Users/cash/github/GetMaximumFitIosApp/node_modules/jest-circus/build/jestAdapterInit.js:949:3)
    at _runTestsForDescribeBlock (/Users/cash/github/GetMaximumFitIosApp/node_modules/jest-circus/build/jestAdapterInit.js:839:13)
    at _runTestsForDescribeBlock (/Users/cash/github/GetMaximumFitIosApp/node_modules/jest-circus/build/jestAdapterInit.js:829:11)
    at _runTestsForDescribeBlock (/Users/cash/github/GetMaximumFitIosApp/node_modules/jest-circus/build/jestAdapterInit.js:829:11)
    at run (/Users/cash/github/GetMaximumFitIosApp/node_modules/jest-circus/build/jestAdapterInit.js:757:3)
    at runAndTransformResultsToJestFormat (/Users/cash/github/GetMaximumFitIosApp/node_modules/jest-circus/build/jestAdapterInit.js:1920:21)
    at jestAdapter (/Users/cash/github/GetMaximumFitIosApp/node_modules/jest-circus/build/runner.js:101:19)
    at runTestInternal (/Users/cash/github/GetMaximumFitIosApp/node_modules/jest-runner/build/testWorker.js:275:16)
    at runTest (/Users/cash/github/GetMaximumFitIosApp/node_modules/jest-runner/build/testWorker.js:343:7)
    at Object.worker (/Users/cash/github/GetMaximumFitIosApp/node_modules/jest-runner/build/testWorker.js:497:12)</failure>
    </testcase>
    <testcase classname="Authentication Flow Integration Apple Sign In Flow should handle Apple sign in not available" name="Authentication Flow Integration Apple Sign In Flow should handle Apple sign in not available" time="0">
      <failure>TypeError: Cannot read properties of undefined (reading &apos;mockResolvedValue&apos;)
    at Object.mockResolvedValue (/Users/cash/github/GetMaximumFitIosApp/__tests__/authFlowIntegration.test.ts:183:48)
    at Generator.next (&lt;anonymous&gt;)
    at asyncGeneratorStep (/Users/cash/github/GetMaximumFitIosApp/node_modules/@babel/runtime/helpers/asyncToGenerator.js:3:17)
    at _next (/Users/cash/github/GetMaximumFitIosApp/node_modules/@babel/runtime/helpers/asyncToGenerator.js:17:9)
    at /Users/cash/github/GetMaximumFitIosApp/node_modules/@babel/runtime/helpers/asyncToGenerator.js:22:7
    at new Promise (&lt;anonymous&gt;)
    at Object.&lt;anonymous&gt; (/Users/cash/github/GetMaximumFitIosApp/node_modules/@babel/runtime/helpers/asyncToGenerator.js:14:12)
    at Promise.finally.completed (/Users/cash/github/GetMaximumFitIosApp/node_modules/jest-circus/build/jestAdapterInit.js:1559:28)
    at new Promise (&lt;anonymous&gt;)
    at callAsyncCircusFn (/Users/cash/github/GetMaximumFitIosApp/node_modules/jest-circus/build/jestAdapterInit.js:1499:10)
    at _callCircusTest (/Users/cash/github/GetMaximumFitIosApp/node_modules/jest-circus/build/jestAdapterInit.js:1009:40)
    at processTicksAndRejections (node:internal/process/task_queues:105:5)
    at _runTest (/Users/cash/github/GetMaximumFitIosApp/node_modules/jest-circus/build/jestAdapterInit.js:949:3)
    at _runTestsForDescribeBlock (/Users/cash/github/GetMaximumFitIosApp/node_modules/jest-circus/build/jestAdapterInit.js:839:13)
    at _runTestsForDescribeBlock (/Users/cash/github/GetMaximumFitIosApp/node_modules/jest-circus/build/jestAdapterInit.js:829:11)
    at _runTestsForDescribeBlock (/Users/cash/github/GetMaximumFitIosApp/node_modules/jest-circus/build/jestAdapterInit.js:829:11)
    at run (/Users/cash/github/GetMaximumFitIosApp/node_modules/jest-circus/build/jestAdapterInit.js:757:3)
    at runAndTransformResultsToJestFormat (/Users/cash/github/GetMaximumFitIosApp/node_modules/jest-circus/build/jestAdapterInit.js:1920:21)
    at jestAdapter (/Users/cash/github/GetMaximumFitIosApp/node_modules/jest-circus/build/runner.js:101:19)
    at runTestInternal (/Users/cash/github/GetMaximumFitIosApp/node_modules/jest-runner/build/testWorker.js:275:16)
    at runTest (/Users/cash/github/GetMaximumFitIosApp/node_modules/jest-runner/build/testWorker.js:343:7)
    at Object.worker (/Users/cash/github/GetMaximumFitIosApp/node_modules/jest-runner/build/testWorker.js:497:12)</failure>
    </testcase>
    <testcase classname="Authentication Flow Integration Apple Sign In Flow should handle Apple sign in cancellation" name="Authentication Flow Integration Apple Sign In Flow should handle Apple sign in cancellation" time="0">
      <failure>TypeError: Cannot read properties of undefined (reading &apos;mockRejectedValue&apos;)
    at Object.mockRejectedValue (/Users/cash/github/GetMaximumFitIosApp/__tests__/authFlowIntegration.test.ts:190:43)
    at Generator.next (&lt;anonymous&gt;)
    at asyncGeneratorStep (/Users/cash/github/GetMaximumFitIosApp/node_modules/@babel/runtime/helpers/asyncToGenerator.js:3:17)
    at _next (/Users/cash/github/GetMaximumFitIosApp/node_modules/@babel/runtime/helpers/asyncToGenerator.js:17:9)
    at /Users/cash/github/GetMaximumFitIosApp/node_modules/@babel/runtime/helpers/asyncToGenerator.js:22:7
    at new Promise (&lt;anonymous&gt;)
    at Object.&lt;anonymous&gt; (/Users/cash/github/GetMaximumFitIosApp/node_modules/@babel/runtime/helpers/asyncToGenerator.js:14:12)
    at Promise.finally.completed (/Users/cash/github/GetMaximumFitIosApp/node_modules/jest-circus/build/jestAdapterInit.js:1559:28)
    at new Promise (&lt;anonymous&gt;)
    at callAsyncCircusFn (/Users/cash/github/GetMaximumFitIosApp/node_modules/jest-circus/build/jestAdapterInit.js:1499:10)
    at _callCircusTest (/Users/cash/github/GetMaximumFitIosApp/node_modules/jest-circus/build/jestAdapterInit.js:1009:40)
    at processTicksAndRejections (node:internal/process/task_queues:105:5)
    at _runTest (/Users/cash/github/GetMaximumFitIosApp/node_modules/jest-circus/build/jestAdapterInit.js:949:3)
    at _runTestsForDescribeBlock (/Users/cash/github/GetMaximumFitIosApp/node_modules/jest-circus/build/jestAdapterInit.js:839:13)
    at _runTestsForDescribeBlock (/Users/cash/github/GetMaximumFitIosApp/node_modules/jest-circus/build/jestAdapterInit.js:829:11)
    at _runTestsForDescribeBlock (/Users/cash/github/GetMaximumFitIosApp/node_modules/jest-circus/build/jestAdapterInit.js:829:11)
    at run (/Users/cash/github/GetMaximumFitIosApp/node_modules/jest-circus/build/jestAdapterInit.js:757:3)
    at runAndTransformResultsToJestFormat (/Users/cash/github/GetMaximumFitIosApp/node_modules/jest-circus/build/jestAdapterInit.js:1920:21)
    at jestAdapter (/Users/cash/github/GetMaximumFitIosApp/node_modules/jest-circus/build/runner.js:101:19)
    at runTestInternal (/Users/cash/github/GetMaximumFitIosApp/node_modules/jest-runner/build/testWorker.js:275:16)
    at runTest (/Users/cash/github/GetMaximumFitIosApp/node_modules/jest-runner/build/testWorker.js:343:7)
    at Object.worker (/Users/cash/github/GetMaximumFitIosApp/node_modules/jest-runner/build/testWorker.js:497:12)</failure>
    </testcase>
    <testcase classname="Authentication Flow Integration Token Management and Persistence should save user tokens after successful authentication" name="Authentication Flow Integration Token Management and Persistence should save user tokens after successful authentication" time="0.001">
    </testcase>
    <testcase classname="Authentication Flow Integration Token Management and Persistence should restore user session from stored tokens" name="Authentication Flow Integration Token Management and Persistence should restore user session from stored tokens" time="0">
    </testcase>
    <testcase classname="Authentication Flow Integration Token Management and Persistence should handle token refresh" name="Authentication Flow Integration Token Management and Persistence should handle token refresh" time="0.001">
    </testcase>
    <testcase classname="Authentication Flow Integration Token Management and Persistence should handle storage errors gracefully" name="Authentication Flow Integration Token Management and Persistence should handle storage errors gracefully" time="0.001">
    </testcase>
    <testcase classname="Authentication Flow Integration Authentication State Management should handle sign out flow" name="Authentication Flow Integration Authentication State Management should handle sign out flow" time="0.001">
    </testcase>
    <testcase classname="Authentication Flow Integration Authentication State Management should handle authentication state changes" name="Authentication Flow Integration Authentication State Management should handle authentication state changes" time="0.16">
    </testcase>
    <testcase classname="Authentication Flow Integration Authentication State Management should validate current user authentication status" name="Authentication Flow Integration Authentication State Management should validate current user authentication status" time="0">
    </testcase>
    <testcase classname="Authentication Flow Integration Authentication State Management should handle user profile data loading" name="Authentication Flow Integration Authentication State Management should handle user profile data loading" time="0.004">
    </testcase>
    <testcase classname="Authentication Flow Integration Error Handling and Edge Cases should handle network errors during authentication" name="Authentication Flow Integration Error Handling and Edge Cases should handle network errors during authentication" time="0.002">
    </testcase>
    <testcase classname="Authentication Flow Integration Error Handling and Edge Cases should handle malformed stored token data" name="Authentication Flow Integration Error Handling and Edge Cases should handle malformed stored token data" time="0">
      <failure>Error: Storage error
    at Object.&lt;anonymous&gt; (/Users/cash/github/GetMaximumFitIosApp/__tests__/authFlowIntegration.test.ts:287:25)
    at Generator.next (&lt;anonymous&gt;)
    at asyncGeneratorStep (/Users/cash/github/GetMaximumFitIosApp/node_modules/@babel/runtime/helpers/asyncToGenerator.js:3:17)
    at _next (/Users/cash/github/GetMaximumFitIosApp/node_modules/@babel/runtime/helpers/asyncToGenerator.js:17:9)
    at /Users/cash/github/GetMaximumFitIosApp/node_modules/@babel/runtime/helpers/asyncToGenerator.js:22:7
    at new Promise (&lt;anonymous&gt;)
    at Object.&lt;anonymous&gt; (/Users/cash/github/GetMaximumFitIosApp/node_modules/@babel/runtime/helpers/asyncToGenerator.js:14:12)
    at Promise.finally.completed (/Users/cash/github/GetMaximumFitIosApp/node_modules/jest-circus/build/jestAdapterInit.js:1559:28)
    at new Promise (&lt;anonymous&gt;)
    at callAsyncCircusFn (/Users/cash/github/GetMaximumFitIosApp/node_modules/jest-circus/build/jestAdapterInit.js:1499:10)
    at _callCircusTest (/Users/cash/github/GetMaximumFitIosApp/node_modules/jest-circus/build/jestAdapterInit.js:1009:40)
    at processTicksAndRejections (node:internal/process/task_queues:105:5)
    at _runTest (/Users/cash/github/GetMaximumFitIosApp/node_modules/jest-circus/build/jestAdapterInit.js:949:3)
    at _runTestsForDescribeBlock (/Users/cash/github/GetMaximumFitIosApp/node_modules/jest-circus/build/jestAdapterInit.js:839:13)
    at _runTestsForDescribeBlock (/Users/cash/github/GetMaximumFitIosApp/node_modules/jest-circus/build/jestAdapterInit.js:829:11)
    at _runTestsForDescribeBlock (/Users/cash/github/GetMaximumFitIosApp/node_modules/jest-circus/build/jestAdapterInit.js:829:11)
    at run (/Users/cash/github/GetMaximumFitIosApp/node_modules/jest-circus/build/jestAdapterInit.js:757:3)
    at runAndTransformResultsToJestFormat (/Users/cash/github/GetMaximumFitIosApp/node_modules/jest-circus/build/jestAdapterInit.js:1920:21)
    at jestAdapter (/Users/cash/github/GetMaximumFitIosApp/node_modules/jest-circus/build/runner.js:101:19)
    at runTestInternal (/Users/cash/github/GetMaximumFitIosApp/node_modules/jest-runner/build/testWorker.js:275:16)
    at runTest (/Users/cash/github/GetMaximumFitIosApp/node_modules/jest-runner/build/testWorker.js:343:7)
    at Object.worker (/Users/cash/github/GetMaximumFitIosApp/node_modules/jest-runner/build/testWorker.js:497:12)</failure>
    </testcase>
    <testcase classname="Authentication Flow Integration Error Handling and Edge Cases should handle Firebase service initialization errors" name="Authentication Flow Integration Error Handling and Edge Cases should handle Firebase service initialization errors" time="0.002">
    </testcase>
    <testcase classname="Authentication Flow Integration Error Handling and Edge Cases should handle concurrent authentication attempts" name="Authentication Flow Integration Error Handling and Edge Cases should handle concurrent authentication attempts" time="0">
    </testcase>
  </testsuite>
  <testsuite name="Redux Store and Persistence" errors="0" failures="0" skipped="0" timestamp="2025-07-25T00:45:38" time="0.649" tests="14">
    <testcase classname="Redux Store and Persistence Store Configuration should have correct initial state" name="Redux Store and Persistence Store Configuration should have correct initial state" time="0.006">
    </testcase>
    <testcase classname="Redux Store and Persistence Store Configuration should handle Redux actions" name="Redux Store and Persistence Store Configuration should handle Redux actions" time="0">
    </testcase>
    <testcase classname="Redux Store and Persistence Store Configuration should handle token management" name="Redux Store and Persistence Store Configuration should handle token management" time="0.001">
    </testcase>
    <testcase classname="Redux Store and Persistence Persistence Configuration should blacklist auth from redux-persist" name="Redux Store and Persistence Persistence Configuration should blacklist auth from redux-persist" time="0.001">
    </testcase>
    <testcase classname="Redux Store and Persistence Persistence Configuration should render with PersistGate" name="Redux Store and Persistence Persistence Configuration should render with PersistGate" time="0.078">
    </testcase>
    <testcase classname="Redux Store and Persistence Serialization Handling should handle Firebase User serialization" name="Redux Store and Persistence Serialization Handling should handle Firebase User serialization" time="0.001">
    </testcase>
    <testcase classname="Redux Store and Persistence Serialization Handling should maintain referential equality for performance" name="Redux Store and Persistence Serialization Handling should maintain referential equality for performance" time="0.001">
    </testcase>
    <testcase classname="Redux Store and Persistence DevTools Configuration should enable DevTools in development" name="Redux Store and Persistence DevTools Configuration should enable DevTools in development" time="0.002">
    </testcase>
    <testcase classname="Redux Store and Persistence Error Handling should handle malformed actions gracefully" name="Redux Store and Persistence Error Handling should handle malformed actions gracefully" time="0.008">
    </testcase>
    <testcase classname="Redux Store and Persistence Error Handling should handle reducer errors" name="Redux Store and Persistence Error Handling should handle reducer errors" time="0.001">
    </testcase>
    <testcase classname="Redux Store and Persistence Performance Considerations should handle multiple rapid dispatches" name="Redux Store and Persistence Performance Considerations should handle multiple rapid dispatches" time="0.036">
    </testcase>
    <testcase classname="Redux Store and Persistence Performance Considerations should maintain immutability" name="Redux Store and Persistence Performance Considerations should maintain immutability" time="0.002">
    </testcase>
    <testcase classname="Redux Store and Persistence Integration with AsyncStorage should not interfere with custom AsyncStorage usage" name="Redux Store and Persistence Integration with AsyncStorage should not interfere with custom AsyncStorage usage" time="0.002">
    </testcase>
    <testcase classname="Redux Store and Persistence Type Safety should maintain proper TypeScript types" name="Redux Store and Persistence Type Safety should maintain proper TypeScript types" time="0.002">
    </testcase>
  </testsuite>
  <testsuite name="SocialAuthButtons" errors="0" failures="23" skipped="0" timestamp="2025-07-25T00:45:38" time="0.679" tests="23">
    <testcase classname="SocialAuthButtons Rendering should render Google sign in button" name="SocialAuthButtons Rendering should render Google sign in button" time="0.003">
      <failure>TypeError: useAuthFunctions.mockReturnValue is not a function
    at Object.mockReturnValue (/Users/cash/github/GetMaximumFitIosApp/__tests__/socialAuthButtons.test.tsx:69:22)
    at Promise.finally.completed (/Users/cash/github/GetMaximumFitIosApp/node_modules/jest-circus/build/jestAdapterInit.js:1559:28)
    at new Promise (&lt;anonymous&gt;)
    at callAsyncCircusFn (/Users/cash/github/GetMaximumFitIosApp/node_modules/jest-circus/build/jestAdapterInit.js:1499:10)
    at _callCircusHook (/Users/cash/github/GetMaximumFitIosApp/node_modules/jest-circus/build/jestAdapterInit.js:978:40)
    at processTicksAndRejections (node:internal/process/task_queues:105:5)
    at _runTest (/Users/cash/github/GetMaximumFitIosApp/node_modules/jest-circus/build/jestAdapterInit.js:943:5)
    at _runTestsForDescribeBlock (/Users/cash/github/GetMaximumFitIosApp/node_modules/jest-circus/build/jestAdapterInit.js:839:13)
    at _runTestsForDescribeBlock (/Users/cash/github/GetMaximumFitIosApp/node_modules/jest-circus/build/jestAdapterInit.js:829:11)
    at _runTestsForDescribeBlock (/Users/cash/github/GetMaximumFitIosApp/node_modules/jest-circus/build/jestAdapterInit.js:829:11)
    at run (/Users/cash/github/GetMaximumFitIosApp/node_modules/jest-circus/build/jestAdapterInit.js:757:3)
    at runAndTransformResultsToJestFormat (/Users/cash/github/GetMaximumFitIosApp/node_modules/jest-circus/build/jestAdapterInit.js:1920:21)
    at jestAdapter (/Users/cash/github/GetMaximumFitIosApp/node_modules/jest-circus/build/runner.js:101:19)
    at runTestInternal (/Users/cash/github/GetMaximumFitIosApp/node_modules/jest-runner/build/testWorker.js:275:16)
    at runTest (/Users/cash/github/GetMaximumFitIosApp/node_modules/jest-runner/build/testWorker.js:343:7)
    at Object.worker (/Users/cash/github/GetMaximumFitIosApp/node_modules/jest-runner/build/testWorker.js:497:12)</failure>
    </testcase>
    <testcase classname="SocialAuthButtons Rendering should show Apple sign in button when available on iOS" name="SocialAuthButtons Rendering should show Apple sign in button when available on iOS" time="0.001">
      <failure>TypeError: useAuthFunctions.mockReturnValue is not a function
    at Object.mockReturnValue (/Users/cash/github/GetMaximumFitIosApp/__tests__/socialAuthButtons.test.tsx:69:22)
    at Promise.finally.completed (/Users/cash/github/GetMaximumFitIosApp/node_modules/jest-circus/build/jestAdapterInit.js:1559:28)
    at new Promise (&lt;anonymous&gt;)
    at callAsyncCircusFn (/Users/cash/github/GetMaximumFitIosApp/node_modules/jest-circus/build/jestAdapterInit.js:1499:10)
    at _callCircusHook (/Users/cash/github/GetMaximumFitIosApp/node_modules/jest-circus/build/jestAdapterInit.js:978:40)
    at _runTest (/Users/cash/github/GetMaximumFitIosApp/node_modules/jest-circus/build/jestAdapterInit.js:943:5)
    at _runTestsForDescribeBlock (/Users/cash/github/GetMaximumFitIosApp/node_modules/jest-circus/build/jestAdapterInit.js:839:13)
    at _runTestsForDescribeBlock (/Users/cash/github/GetMaximumFitIosApp/node_modules/jest-circus/build/jestAdapterInit.js:829:11)
    at _runTestsForDescribeBlock (/Users/cash/github/GetMaximumFitIosApp/node_modules/jest-circus/build/jestAdapterInit.js:829:11)
    at run (/Users/cash/github/GetMaximumFitIosApp/node_modules/jest-circus/build/jestAdapterInit.js:757:3)
    at runAndTransformResultsToJestFormat (/Users/cash/github/GetMaximumFitIosApp/node_modules/jest-circus/build/jestAdapterInit.js:1920:21)
    at jestAdapter (/Users/cash/github/GetMaximumFitIosApp/node_modules/jest-circus/build/runner.js:101:19)
    at runTestInternal (/Users/cash/github/GetMaximumFitIosApp/node_modules/jest-runner/build/testWorker.js:275:16)
    at runTest (/Users/cash/github/GetMaximumFitIosApp/node_modules/jest-runner/build/testWorker.js:343:7)
    at Object.worker (/Users/cash/github/GetMaximumFitIosApp/node_modules/jest-runner/build/testWorker.js:497:12)</failure>
    </testcase>
    <testcase classname="SocialAuthButtons Rendering should not show Apple sign in button when not available" name="SocialAuthButtons Rendering should not show Apple sign in button when not available" time="0.002">
      <failure>TypeError: useAuthFunctions.mockReturnValue is not a function
    at Object.mockReturnValue (/Users/cash/github/GetMaximumFitIosApp/__tests__/socialAuthButtons.test.tsx:69:22)
    at Promise.finally.completed (/Users/cash/github/GetMaximumFitIosApp/node_modules/jest-circus/build/jestAdapterInit.js:1559:28)
    at new Promise (&lt;anonymous&gt;)
    at callAsyncCircusFn (/Users/cash/github/GetMaximumFitIosApp/node_modules/jest-circus/build/jestAdapterInit.js:1499:10)
    at _callCircusHook (/Users/cash/github/GetMaximumFitIosApp/node_modules/jest-circus/build/jestAdapterInit.js:978:40)
    at _runTest (/Users/cash/github/GetMaximumFitIosApp/node_modules/jest-circus/build/jestAdapterInit.js:943:5)
    at _runTestsForDescribeBlock (/Users/cash/github/GetMaximumFitIosApp/node_modules/jest-circus/build/jestAdapterInit.js:839:13)
    at _runTestsForDescribeBlock (/Users/cash/github/GetMaximumFitIosApp/node_modules/jest-circus/build/jestAdapterInit.js:829:11)
    at _runTestsForDescribeBlock (/Users/cash/github/GetMaximumFitIosApp/node_modules/jest-circus/build/jestAdapterInit.js:829:11)
    at run (/Users/cash/github/GetMaximumFitIosApp/node_modules/jest-circus/build/jestAdapterInit.js:757:3)
    at runAndTransformResultsToJestFormat (/Users/cash/github/GetMaximumFitIosApp/node_modules/jest-circus/build/jestAdapterInit.js:1920:21)
    at jestAdapter (/Users/cash/github/GetMaximumFitIosApp/node_modules/jest-circus/build/runner.js:101:19)
    at runTestInternal (/Users/cash/github/GetMaximumFitIosApp/node_modules/jest-runner/build/testWorker.js:275:16)
    at runTest (/Users/cash/github/GetMaximumFitIosApp/node_modules/jest-runner/build/testWorker.js:343:7)
    at Object.worker (/Users/cash/github/GetMaximumFitIosApp/node_modules/jest-runner/build/testWorker.js:497:12)</failure>
    </testcase>
    <testcase classname="SocialAuthButtons Rendering should not show Apple sign in button on Android" name="SocialAuthButtons Rendering should not show Apple sign in button on Android" time="0.001">
      <failure>TypeError: useAuthFunctions.mockReturnValue is not a function
    at Object.mockReturnValue (/Users/cash/github/GetMaximumFitIosApp/__tests__/socialAuthButtons.test.tsx:69:22)
    at Promise.finally.completed (/Users/cash/github/GetMaximumFitIosApp/node_modules/jest-circus/build/jestAdapterInit.js:1559:28)
    at new Promise (&lt;anonymous&gt;)
    at callAsyncCircusFn (/Users/cash/github/GetMaximumFitIosApp/node_modules/jest-circus/build/jestAdapterInit.js:1499:10)
    at _callCircusHook (/Users/cash/github/GetMaximumFitIosApp/node_modules/jest-circus/build/jestAdapterInit.js:978:40)
    at _runTest (/Users/cash/github/GetMaximumFitIosApp/node_modules/jest-circus/build/jestAdapterInit.js:943:5)
    at _runTestsForDescribeBlock (/Users/cash/github/GetMaximumFitIosApp/node_modules/jest-circus/build/jestAdapterInit.js:839:13)
    at _runTestsForDescribeBlock (/Users/cash/github/GetMaximumFitIosApp/node_modules/jest-circus/build/jestAdapterInit.js:829:11)
    at _runTestsForDescribeBlock (/Users/cash/github/GetMaximumFitIosApp/node_modules/jest-circus/build/jestAdapterInit.js:829:11)
    at run (/Users/cash/github/GetMaximumFitIosApp/node_modules/jest-circus/build/jestAdapterInit.js:757:3)
    at runAndTransformResultsToJestFormat (/Users/cash/github/GetMaximumFitIosApp/node_modules/jest-circus/build/jestAdapterInit.js:1920:21)
    at jestAdapter (/Users/cash/github/GetMaximumFitIosApp/node_modules/jest-circus/build/runner.js:101:19)
    at runTestInternal (/Users/cash/github/GetMaximumFitIosApp/node_modules/jest-runner/build/testWorker.js:275:16)
    at runTest (/Users/cash/github/GetMaximumFitIosApp/node_modules/jest-runner/build/testWorker.js:343:7)
    at Object.worker (/Users/cash/github/GetMaximumFitIosApp/node_modules/jest-runner/build/testWorker.js:497:12)</failure>
    </testcase>
    <testcase classname="SocialAuthButtons Google Sign In should call signInWithGoogle when Google button is pressed" name="SocialAuthButtons Google Sign In should call signInWithGoogle when Google button is pressed" time="0">
      <failure>TypeError: useAuthFunctions.mockReturnValue is not a function
    at Object.mockReturnValue (/Users/cash/github/GetMaximumFitIosApp/__tests__/socialAuthButtons.test.tsx:69:22)
    at Promise.finally.completed (/Users/cash/github/GetMaximumFitIosApp/node_modules/jest-circus/build/jestAdapterInit.js:1559:28)
    at new Promise (&lt;anonymous&gt;)
    at callAsyncCircusFn (/Users/cash/github/GetMaximumFitIosApp/node_modules/jest-circus/build/jestAdapterInit.js:1499:10)
    at _callCircusHook (/Users/cash/github/GetMaximumFitIosApp/node_modules/jest-circus/build/jestAdapterInit.js:978:40)
    at _runTest (/Users/cash/github/GetMaximumFitIosApp/node_modules/jest-circus/build/jestAdapterInit.js:943:5)
    at _runTestsForDescribeBlock (/Users/cash/github/GetMaximumFitIosApp/node_modules/jest-circus/build/jestAdapterInit.js:839:13)
    at _runTestsForDescribeBlock (/Users/cash/github/GetMaximumFitIosApp/node_modules/jest-circus/build/jestAdapterInit.js:829:11)
    at _runTestsForDescribeBlock (/Users/cash/github/GetMaximumFitIosApp/node_modules/jest-circus/build/jestAdapterInit.js:829:11)
    at run (/Users/cash/github/GetMaximumFitIosApp/node_modules/jest-circus/build/jestAdapterInit.js:757:3)
    at runAndTransformResultsToJestFormat (/Users/cash/github/GetMaximumFitIosApp/node_modules/jest-circus/build/jestAdapterInit.js:1920:21)
    at jestAdapter (/Users/cash/github/GetMaximumFitIosApp/node_modules/jest-circus/build/runner.js:101:19)
    at runTestInternal (/Users/cash/github/GetMaximumFitIosApp/node_modules/jest-runner/build/testWorker.js:275:16)
    at runTest (/Users/cash/github/GetMaximumFitIosApp/node_modules/jest-runner/build/testWorker.js:343:7)
    at Object.worker (/Users/cash/github/GetMaximumFitIosApp/node_modules/jest-runner/build/testWorker.js:497:12)</failure>
    </testcase>
    <testcase classname="SocialAuthButtons Google Sign In should show loading state during Google sign in" name="SocialAuthButtons Google Sign In should show loading state during Google sign in" time="0.001">
      <failure>TypeError: useAuthFunctions.mockReturnValue is not a function
    at Object.mockReturnValue (/Users/cash/github/GetMaximumFitIosApp/__tests__/socialAuthButtons.test.tsx:69:22)
    at Promise.finally.completed (/Users/cash/github/GetMaximumFitIosApp/node_modules/jest-circus/build/jestAdapterInit.js:1559:28)
    at new Promise (&lt;anonymous&gt;)
    at callAsyncCircusFn (/Users/cash/github/GetMaximumFitIosApp/node_modules/jest-circus/build/jestAdapterInit.js:1499:10)
    at _callCircusHook (/Users/cash/github/GetMaximumFitIosApp/node_modules/jest-circus/build/jestAdapterInit.js:978:40)
    at _runTest (/Users/cash/github/GetMaximumFitIosApp/node_modules/jest-circus/build/jestAdapterInit.js:943:5)
    at _runTestsForDescribeBlock (/Users/cash/github/GetMaximumFitIosApp/node_modules/jest-circus/build/jestAdapterInit.js:839:13)
    at _runTestsForDescribeBlock (/Users/cash/github/GetMaximumFitIosApp/node_modules/jest-circus/build/jestAdapterInit.js:829:11)
    at _runTestsForDescribeBlock (/Users/cash/github/GetMaximumFitIosApp/node_modules/jest-circus/build/jestAdapterInit.js:829:11)
    at run (/Users/cash/github/GetMaximumFitIosApp/node_modules/jest-circus/build/jestAdapterInit.js:757:3)
    at runAndTransformResultsToJestFormat (/Users/cash/github/GetMaximumFitIosApp/node_modules/jest-circus/build/jestAdapterInit.js:1920:21)
    at jestAdapter (/Users/cash/github/GetMaximumFitIosApp/node_modules/jest-circus/build/runner.js:101:19)
    at runTestInternal (/Users/cash/github/GetMaximumFitIosApp/node_modules/jest-runner/build/testWorker.js:275:16)
    at runTest (/Users/cash/github/GetMaximumFitIosApp/node_modules/jest-runner/build/testWorker.js:343:7)
    at Object.worker (/Users/cash/github/GetMaximumFitIosApp/node_modules/jest-runner/build/testWorker.js:497:12)</failure>
    </testcase>
    <testcase classname="SocialAuthButtons Google Sign In should call onSuccess callback after successful Google sign in" name="SocialAuthButtons Google Sign In should call onSuccess callback after successful Google sign in" time="0">
      <failure>TypeError: useAuthFunctions.mockReturnValue is not a function
    at Object.mockReturnValue (/Users/cash/github/GetMaximumFitIosApp/__tests__/socialAuthButtons.test.tsx:69:22)
    at Promise.finally.completed (/Users/cash/github/GetMaximumFitIosApp/node_modules/jest-circus/build/jestAdapterInit.js:1559:28)
    at new Promise (&lt;anonymous&gt;)
    at callAsyncCircusFn (/Users/cash/github/GetMaximumFitIosApp/node_modules/jest-circus/build/jestAdapterInit.js:1499:10)
    at _callCircusHook (/Users/cash/github/GetMaximumFitIosApp/node_modules/jest-circus/build/jestAdapterInit.js:978:40)
    at _runTest (/Users/cash/github/GetMaximumFitIosApp/node_modules/jest-circus/build/jestAdapterInit.js:943:5)
    at _runTestsForDescribeBlock (/Users/cash/github/GetMaximumFitIosApp/node_modules/jest-circus/build/jestAdapterInit.js:839:13)
    at _runTestsForDescribeBlock (/Users/cash/github/GetMaximumFitIosApp/node_modules/jest-circus/build/jestAdapterInit.js:829:11)
    at _runTestsForDescribeBlock (/Users/cash/github/GetMaximumFitIosApp/node_modules/jest-circus/build/jestAdapterInit.js:829:11)
    at run (/Users/cash/github/GetMaximumFitIosApp/node_modules/jest-circus/build/jestAdapterInit.js:757:3)
    at runAndTransformResultsToJestFormat (/Users/cash/github/GetMaximumFitIosApp/node_modules/jest-circus/build/jestAdapterInit.js:1920:21)
    at jestAdapter (/Users/cash/github/GetMaximumFitIosApp/node_modules/jest-circus/build/runner.js:101:19)
    at runTestInternal (/Users/cash/github/GetMaximumFitIosApp/node_modules/jest-runner/build/testWorker.js:275:16)
    at runTest (/Users/cash/github/GetMaximumFitIosApp/node_modules/jest-runner/build/testWorker.js:343:7)
    at Object.worker (/Users/cash/github/GetMaximumFitIosApp/node_modules/jest-runner/build/testWorker.js:497:12)</failure>
    </testcase>
    <testcase classname="SocialAuthButtons Google Sign In should call onError callback when Google sign in fails" name="SocialAuthButtons Google Sign In should call onError callback when Google sign in fails" time="0">
      <failure>TypeError: useAuthFunctions.mockReturnValue is not a function
    at Object.mockReturnValue (/Users/cash/github/GetMaximumFitIosApp/__tests__/socialAuthButtons.test.tsx:69:22)
    at Promise.finally.completed (/Users/cash/github/GetMaximumFitIosApp/node_modules/jest-circus/build/jestAdapterInit.js:1559:28)
    at new Promise (&lt;anonymous&gt;)
    at callAsyncCircusFn (/Users/cash/github/GetMaximumFitIosApp/node_modules/jest-circus/build/jestAdapterInit.js:1499:10)
    at _callCircusHook (/Users/cash/github/GetMaximumFitIosApp/node_modules/jest-circus/build/jestAdapterInit.js:978:40)
    at _runTest (/Users/cash/github/GetMaximumFitIosApp/node_modules/jest-circus/build/jestAdapterInit.js:943:5)
    at _runTestsForDescribeBlock (/Users/cash/github/GetMaximumFitIosApp/node_modules/jest-circus/build/jestAdapterInit.js:839:13)
    at _runTestsForDescribeBlock (/Users/cash/github/GetMaximumFitIosApp/node_modules/jest-circus/build/jestAdapterInit.js:829:11)
    at _runTestsForDescribeBlock (/Users/cash/github/GetMaximumFitIosApp/node_modules/jest-circus/build/jestAdapterInit.js:829:11)
    at run (/Users/cash/github/GetMaximumFitIosApp/node_modules/jest-circus/build/jestAdapterInit.js:757:3)
    at runAndTransformResultsToJestFormat (/Users/cash/github/GetMaximumFitIosApp/node_modules/jest-circus/build/jestAdapterInit.js:1920:21)
    at jestAdapter (/Users/cash/github/GetMaximumFitIosApp/node_modules/jest-circus/build/runner.js:101:19)
    at runTestInternal (/Users/cash/github/GetMaximumFitIosApp/node_modules/jest-runner/build/testWorker.js:275:16)
    at runTest (/Users/cash/github/GetMaximumFitIosApp/node_modules/jest-runner/build/testWorker.js:343:7)
    at Object.worker (/Users/cash/github/GetMaximumFitIosApp/node_modules/jest-runner/build/testWorker.js:497:12)</failure>
    </testcase>
    <testcase classname="SocialAuthButtons Google Sign In should handle Google sign in cancellation gracefully" name="SocialAuthButtons Google Sign In should handle Google sign in cancellation gracefully" time="0.004">
      <failure>TypeError: useAuthFunctions.mockReturnValue is not a function
    at Object.mockReturnValue (/Users/cash/github/GetMaximumFitIosApp/__tests__/socialAuthButtons.test.tsx:69:22)
    at Promise.finally.completed (/Users/cash/github/GetMaximumFitIosApp/node_modules/jest-circus/build/jestAdapterInit.js:1559:28)
    at new Promise (&lt;anonymous&gt;)
    at callAsyncCircusFn (/Users/cash/github/GetMaximumFitIosApp/node_modules/jest-circus/build/jestAdapterInit.js:1499:10)
    at _callCircusHook (/Users/cash/github/GetMaximumFitIosApp/node_modules/jest-circus/build/jestAdapterInit.js:978:40)
    at _runTest (/Users/cash/github/GetMaximumFitIosApp/node_modules/jest-circus/build/jestAdapterInit.js:943:5)
    at _runTestsForDescribeBlock (/Users/cash/github/GetMaximumFitIosApp/node_modules/jest-circus/build/jestAdapterInit.js:839:13)
    at _runTestsForDescribeBlock (/Users/cash/github/GetMaximumFitIosApp/node_modules/jest-circus/build/jestAdapterInit.js:829:11)
    at _runTestsForDescribeBlock (/Users/cash/github/GetMaximumFitIosApp/node_modules/jest-circus/build/jestAdapterInit.js:829:11)
    at run (/Users/cash/github/GetMaximumFitIosApp/node_modules/jest-circus/build/jestAdapterInit.js:757:3)
    at runAndTransformResultsToJestFormat (/Users/cash/github/GetMaximumFitIosApp/node_modules/jest-circus/build/jestAdapterInit.js:1920:21)
    at jestAdapter (/Users/cash/github/GetMaximumFitIosApp/node_modules/jest-circus/build/runner.js:101:19)
    at runTestInternal (/Users/cash/github/GetMaximumFitIosApp/node_modules/jest-runner/build/testWorker.js:275:16)
    at runTest (/Users/cash/github/GetMaximumFitIosApp/node_modules/jest-runner/build/testWorker.js:343:7)
    at Object.worker (/Users/cash/github/GetMaximumFitIosApp/node_modules/jest-runner/build/testWorker.js:497:12)</failure>
    </testcase>
    <testcase classname="SocialAuthButtons Google Sign In should handle network errors during Google sign in" name="SocialAuthButtons Google Sign In should handle network errors during Google sign in" time="0">
      <failure>TypeError: useAuthFunctions.mockReturnValue is not a function
    at Object.mockReturnValue (/Users/cash/github/GetMaximumFitIosApp/__tests__/socialAuthButtons.test.tsx:69:22)
    at Promise.finally.completed (/Users/cash/github/GetMaximumFitIosApp/node_modules/jest-circus/build/jestAdapterInit.js:1559:28)
    at new Promise (&lt;anonymous&gt;)
    at callAsyncCircusFn (/Users/cash/github/GetMaximumFitIosApp/node_modules/jest-circus/build/jestAdapterInit.js:1499:10)
    at _callCircusHook (/Users/cash/github/GetMaximumFitIosApp/node_modules/jest-circus/build/jestAdapterInit.js:978:40)
    at _runTest (/Users/cash/github/GetMaximumFitIosApp/node_modules/jest-circus/build/jestAdapterInit.js:943:5)
    at _runTestsForDescribeBlock (/Users/cash/github/GetMaximumFitIosApp/node_modules/jest-circus/build/jestAdapterInit.js:839:13)
    at _runTestsForDescribeBlock (/Users/cash/github/GetMaximumFitIosApp/node_modules/jest-circus/build/jestAdapterInit.js:829:11)
    at _runTestsForDescribeBlock (/Users/cash/github/GetMaximumFitIosApp/node_modules/jest-circus/build/jestAdapterInit.js:829:11)
    at run (/Users/cash/github/GetMaximumFitIosApp/node_modules/jest-circus/build/jestAdapterInit.js:757:3)
    at runAndTransformResultsToJestFormat (/Users/cash/github/GetMaximumFitIosApp/node_modules/jest-circus/build/jestAdapterInit.js:1920:21)
    at jestAdapter (/Users/cash/github/GetMaximumFitIosApp/node_modules/jest-circus/build/runner.js:101:19)
    at runTestInternal (/Users/cash/github/GetMaximumFitIosApp/node_modules/jest-runner/build/testWorker.js:275:16)
    at runTest (/Users/cash/github/GetMaximumFitIosApp/node_modules/jest-runner/build/testWorker.js:343:7)
    at Object.worker (/Users/cash/github/GetMaximumFitIosApp/node_modules/jest-runner/build/testWorker.js:497:12)</failure>
    </testcase>
    <testcase classname="SocialAuthButtons Apple Sign In should call signInWithApple when Apple button is pressed" name="SocialAuthButtons Apple Sign In should call signInWithApple when Apple button is pressed" time="0">
      <failure>TypeError: useAuthFunctions.mockReturnValue is not a function
    at Object.mockReturnValue (/Users/cash/github/GetMaximumFitIosApp/__tests__/socialAuthButtons.test.tsx:69:22)
    at Promise.finally.completed (/Users/cash/github/GetMaximumFitIosApp/node_modules/jest-circus/build/jestAdapterInit.js:1559:28)
    at new Promise (&lt;anonymous&gt;)
    at callAsyncCircusFn (/Users/cash/github/GetMaximumFitIosApp/node_modules/jest-circus/build/jestAdapterInit.js:1499:10)
    at _callCircusHook (/Users/cash/github/GetMaximumFitIosApp/node_modules/jest-circus/build/jestAdapterInit.js:978:40)
    at _runTest (/Users/cash/github/GetMaximumFitIosApp/node_modules/jest-circus/build/jestAdapterInit.js:943:5)
    at _runTestsForDescribeBlock (/Users/cash/github/GetMaximumFitIosApp/node_modules/jest-circus/build/jestAdapterInit.js:839:13)
    at _runTestsForDescribeBlock (/Users/cash/github/GetMaximumFitIosApp/node_modules/jest-circus/build/jestAdapterInit.js:829:11)
    at _runTestsForDescribeBlock (/Users/cash/github/GetMaximumFitIosApp/node_modules/jest-circus/build/jestAdapterInit.js:829:11)
    at run (/Users/cash/github/GetMaximumFitIosApp/node_modules/jest-circus/build/jestAdapterInit.js:757:3)
    at runAndTransformResultsToJestFormat (/Users/cash/github/GetMaximumFitIosApp/node_modules/jest-circus/build/jestAdapterInit.js:1920:21)
    at jestAdapter (/Users/cash/github/GetMaximumFitIosApp/node_modules/jest-circus/build/runner.js:101:19)
    at runTestInternal (/Users/cash/github/GetMaximumFitIosApp/node_modules/jest-runner/build/testWorker.js:275:16)
    at runTest (/Users/cash/github/GetMaximumFitIosApp/node_modules/jest-runner/build/testWorker.js:343:7)
    at Object.worker (/Users/cash/github/GetMaximumFitIosApp/node_modules/jest-runner/build/testWorker.js:497:12)</failure>
    </testcase>
    <testcase classname="SocialAuthButtons Apple Sign In should show loading state during Apple sign in" name="SocialAuthButtons Apple Sign In should show loading state during Apple sign in" time="0.001">
      <failure>TypeError: useAuthFunctions.mockReturnValue is not a function
    at Object.mockReturnValue (/Users/cash/github/GetMaximumFitIosApp/__tests__/socialAuthButtons.test.tsx:69:22)
    at Promise.finally.completed (/Users/cash/github/GetMaximumFitIosApp/node_modules/jest-circus/build/jestAdapterInit.js:1559:28)
    at new Promise (&lt;anonymous&gt;)
    at callAsyncCircusFn (/Users/cash/github/GetMaximumFitIosApp/node_modules/jest-circus/build/jestAdapterInit.js:1499:10)
    at _callCircusHook (/Users/cash/github/GetMaximumFitIosApp/node_modules/jest-circus/build/jestAdapterInit.js:978:40)
    at _runTest (/Users/cash/github/GetMaximumFitIosApp/node_modules/jest-circus/build/jestAdapterInit.js:943:5)
    at _runTestsForDescribeBlock (/Users/cash/github/GetMaximumFitIosApp/node_modules/jest-circus/build/jestAdapterInit.js:839:13)
    at _runTestsForDescribeBlock (/Users/cash/github/GetMaximumFitIosApp/node_modules/jest-circus/build/jestAdapterInit.js:829:11)
    at _runTestsForDescribeBlock (/Users/cash/github/GetMaximumFitIosApp/node_modules/jest-circus/build/jestAdapterInit.js:829:11)
    at run (/Users/cash/github/GetMaximumFitIosApp/node_modules/jest-circus/build/jestAdapterInit.js:757:3)
    at runAndTransformResultsToJestFormat (/Users/cash/github/GetMaximumFitIosApp/node_modules/jest-circus/build/jestAdapterInit.js:1920:21)
    at jestAdapter (/Users/cash/github/GetMaximumFitIosApp/node_modules/jest-circus/build/runner.js:101:19)
    at runTestInternal (/Users/cash/github/GetMaximumFitIosApp/node_modules/jest-runner/build/testWorker.js:275:16)
    at runTest (/Users/cash/github/GetMaximumFitIosApp/node_modules/jest-runner/build/testWorker.js:343:7)
    at Object.worker (/Users/cash/github/GetMaximumFitIosApp/node_modules/jest-runner/build/testWorker.js:497:12)</failure>
    </testcase>
    <testcase classname="SocialAuthButtons Apple Sign In should call onSuccess callback after successful Apple sign in" name="SocialAuthButtons Apple Sign In should call onSuccess callback after successful Apple sign in" time="0">
      <failure>TypeError: useAuthFunctions.mockReturnValue is not a function
    at Object.mockReturnValue (/Users/cash/github/GetMaximumFitIosApp/__tests__/socialAuthButtons.test.tsx:69:22)
    at Promise.finally.completed (/Users/cash/github/GetMaximumFitIosApp/node_modules/jest-circus/build/jestAdapterInit.js:1559:28)
    at new Promise (&lt;anonymous&gt;)
    at callAsyncCircusFn (/Users/cash/github/GetMaximumFitIosApp/node_modules/jest-circus/build/jestAdapterInit.js:1499:10)
    at _callCircusHook (/Users/cash/github/GetMaximumFitIosApp/node_modules/jest-circus/build/jestAdapterInit.js:978:40)
    at _runTest (/Users/cash/github/GetMaximumFitIosApp/node_modules/jest-circus/build/jestAdapterInit.js:943:5)
    at _runTestsForDescribeBlock (/Users/cash/github/GetMaximumFitIosApp/node_modules/jest-circus/build/jestAdapterInit.js:839:13)
    at _runTestsForDescribeBlock (/Users/cash/github/GetMaximumFitIosApp/node_modules/jest-circus/build/jestAdapterInit.js:829:11)
    at _runTestsForDescribeBlock (/Users/cash/github/GetMaximumFitIosApp/node_modules/jest-circus/build/jestAdapterInit.js:829:11)
    at run (/Users/cash/github/GetMaximumFitIosApp/node_modules/jest-circus/build/jestAdapterInit.js:757:3)
    at runAndTransformResultsToJestFormat (/Users/cash/github/GetMaximumFitIosApp/node_modules/jest-circus/build/jestAdapterInit.js:1920:21)
    at jestAdapter (/Users/cash/github/GetMaximumFitIosApp/node_modules/jest-circus/build/runner.js:101:19)
    at runTestInternal (/Users/cash/github/GetMaximumFitIosApp/node_modules/jest-runner/build/testWorker.js:275:16)
    at runTest (/Users/cash/github/GetMaximumFitIosApp/node_modules/jest-runner/build/testWorker.js:343:7)
    at Object.worker (/Users/cash/github/GetMaximumFitIosApp/node_modules/jest-runner/build/testWorker.js:497:12)</failure>
    </testcase>
    <testcase classname="SocialAuthButtons Apple Sign In should call onError callback when Apple sign in fails" name="SocialAuthButtons Apple Sign In should call onError callback when Apple sign in fails" time="0.001">
      <failure>TypeError: useAuthFunctions.mockReturnValue is not a function
    at Object.mockReturnValue (/Users/cash/github/GetMaximumFitIosApp/__tests__/socialAuthButtons.test.tsx:69:22)
    at Promise.finally.completed (/Users/cash/github/GetMaximumFitIosApp/node_modules/jest-circus/build/jestAdapterInit.js:1559:28)
    at new Promise (&lt;anonymous&gt;)
    at callAsyncCircusFn (/Users/cash/github/GetMaximumFitIosApp/node_modules/jest-circus/build/jestAdapterInit.js:1499:10)
    at _callCircusHook (/Users/cash/github/GetMaximumFitIosApp/node_modules/jest-circus/build/jestAdapterInit.js:978:40)
    at _runTest (/Users/cash/github/GetMaximumFitIosApp/node_modules/jest-circus/build/jestAdapterInit.js:943:5)
    at _runTestsForDescribeBlock (/Users/cash/github/GetMaximumFitIosApp/node_modules/jest-circus/build/jestAdapterInit.js:839:13)
    at _runTestsForDescribeBlock (/Users/cash/github/GetMaximumFitIosApp/node_modules/jest-circus/build/jestAdapterInit.js:829:11)
    at _runTestsForDescribeBlock (/Users/cash/github/GetMaximumFitIosApp/node_modules/jest-circus/build/jestAdapterInit.js:829:11)
    at run (/Users/cash/github/GetMaximumFitIosApp/node_modules/jest-circus/build/jestAdapterInit.js:757:3)
    at runAndTransformResultsToJestFormat (/Users/cash/github/GetMaximumFitIosApp/node_modules/jest-circus/build/jestAdapterInit.js:1920:21)
    at jestAdapter (/Users/cash/github/GetMaximumFitIosApp/node_modules/jest-circus/build/runner.js:101:19)
    at runTestInternal (/Users/cash/github/GetMaximumFitIosApp/node_modules/jest-runner/build/testWorker.js:275:16)
    at runTest (/Users/cash/github/GetMaximumFitIosApp/node_modules/jest-runner/build/testWorker.js:343:7)
    at Object.worker (/Users/cash/github/GetMaximumFitIosApp/node_modules/jest-runner/build/testWorker.js:497:12)</failure>
    </testcase>
    <testcase classname="SocialAuthButtons Apple Sign In should handle Apple sign in cancellation gracefully" name="SocialAuthButtons Apple Sign In should handle Apple sign in cancellation gracefully" time="0.001">
      <failure>TypeError: useAuthFunctions.mockReturnValue is not a function
    at Object.mockReturnValue (/Users/cash/github/GetMaximumFitIosApp/__tests__/socialAuthButtons.test.tsx:69:22)
    at Promise.finally.completed (/Users/cash/github/GetMaximumFitIosApp/node_modules/jest-circus/build/jestAdapterInit.js:1559:28)
    at new Promise (&lt;anonymous&gt;)
    at callAsyncCircusFn (/Users/cash/github/GetMaximumFitIosApp/node_modules/jest-circus/build/jestAdapterInit.js:1499:10)
    at _callCircusHook (/Users/cash/github/GetMaximumFitIosApp/node_modules/jest-circus/build/jestAdapterInit.js:978:40)
    at _runTest (/Users/cash/github/GetMaximumFitIosApp/node_modules/jest-circus/build/jestAdapterInit.js:943:5)
    at _runTestsForDescribeBlock (/Users/cash/github/GetMaximumFitIosApp/node_modules/jest-circus/build/jestAdapterInit.js:839:13)
    at _runTestsForDescribeBlock (/Users/cash/github/GetMaximumFitIosApp/node_modules/jest-circus/build/jestAdapterInit.js:829:11)
    at _runTestsForDescribeBlock (/Users/cash/github/GetMaximumFitIosApp/node_modules/jest-circus/build/jestAdapterInit.js:829:11)
    at run (/Users/cash/github/GetMaximumFitIosApp/node_modules/jest-circus/build/jestAdapterInit.js:757:3)
    at runAndTransformResultsToJestFormat (/Users/cash/github/GetMaximumFitIosApp/node_modules/jest-circus/build/jestAdapterInit.js:1920:21)
    at jestAdapter (/Users/cash/github/GetMaximumFitIosApp/node_modules/jest-circus/build/runner.js:101:19)
    at runTestInternal (/Users/cash/github/GetMaximumFitIosApp/node_modules/jest-runner/build/testWorker.js:275:16)
    at runTest (/Users/cash/github/GetMaximumFitIosApp/node_modules/jest-runner/build/testWorker.js:343:7)
    at Object.worker (/Users/cash/github/GetMaximumFitIosApp/node_modules/jest-runner/build/testWorker.js:497:12)</failure>
    </testcase>
    <testcase classname="SocialAuthButtons Navigation After Authentication should navigate to dashboard after successful authentication when authenticated state changes" name="SocialAuthButtons Navigation After Authentication should navigate to dashboard after successful authentication when authenticated state changes" time="0">
      <failure>TypeError: useAuthFunctions.mockReturnValue is not a function
    at Object.mockReturnValue (/Users/cash/github/GetMaximumFitIosApp/__tests__/socialAuthButtons.test.tsx:69:22)
    at Promise.finally.completed (/Users/cash/github/GetMaximumFitIosApp/node_modules/jest-circus/build/jestAdapterInit.js:1559:28)
    at new Promise (&lt;anonymous&gt;)
    at callAsyncCircusFn (/Users/cash/github/GetMaximumFitIosApp/node_modules/jest-circus/build/jestAdapterInit.js:1499:10)
    at _callCircusHook (/Users/cash/github/GetMaximumFitIosApp/node_modules/jest-circus/build/jestAdapterInit.js:978:40)
    at _runTest (/Users/cash/github/GetMaximumFitIosApp/node_modules/jest-circus/build/jestAdapterInit.js:943:5)
    at _runTestsForDescribeBlock (/Users/cash/github/GetMaximumFitIosApp/node_modules/jest-circus/build/jestAdapterInit.js:839:13)
    at _runTestsForDescribeBlock (/Users/cash/github/GetMaximumFitIosApp/node_modules/jest-circus/build/jestAdapterInit.js:829:11)
    at _runTestsForDescribeBlock (/Users/cash/github/GetMaximumFitIosApp/node_modules/jest-circus/build/jestAdapterInit.js:829:11)
    at run (/Users/cash/github/GetMaximumFitIosApp/node_modules/jest-circus/build/jestAdapterInit.js:757:3)
    at runAndTransformResultsToJestFormat (/Users/cash/github/GetMaximumFitIosApp/node_modules/jest-circus/build/jestAdapterInit.js:1920:21)
    at jestAdapter (/Users/cash/github/GetMaximumFitIosApp/node_modules/jest-circus/build/runner.js:101:19)
    at runTestInternal (/Users/cash/github/GetMaximumFitIosApp/node_modules/jest-runner/build/testWorker.js:275:16)
    at runTest (/Users/cash/github/GetMaximumFitIosApp/node_modules/jest-runner/build/testWorker.js:343:7)
    at Object.worker (/Users/cash/github/GetMaximumFitIosApp/node_modules/jest-runner/build/testWorker.js:497:12)</failure>
    </testcase>
    <testcase classname="SocialAuthButtons Navigation After Authentication should not navigate multiple times for same authentication session" name="SocialAuthButtons Navigation After Authentication should not navigate multiple times for same authentication session" time="0.001">
      <failure>TypeError: useAuthFunctions.mockReturnValue is not a function
    at Object.mockReturnValue (/Users/cash/github/GetMaximumFitIosApp/__tests__/socialAuthButtons.test.tsx:69:22)
    at Promise.finally.completed (/Users/cash/github/GetMaximumFitIosApp/node_modules/jest-circus/build/jestAdapterInit.js:1559:28)
    at new Promise (&lt;anonymous&gt;)
    at callAsyncCircusFn (/Users/cash/github/GetMaximumFitIosApp/node_modules/jest-circus/build/jestAdapterInit.js:1499:10)
    at _callCircusHook (/Users/cash/github/GetMaximumFitIosApp/node_modules/jest-circus/build/jestAdapterInit.js:978:40)
    at _runTest (/Users/cash/github/GetMaximumFitIosApp/node_modules/jest-circus/build/jestAdapterInit.js:943:5)
    at _runTestsForDescribeBlock (/Users/cash/github/GetMaximumFitIosApp/node_modules/jest-circus/build/jestAdapterInit.js:839:13)
    at _runTestsForDescribeBlock (/Users/cash/github/GetMaximumFitIosApp/node_modules/jest-circus/build/jestAdapterInit.js:829:11)
    at _runTestsForDescribeBlock (/Users/cash/github/GetMaximumFitIosApp/node_modules/jest-circus/build/jestAdapterInit.js:829:11)
    at run (/Users/cash/github/GetMaximumFitIosApp/node_modules/jest-circus/build/jestAdapterInit.js:757:3)
    at runAndTransformResultsToJestFormat (/Users/cash/github/GetMaximumFitIosApp/node_modules/jest-circus/build/jestAdapterInit.js:1920:21)
    at jestAdapter (/Users/cash/github/GetMaximumFitIosApp/node_modules/jest-circus/build/runner.js:101:19)
    at runTestInternal (/Users/cash/github/GetMaximumFitIosApp/node_modules/jest-runner/build/testWorker.js:275:16)
    at runTest (/Users/cash/github/GetMaximumFitIosApp/node_modules/jest-runner/build/testWorker.js:343:7)
    at Object.worker (/Users/cash/github/GetMaximumFitIosApp/node_modules/jest-runner/build/testWorker.js:497:12)</failure>
    </testcase>
    <testcase classname="SocialAuthButtons Props and Modes should work in signin mode" name="SocialAuthButtons Props and Modes should work in signin mode" time="0.001">
      <failure>TypeError: useAuthFunctions.mockReturnValue is not a function
    at Object.mockReturnValue (/Users/cash/github/GetMaximumFitIosApp/__tests__/socialAuthButtons.test.tsx:69:22)
    at Promise.finally.completed (/Users/cash/github/GetMaximumFitIosApp/node_modules/jest-circus/build/jestAdapterInit.js:1559:28)
    at new Promise (&lt;anonymous&gt;)
    at callAsyncCircusFn (/Users/cash/github/GetMaximumFitIosApp/node_modules/jest-circus/build/jestAdapterInit.js:1499:10)
    at _callCircusHook (/Users/cash/github/GetMaximumFitIosApp/node_modules/jest-circus/build/jestAdapterInit.js:978:40)
    at _runTest (/Users/cash/github/GetMaximumFitIosApp/node_modules/jest-circus/build/jestAdapterInit.js:943:5)
    at _runTestsForDescribeBlock (/Users/cash/github/GetMaximumFitIosApp/node_modules/jest-circus/build/jestAdapterInit.js:839:13)
    at _runTestsForDescribeBlock (/Users/cash/github/GetMaximumFitIosApp/node_modules/jest-circus/build/jestAdapterInit.js:829:11)
    at _runTestsForDescribeBlock (/Users/cash/github/GetMaximumFitIosApp/node_modules/jest-circus/build/jestAdapterInit.js:829:11)
    at run (/Users/cash/github/GetMaximumFitIosApp/node_modules/jest-circus/build/jestAdapterInit.js:757:3)
    at runAndTransformResultsToJestFormat (/Users/cash/github/GetMaximumFitIosApp/node_modules/jest-circus/build/jestAdapterInit.js:1920:21)
    at jestAdapter (/Users/cash/github/GetMaximumFitIosApp/node_modules/jest-circus/build/runner.js:101:19)
    at runTestInternal (/Users/cash/github/GetMaximumFitIosApp/node_modules/jest-runner/build/testWorker.js:275:16)
    at runTest (/Users/cash/github/GetMaximumFitIosApp/node_modules/jest-runner/build/testWorker.js:343:7)
    at Object.worker (/Users/cash/github/GetMaximumFitIosApp/node_modules/jest-runner/build/testWorker.js:497:12)</failure>
    </testcase>
    <testcase classname="SocialAuthButtons Props and Modes should work in signup mode" name="SocialAuthButtons Props and Modes should work in signup mode" time="0.001">
      <failure>TypeError: useAuthFunctions.mockReturnValue is not a function
    at Object.mockReturnValue (/Users/cash/github/GetMaximumFitIosApp/__tests__/socialAuthButtons.test.tsx:69:22)
    at Promise.finally.completed (/Users/cash/github/GetMaximumFitIosApp/node_modules/jest-circus/build/jestAdapterInit.js:1559:28)
    at new Promise (&lt;anonymous&gt;)
    at callAsyncCircusFn (/Users/cash/github/GetMaximumFitIosApp/node_modules/jest-circus/build/jestAdapterInit.js:1499:10)
    at _callCircusHook (/Users/cash/github/GetMaximumFitIosApp/node_modules/jest-circus/build/jestAdapterInit.js:978:40)
    at _runTest (/Users/cash/github/GetMaximumFitIosApp/node_modules/jest-circus/build/jestAdapterInit.js:943:5)
    at _runTestsForDescribeBlock (/Users/cash/github/GetMaximumFitIosApp/node_modules/jest-circus/build/jestAdapterInit.js:839:13)
    at _runTestsForDescribeBlock (/Users/cash/github/GetMaximumFitIosApp/node_modules/jest-circus/build/jestAdapterInit.js:829:11)
    at _runTestsForDescribeBlock (/Users/cash/github/GetMaximumFitIosApp/node_modules/jest-circus/build/jestAdapterInit.js:829:11)
    at run (/Users/cash/github/GetMaximumFitIosApp/node_modules/jest-circus/build/jestAdapterInit.js:757:3)
    at runAndTransformResultsToJestFormat (/Users/cash/github/GetMaximumFitIosApp/node_modules/jest-circus/build/jestAdapterInit.js:1920:21)
    at jestAdapter (/Users/cash/github/GetMaximumFitIosApp/node_modules/jest-circus/build/runner.js:101:19)
    at runTestInternal (/Users/cash/github/GetMaximumFitIosApp/node_modules/jest-runner/build/testWorker.js:275:16)
    at runTest (/Users/cash/github/GetMaximumFitIosApp/node_modules/jest-runner/build/testWorker.js:343:7)
    at Object.worker (/Users/cash/github/GetMaximumFitIosApp/node_modules/jest-runner/build/testWorker.js:497:12)</failure>
    </testcase>
    <testcase classname="SocialAuthButtons Props and Modes should call provided callbacks" name="SocialAuthButtons Props and Modes should call provided callbacks" time="0.004">
      <failure>TypeError: useAuthFunctions.mockReturnValue is not a function
    at Object.mockReturnValue (/Users/cash/github/GetMaximumFitIosApp/__tests__/socialAuthButtons.test.tsx:69:22)
    at Promise.finally.completed (/Users/cash/github/GetMaximumFitIosApp/node_modules/jest-circus/build/jestAdapterInit.js:1559:28)
    at new Promise (&lt;anonymous&gt;)
    at callAsyncCircusFn (/Users/cash/github/GetMaximumFitIosApp/node_modules/jest-circus/build/jestAdapterInit.js:1499:10)
    at _callCircusHook (/Users/cash/github/GetMaximumFitIosApp/node_modules/jest-circus/build/jestAdapterInit.js:978:40)
    at _runTest (/Users/cash/github/GetMaximumFitIosApp/node_modules/jest-circus/build/jestAdapterInit.js:943:5)
    at _runTestsForDescribeBlock (/Users/cash/github/GetMaximumFitIosApp/node_modules/jest-circus/build/jestAdapterInit.js:839:13)
    at _runTestsForDescribeBlock (/Users/cash/github/GetMaximumFitIosApp/node_modules/jest-circus/build/jestAdapterInit.js:829:11)
    at _runTestsForDescribeBlock (/Users/cash/github/GetMaximumFitIosApp/node_modules/jest-circus/build/jestAdapterInit.js:829:11)
    at run (/Users/cash/github/GetMaximumFitIosApp/node_modules/jest-circus/build/jestAdapterInit.js:757:3)
    at runAndTransformResultsToJestFormat (/Users/cash/github/GetMaximumFitIosApp/node_modules/jest-circus/build/jestAdapterInit.js:1920:21)
    at jestAdapter (/Users/cash/github/GetMaximumFitIosApp/node_modules/jest-circus/build/runner.js:101:19)
    at runTestInternal (/Users/cash/github/GetMaximumFitIosApp/node_modules/jest-runner/build/testWorker.js:275:16)
    at runTest (/Users/cash/github/GetMaximumFitIosApp/node_modules/jest-runner/build/testWorker.js:343:7)
    at Object.worker (/Users/cash/github/GetMaximumFitIosApp/node_modules/jest-runner/build/testWorker.js:497:12)</failure>
    </testcase>
    <testcase classname="SocialAuthButtons Error Scenarios should handle unexpected errors gracefully" name="SocialAuthButtons Error Scenarios should handle unexpected errors gracefully" time="0.005">
      <failure>TypeError: useAuthFunctions.mockReturnValue is not a function
    at Object.mockReturnValue (/Users/cash/github/GetMaximumFitIosApp/__tests__/socialAuthButtons.test.tsx:69:22)
    at Promise.finally.completed (/Users/cash/github/GetMaximumFitIosApp/node_modules/jest-circus/build/jestAdapterInit.js:1559:28)
    at new Promise (&lt;anonymous&gt;)
    at callAsyncCircusFn (/Users/cash/github/GetMaximumFitIosApp/node_modules/jest-circus/build/jestAdapterInit.js:1499:10)
    at _callCircusHook (/Users/cash/github/GetMaximumFitIosApp/node_modules/jest-circus/build/jestAdapterInit.js:978:40)
    at _runTest (/Users/cash/github/GetMaximumFitIosApp/node_modules/jest-circus/build/jestAdapterInit.js:943:5)
    at _runTestsForDescribeBlock (/Users/cash/github/GetMaximumFitIosApp/node_modules/jest-circus/build/jestAdapterInit.js:839:13)
    at _runTestsForDescribeBlock (/Users/cash/github/GetMaximumFitIosApp/node_modules/jest-circus/build/jestAdapterInit.js:829:11)
    at _runTestsForDescribeBlock (/Users/cash/github/GetMaximumFitIosApp/node_modules/jest-circus/build/jestAdapterInit.js:829:11)
    at run (/Users/cash/github/GetMaximumFitIosApp/node_modules/jest-circus/build/jestAdapterInit.js:757:3)
    at runAndTransformResultsToJestFormat (/Users/cash/github/GetMaximumFitIosApp/node_modules/jest-circus/build/jestAdapterInit.js:1920:21)
    at jestAdapter (/Users/cash/github/GetMaximumFitIosApp/node_modules/jest-circus/build/runner.js:101:19)
    at runTestInternal (/Users/cash/github/GetMaximumFitIosApp/node_modules/jest-runner/build/testWorker.js:275:16)
    at runTest (/Users/cash/github/GetMaximumFitIosApp/node_modules/jest-runner/build/testWorker.js:343:7)
    at Object.worker (/Users/cash/github/GetMaximumFitIosApp/node_modules/jest-runner/build/testWorker.js:497:12)</failure>
    </testcase>
    <testcase classname="SocialAuthButtons Error Scenarios should prevent multiple simultaneous sign in attempts" name="SocialAuthButtons Error Scenarios should prevent multiple simultaneous sign in attempts" time="0">
      <failure>TypeError: useAuthFunctions.mockReturnValue is not a function
    at Object.mockReturnValue (/Users/cash/github/GetMaximumFitIosApp/__tests__/socialAuthButtons.test.tsx:69:22)
    at Promise.finally.completed (/Users/cash/github/GetMaximumFitIosApp/node_modules/jest-circus/build/jestAdapterInit.js:1559:28)
    at new Promise (&lt;anonymous&gt;)
    at callAsyncCircusFn (/Users/cash/github/GetMaximumFitIosApp/node_modules/jest-circus/build/jestAdapterInit.js:1499:10)
    at _callCircusHook (/Users/cash/github/GetMaximumFitIosApp/node_modules/jest-circus/build/jestAdapterInit.js:978:40)
    at _runTest (/Users/cash/github/GetMaximumFitIosApp/node_modules/jest-circus/build/jestAdapterInit.js:943:5)
    at _runTestsForDescribeBlock (/Users/cash/github/GetMaximumFitIosApp/node_modules/jest-circus/build/jestAdapterInit.js:839:13)
    at _runTestsForDescribeBlock (/Users/cash/github/GetMaximumFitIosApp/node_modules/jest-circus/build/jestAdapterInit.js:829:11)
    at _runTestsForDescribeBlock (/Users/cash/github/GetMaximumFitIosApp/node_modules/jest-circus/build/jestAdapterInit.js:829:11)
    at run (/Users/cash/github/GetMaximumFitIosApp/node_modules/jest-circus/build/jestAdapterInit.js:757:3)
    at runAndTransformResultsToJestFormat (/Users/cash/github/GetMaximumFitIosApp/node_modules/jest-circus/build/jestAdapterInit.js:1920:21)
    at jestAdapter (/Users/cash/github/GetMaximumFitIosApp/node_modules/jest-circus/build/runner.js:101:19)
    at runTestInternal (/Users/cash/github/GetMaximumFitIosApp/node_modules/jest-runner/build/testWorker.js:275:16)
    at runTest (/Users/cash/github/GetMaximumFitIosApp/node_modules/jest-runner/build/testWorker.js:343:7)
    at Object.worker (/Users/cash/github/GetMaximumFitIosApp/node_modules/jest-runner/build/testWorker.js:497:12)</failure>
    </testcase>
    <testcase classname="SocialAuthButtons Error Scenarios should handle Apple availability check failure" name="SocialAuthButtons Error Scenarios should handle Apple availability check failure" time="0">
      <failure>TypeError: useAuthFunctions.mockReturnValue is not a function
    at Object.mockReturnValue (/Users/cash/github/GetMaximumFitIosApp/__tests__/socialAuthButtons.test.tsx:69:22)
    at Promise.finally.completed (/Users/cash/github/GetMaximumFitIosApp/node_modules/jest-circus/build/jestAdapterInit.js:1559:28)
    at new Promise (&lt;anonymous&gt;)
    at callAsyncCircusFn (/Users/cash/github/GetMaximumFitIosApp/node_modules/jest-circus/build/jestAdapterInit.js:1499:10)
    at _callCircusHook (/Users/cash/github/GetMaximumFitIosApp/node_modules/jest-circus/build/jestAdapterInit.js:978:40)
    at _runTest (/Users/cash/github/GetMaximumFitIosApp/node_modules/jest-circus/build/jestAdapterInit.js:943:5)
    at _runTestsForDescribeBlock (/Users/cash/github/GetMaximumFitIosApp/node_modules/jest-circus/build/jestAdapterInit.js:839:13)
    at _runTestsForDescribeBlock (/Users/cash/github/GetMaximumFitIosApp/node_modules/jest-circus/build/jestAdapterInit.js:829:11)
    at _runTestsForDescribeBlock (/Users/cash/github/GetMaximumFitIosApp/node_modules/jest-circus/build/jestAdapterInit.js:829:11)
    at run (/Users/cash/github/GetMaximumFitIosApp/node_modules/jest-circus/build/jestAdapterInit.js:757:3)
    at runAndTransformResultsToJestFormat (/Users/cash/github/GetMaximumFitIosApp/node_modules/jest-circus/build/jestAdapterInit.js:1920:21)
    at jestAdapter (/Users/cash/github/GetMaximumFitIosApp/node_modules/jest-circus/build/runner.js:101:19)
    at runTestInternal (/Users/cash/github/GetMaximumFitIosApp/node_modules/jest-runner/build/testWorker.js:275:16)
    at runTest (/Users/cash/github/GetMaximumFitIosApp/node_modules/jest-runner/build/testWorker.js:343:7)
    at Object.worker (/Users/cash/github/GetMaximumFitIosApp/node_modules/jest-runner/build/testWorker.js:497:12)</failure>
    </testcase>
  </testsuite>
  <testsuite name="LoginScreen" errors="0" failures="21" skipped="0" timestamp="2025-07-25T00:45:38" time="0.687" tests="21">
    <testcase classname="LoginScreen Rendering and UI should render login form by default" name="LoginScreen Rendering and UI should render login form by default" time="0.003">
      <failure>TypeError: useAuthFunctions.mockReturnValue is not a function
    at Object.mockReturnValue (/Users/cash/github/GetMaximumFitIosApp/__tests__/loginScreen.test.tsx:46:22)
    at Promise.finally.completed (/Users/cash/github/GetMaximumFitIosApp/node_modules/jest-circus/build/jestAdapterInit.js:1559:28)
    at new Promise (&lt;anonymous&gt;)
    at callAsyncCircusFn (/Users/cash/github/GetMaximumFitIosApp/node_modules/jest-circus/build/jestAdapterInit.js:1499:10)
    at _callCircusHook (/Users/cash/github/GetMaximumFitIosApp/node_modules/jest-circus/build/jestAdapterInit.js:978:40)
    at processTicksAndRejections (node:internal/process/task_queues:105:5)
    at _runTest (/Users/cash/github/GetMaximumFitIosApp/node_modules/jest-circus/build/jestAdapterInit.js:943:5)
    at _runTestsForDescribeBlock (/Users/cash/github/GetMaximumFitIosApp/node_modules/jest-circus/build/jestAdapterInit.js:839:13)
    at _runTestsForDescribeBlock (/Users/cash/github/GetMaximumFitIosApp/node_modules/jest-circus/build/jestAdapterInit.js:829:11)
    at _runTestsForDescribeBlock (/Users/cash/github/GetMaximumFitIosApp/node_modules/jest-circus/build/jestAdapterInit.js:829:11)
    at run (/Users/cash/github/GetMaximumFitIosApp/node_modules/jest-circus/build/jestAdapterInit.js:757:3)
    at runAndTransformResultsToJestFormat (/Users/cash/github/GetMaximumFitIosApp/node_modules/jest-circus/build/jestAdapterInit.js:1920:21)
    at jestAdapter (/Users/cash/github/GetMaximumFitIosApp/node_modules/jest-circus/build/runner.js:101:19)
    at runTestInternal (/Users/cash/github/GetMaximumFitIosApp/node_modules/jest-runner/build/testWorker.js:275:16)
    at runTest (/Users/cash/github/GetMaximumFitIosApp/node_modules/jest-runner/build/testWorker.js:343:7)
    at Object.worker (/Users/cash/github/GetMaximumFitIosApp/node_modules/jest-runner/build/testWorker.js:497:12)</failure>
    </testcase>
    <testcase classname="LoginScreen Rendering and UI should switch to sign up form when toggle is pressed" name="LoginScreen Rendering and UI should switch to sign up form when toggle is pressed" time="0.007">
      <failure>TypeError: useAuthFunctions.mockReturnValue is not a function
    at Object.mockReturnValue (/Users/cash/github/GetMaximumFitIosApp/__tests__/loginScreen.test.tsx:46:22)
    at Promise.finally.completed (/Users/cash/github/GetMaximumFitIosApp/node_modules/jest-circus/build/jestAdapterInit.js:1559:28)
    at new Promise (&lt;anonymous&gt;)
    at callAsyncCircusFn (/Users/cash/github/GetMaximumFitIosApp/node_modules/jest-circus/build/jestAdapterInit.js:1499:10)
    at _callCircusHook (/Users/cash/github/GetMaximumFitIosApp/node_modules/jest-circus/build/jestAdapterInit.js:978:40)
    at _runTest (/Users/cash/github/GetMaximumFitIosApp/node_modules/jest-circus/build/jestAdapterInit.js:943:5)
    at _runTestsForDescribeBlock (/Users/cash/github/GetMaximumFitIosApp/node_modules/jest-circus/build/jestAdapterInit.js:839:13)
    at _runTestsForDescribeBlock (/Users/cash/github/GetMaximumFitIosApp/node_modules/jest-circus/build/jestAdapterInit.js:829:11)
    at _runTestsForDescribeBlock (/Users/cash/github/GetMaximumFitIosApp/node_modules/jest-circus/build/jestAdapterInit.js:829:11)
    at run (/Users/cash/github/GetMaximumFitIosApp/node_modules/jest-circus/build/jestAdapterInit.js:757:3)
    at runAndTransformResultsToJestFormat (/Users/cash/github/GetMaximumFitIosApp/node_modules/jest-circus/build/jestAdapterInit.js:1920:21)
    at jestAdapter (/Users/cash/github/GetMaximumFitIosApp/node_modules/jest-circus/build/runner.js:101:19)
    at runTestInternal (/Users/cash/github/GetMaximumFitIosApp/node_modules/jest-runner/build/testWorker.js:275:16)
    at runTest (/Users/cash/github/GetMaximumFitIosApp/node_modules/jest-runner/build/testWorker.js:343:7)
    at Object.worker (/Users/cash/github/GetMaximumFitIosApp/node_modules/jest-runner/build/testWorker.js:497:12)</failure>
    </testcase>
    <testcase classname="LoginScreen Rendering and UI should display all sign up fields when in sign up mode" name="LoginScreen Rendering and UI should display all sign up fields when in sign up mode" time="0.001">
      <failure>TypeError: useAuthFunctions.mockReturnValue is not a function
    at Object.mockReturnValue (/Users/cash/github/GetMaximumFitIosApp/__tests__/loginScreen.test.tsx:46:22)
    at Promise.finally.completed (/Users/cash/github/GetMaximumFitIosApp/node_modules/jest-circus/build/jestAdapterInit.js:1559:28)
    at new Promise (&lt;anonymous&gt;)
    at callAsyncCircusFn (/Users/cash/github/GetMaximumFitIosApp/node_modules/jest-circus/build/jestAdapterInit.js:1499:10)
    at _callCircusHook (/Users/cash/github/GetMaximumFitIosApp/node_modules/jest-circus/build/jestAdapterInit.js:978:40)
    at _runTest (/Users/cash/github/GetMaximumFitIosApp/node_modules/jest-circus/build/jestAdapterInit.js:943:5)
    at _runTestsForDescribeBlock (/Users/cash/github/GetMaximumFitIosApp/node_modules/jest-circus/build/jestAdapterInit.js:839:13)
    at _runTestsForDescribeBlock (/Users/cash/github/GetMaximumFitIosApp/node_modules/jest-circus/build/jestAdapterInit.js:829:11)
    at _runTestsForDescribeBlock (/Users/cash/github/GetMaximumFitIosApp/node_modules/jest-circus/build/jestAdapterInit.js:829:11)
    at run (/Users/cash/github/GetMaximumFitIosApp/node_modules/jest-circus/build/jestAdapterInit.js:757:3)
    at runAndTransformResultsToJestFormat (/Users/cash/github/GetMaximumFitIosApp/node_modules/jest-circus/build/jestAdapterInit.js:1920:21)
    at jestAdapter (/Users/cash/github/GetMaximumFitIosApp/node_modules/jest-circus/build/runner.js:101:19)
    at runTestInternal (/Users/cash/github/GetMaximumFitIosApp/node_modules/jest-runner/build/testWorker.js:275:16)
    at runTest (/Users/cash/github/GetMaximumFitIosApp/node_modules/jest-runner/build/testWorker.js:343:7)
    at Object.worker (/Users/cash/github/GetMaximumFitIosApp/node_modules/jest-runner/build/testWorker.js:497:12)</failure>
    </testcase>
    <testcase classname="LoginScreen Form Validation should show error when email is empty on sign in" name="LoginScreen Form Validation should show error when email is empty on sign in" time="0">
      <failure>TypeError: useAuthFunctions.mockReturnValue is not a function
    at Object.mockReturnValue (/Users/cash/github/GetMaximumFitIosApp/__tests__/loginScreen.test.tsx:46:22)
    at Promise.finally.completed (/Users/cash/github/GetMaximumFitIosApp/node_modules/jest-circus/build/jestAdapterInit.js:1559:28)
    at new Promise (&lt;anonymous&gt;)
    at callAsyncCircusFn (/Users/cash/github/GetMaximumFitIosApp/node_modules/jest-circus/build/jestAdapterInit.js:1499:10)
    at _callCircusHook (/Users/cash/github/GetMaximumFitIosApp/node_modules/jest-circus/build/jestAdapterInit.js:978:40)
    at _runTest (/Users/cash/github/GetMaximumFitIosApp/node_modules/jest-circus/build/jestAdapterInit.js:943:5)
    at _runTestsForDescribeBlock (/Users/cash/github/GetMaximumFitIosApp/node_modules/jest-circus/build/jestAdapterInit.js:839:13)
    at _runTestsForDescribeBlock (/Users/cash/github/GetMaximumFitIosApp/node_modules/jest-circus/build/jestAdapterInit.js:829:11)
    at _runTestsForDescribeBlock (/Users/cash/github/GetMaximumFitIosApp/node_modules/jest-circus/build/jestAdapterInit.js:829:11)
    at run (/Users/cash/github/GetMaximumFitIosApp/node_modules/jest-circus/build/jestAdapterInit.js:757:3)
    at runAndTransformResultsToJestFormat (/Users/cash/github/GetMaximumFitIosApp/node_modules/jest-circus/build/jestAdapterInit.js:1920:21)
    at jestAdapter (/Users/cash/github/GetMaximumFitIosApp/node_modules/jest-circus/build/runner.js:101:19)
    at runTestInternal (/Users/cash/github/GetMaximumFitIosApp/node_modules/jest-runner/build/testWorker.js:275:16)
    at runTest (/Users/cash/github/GetMaximumFitIosApp/node_modules/jest-runner/build/testWorker.js:343:7)
    at Object.worker (/Users/cash/github/GetMaximumFitIosApp/node_modules/jest-runner/build/testWorker.js:497:12)</failure>
    </testcase>
    <testcase classname="LoginScreen Form Validation should show error when password is empty on sign in" name="LoginScreen Form Validation should show error when password is empty on sign in" time="0.001">
      <failure>TypeError: useAuthFunctions.mockReturnValue is not a function
    at Object.mockReturnValue (/Users/cash/github/GetMaximumFitIosApp/__tests__/loginScreen.test.tsx:46:22)
    at Promise.finally.completed (/Users/cash/github/GetMaximumFitIosApp/node_modules/jest-circus/build/jestAdapterInit.js:1559:28)
    at new Promise (&lt;anonymous&gt;)
    at callAsyncCircusFn (/Users/cash/github/GetMaximumFitIosApp/node_modules/jest-circus/build/jestAdapterInit.js:1499:10)
    at _callCircusHook (/Users/cash/github/GetMaximumFitIosApp/node_modules/jest-circus/build/jestAdapterInit.js:978:40)
    at _runTest (/Users/cash/github/GetMaximumFitIosApp/node_modules/jest-circus/build/jestAdapterInit.js:943:5)
    at _runTestsForDescribeBlock (/Users/cash/github/GetMaximumFitIosApp/node_modules/jest-circus/build/jestAdapterInit.js:839:13)
    at _runTestsForDescribeBlock (/Users/cash/github/GetMaximumFitIosApp/node_modules/jest-circus/build/jestAdapterInit.js:829:11)
    at _runTestsForDescribeBlock (/Users/cash/github/GetMaximumFitIosApp/node_modules/jest-circus/build/jestAdapterInit.js:829:11)
    at run (/Users/cash/github/GetMaximumFitIosApp/node_modules/jest-circus/build/jestAdapterInit.js:757:3)
    at runAndTransformResultsToJestFormat (/Users/cash/github/GetMaximumFitIosApp/node_modules/jest-circus/build/jestAdapterInit.js:1920:21)
    at jestAdapter (/Users/cash/github/GetMaximumFitIosApp/node_modules/jest-circus/build/runner.js:101:19)
    at runTestInternal (/Users/cash/github/GetMaximumFitIosApp/node_modules/jest-runner/build/testWorker.js:275:16)
    at runTest (/Users/cash/github/GetMaximumFitIosApp/node_modules/jest-runner/build/testWorker.js:343:7)
    at Object.worker (/Users/cash/github/GetMaximumFitIosApp/node_modules/jest-runner/build/testWorker.js:497:12)</failure>
    </testcase>
    <testcase classname="LoginScreen Form Validation should show error when required fields are empty on sign up" name="LoginScreen Form Validation should show error when required fields are empty on sign up" time="0.001">
      <failure>TypeError: useAuthFunctions.mockReturnValue is not a function
    at Object.mockReturnValue (/Users/cash/github/GetMaximumFitIosApp/__tests__/loginScreen.test.tsx:46:22)
    at Promise.finally.completed (/Users/cash/github/GetMaximumFitIosApp/node_modules/jest-circus/build/jestAdapterInit.js:1559:28)
    at new Promise (&lt;anonymous&gt;)
    at callAsyncCircusFn (/Users/cash/github/GetMaximumFitIosApp/node_modules/jest-circus/build/jestAdapterInit.js:1499:10)
    at _callCircusHook (/Users/cash/github/GetMaximumFitIosApp/node_modules/jest-circus/build/jestAdapterInit.js:978:40)
    at _runTest (/Users/cash/github/GetMaximumFitIosApp/node_modules/jest-circus/build/jestAdapterInit.js:943:5)
    at _runTestsForDescribeBlock (/Users/cash/github/GetMaximumFitIosApp/node_modules/jest-circus/build/jestAdapterInit.js:839:13)
    at _runTestsForDescribeBlock (/Users/cash/github/GetMaximumFitIosApp/node_modules/jest-circus/build/jestAdapterInit.js:829:11)
    at _runTestsForDescribeBlock (/Users/cash/github/GetMaximumFitIosApp/node_modules/jest-circus/build/jestAdapterInit.js:829:11)
    at run (/Users/cash/github/GetMaximumFitIosApp/node_modules/jest-circus/build/jestAdapterInit.js:757:3)
    at runAndTransformResultsToJestFormat (/Users/cash/github/GetMaximumFitIosApp/node_modules/jest-circus/build/jestAdapterInit.js:1920:21)
    at jestAdapter (/Users/cash/github/GetMaximumFitIosApp/node_modules/jest-circus/build/runner.js:101:19)
    at runTestInternal (/Users/cash/github/GetMaximumFitIosApp/node_modules/jest-runner/build/testWorker.js:275:16)
    at runTest (/Users/cash/github/GetMaximumFitIosApp/node_modules/jest-runner/build/testWorker.js:343:7)
    at Object.worker (/Users/cash/github/GetMaximumFitIosApp/node_modules/jest-runner/build/testWorker.js:497:12)</failure>
    </testcase>
    <testcase classname="LoginScreen Authentication Flow should call signIn with correct parameters on successful sign in" name="LoginScreen Authentication Flow should call signIn with correct parameters on successful sign in" time="0.001">
      <failure>TypeError: useAuthFunctions.mockReturnValue is not a function
    at Object.mockReturnValue (/Users/cash/github/GetMaximumFitIosApp/__tests__/loginScreen.test.tsx:46:22)
    at Promise.finally.completed (/Users/cash/github/GetMaximumFitIosApp/node_modules/jest-circus/build/jestAdapterInit.js:1559:28)
    at new Promise (&lt;anonymous&gt;)
    at callAsyncCircusFn (/Users/cash/github/GetMaximumFitIosApp/node_modules/jest-circus/build/jestAdapterInit.js:1499:10)
    at _callCircusHook (/Users/cash/github/GetMaximumFitIosApp/node_modules/jest-circus/build/jestAdapterInit.js:978:40)
    at _runTest (/Users/cash/github/GetMaximumFitIosApp/node_modules/jest-circus/build/jestAdapterInit.js:943:5)
    at _runTestsForDescribeBlock (/Users/cash/github/GetMaximumFitIosApp/node_modules/jest-circus/build/jestAdapterInit.js:839:13)
    at _runTestsForDescribeBlock (/Users/cash/github/GetMaximumFitIosApp/node_modules/jest-circus/build/jestAdapterInit.js:829:11)
    at _runTestsForDescribeBlock (/Users/cash/github/GetMaximumFitIosApp/node_modules/jest-circus/build/jestAdapterInit.js:829:11)
    at run (/Users/cash/github/GetMaximumFitIosApp/node_modules/jest-circus/build/jestAdapterInit.js:757:3)
    at runAndTransformResultsToJestFormat (/Users/cash/github/GetMaximumFitIosApp/node_modules/jest-circus/build/jestAdapterInit.js:1920:21)
    at jestAdapter (/Users/cash/github/GetMaximumFitIosApp/node_modules/jest-circus/build/runner.js:101:19)
    at runTestInternal (/Users/cash/github/GetMaximumFitIosApp/node_modules/jest-runner/build/testWorker.js:275:16)
    at runTest (/Users/cash/github/GetMaximumFitIosApp/node_modules/jest-runner/build/testWorker.js:343:7)
    at Object.worker (/Users/cash/github/GetMaximumFitIosApp/node_modules/jest-runner/build/testWorker.js:497:12)</failure>
    </testcase>
    <testcase classname="LoginScreen Authentication Flow should call signUp with correct parameters on successful sign up" name="LoginScreen Authentication Flow should call signUp with correct parameters on successful sign up" time="0.001">
      <failure>TypeError: useAuthFunctions.mockReturnValue is not a function
    at Object.mockReturnValue (/Users/cash/github/GetMaximumFitIosApp/__tests__/loginScreen.test.tsx:46:22)
    at Promise.finally.completed (/Users/cash/github/GetMaximumFitIosApp/node_modules/jest-circus/build/jestAdapterInit.js:1559:28)
    at new Promise (&lt;anonymous&gt;)
    at callAsyncCircusFn (/Users/cash/github/GetMaximumFitIosApp/node_modules/jest-circus/build/jestAdapterInit.js:1499:10)
    at _callCircusHook (/Users/cash/github/GetMaximumFitIosApp/node_modules/jest-circus/build/jestAdapterInit.js:978:40)
    at _runTest (/Users/cash/github/GetMaximumFitIosApp/node_modules/jest-circus/build/jestAdapterInit.js:943:5)
    at _runTestsForDescribeBlock (/Users/cash/github/GetMaximumFitIosApp/node_modules/jest-circus/build/jestAdapterInit.js:839:13)
    at _runTestsForDescribeBlock (/Users/cash/github/GetMaximumFitIosApp/node_modules/jest-circus/build/jestAdapterInit.js:829:11)
    at _runTestsForDescribeBlock (/Users/cash/github/GetMaximumFitIosApp/node_modules/jest-circus/build/jestAdapterInit.js:829:11)
    at run (/Users/cash/github/GetMaximumFitIosApp/node_modules/jest-circus/build/jestAdapterInit.js:757:3)
    at runAndTransformResultsToJestFormat (/Users/cash/github/GetMaximumFitIosApp/node_modules/jest-circus/build/jestAdapterInit.js:1920:21)
    at jestAdapter (/Users/cash/github/GetMaximumFitIosApp/node_modules/jest-circus/build/runner.js:101:19)
    at runTestInternal (/Users/cash/github/GetMaximumFitIosApp/node_modules/jest-runner/build/testWorker.js:275:16)
    at runTest (/Users/cash/github/GetMaximumFitIosApp/node_modules/jest-runner/build/testWorker.js:343:7)
    at Object.worker (/Users/cash/github/GetMaximumFitIosApp/node_modules/jest-runner/build/testWorker.js:497:12)</failure>
    </testcase>
    <testcase classname="LoginScreen Authentication Flow should show loading state during authentication" name="LoginScreen Authentication Flow should show loading state during authentication" time="0.001">
      <failure>TypeError: useAuthFunctions.mockReturnValue is not a function
    at Object.mockReturnValue (/Users/cash/github/GetMaximumFitIosApp/__tests__/loginScreen.test.tsx:46:22)
    at Promise.finally.completed (/Users/cash/github/GetMaximumFitIosApp/node_modules/jest-circus/build/jestAdapterInit.js:1559:28)
    at new Promise (&lt;anonymous&gt;)
    at callAsyncCircusFn (/Users/cash/github/GetMaximumFitIosApp/node_modules/jest-circus/build/jestAdapterInit.js:1499:10)
    at _callCircusHook (/Users/cash/github/GetMaximumFitIosApp/node_modules/jest-circus/build/jestAdapterInit.js:978:40)
    at _runTest (/Users/cash/github/GetMaximumFitIosApp/node_modules/jest-circus/build/jestAdapterInit.js:943:5)
    at _runTestsForDescribeBlock (/Users/cash/github/GetMaximumFitIosApp/node_modules/jest-circus/build/jestAdapterInit.js:839:13)
    at _runTestsForDescribeBlock (/Users/cash/github/GetMaximumFitIosApp/node_modules/jest-circus/build/jestAdapterInit.js:829:11)
    at _runTestsForDescribeBlock (/Users/cash/github/GetMaximumFitIosApp/node_modules/jest-circus/build/jestAdapterInit.js:829:11)
    at run (/Users/cash/github/GetMaximumFitIosApp/node_modules/jest-circus/build/jestAdapterInit.js:757:3)
    at runAndTransformResultsToJestFormat (/Users/cash/github/GetMaximumFitIosApp/node_modules/jest-circus/build/jestAdapterInit.js:1920:21)
    at jestAdapter (/Users/cash/github/GetMaximumFitIosApp/node_modules/jest-circus/build/runner.js:101:19)
    at runTestInternal (/Users/cash/github/GetMaximumFitIosApp/node_modules/jest-runner/build/testWorker.js:275:16)
    at runTest (/Users/cash/github/GetMaximumFitIosApp/node_modules/jest-runner/build/testWorker.js:343:7)
    at Object.worker (/Users/cash/github/GetMaximumFitIosApp/node_modules/jest-runner/build/testWorker.js:497:12)</failure>
    </testcase>
    <testcase classname="LoginScreen Error Handling should display user-not-found error message" name="LoginScreen Error Handling should display user-not-found error message" time="0.001">
      <failure>TypeError: useAuthFunctions.mockReturnValue is not a function
    at Object.mockReturnValue (/Users/cash/github/GetMaximumFitIosApp/__tests__/loginScreen.test.tsx:46:22)
    at Promise.finally.completed (/Users/cash/github/GetMaximumFitIosApp/node_modules/jest-circus/build/jestAdapterInit.js:1559:28)
    at new Promise (&lt;anonymous&gt;)
    at callAsyncCircusFn (/Users/cash/github/GetMaximumFitIosApp/node_modules/jest-circus/build/jestAdapterInit.js:1499:10)
    at _callCircusHook (/Users/cash/github/GetMaximumFitIosApp/node_modules/jest-circus/build/jestAdapterInit.js:978:40)
    at _runTest (/Users/cash/github/GetMaximumFitIosApp/node_modules/jest-circus/build/jestAdapterInit.js:943:5)
    at _runTestsForDescribeBlock (/Users/cash/github/GetMaximumFitIosApp/node_modules/jest-circus/build/jestAdapterInit.js:839:13)
    at _runTestsForDescribeBlock (/Users/cash/github/GetMaximumFitIosApp/node_modules/jest-circus/build/jestAdapterInit.js:829:11)
    at _runTestsForDescribeBlock (/Users/cash/github/GetMaximumFitIosApp/node_modules/jest-circus/build/jestAdapterInit.js:829:11)
    at run (/Users/cash/github/GetMaximumFitIosApp/node_modules/jest-circus/build/jestAdapterInit.js:757:3)
    at runAndTransformResultsToJestFormat (/Users/cash/github/GetMaximumFitIosApp/node_modules/jest-circus/build/jestAdapterInit.js:1920:21)
    at jestAdapter (/Users/cash/github/GetMaximumFitIosApp/node_modules/jest-circus/build/runner.js:101:19)
    at runTestInternal (/Users/cash/github/GetMaximumFitIosApp/node_modules/jest-runner/build/testWorker.js:275:16)
    at runTest (/Users/cash/github/GetMaximumFitIosApp/node_modules/jest-runner/build/testWorker.js:343:7)
    at Object.worker (/Users/cash/github/GetMaximumFitIosApp/node_modules/jest-runner/build/testWorker.js:497:12)</failure>
    </testcase>
    <testcase classname="LoginScreen Error Handling should display wrong-password error message" name="LoginScreen Error Handling should display wrong-password error message" time="0">
      <failure>TypeError: useAuthFunctions.mockReturnValue is not a function
    at Object.mockReturnValue (/Users/cash/github/GetMaximumFitIosApp/__tests__/loginScreen.test.tsx:46:22)
    at Promise.finally.completed (/Users/cash/github/GetMaximumFitIosApp/node_modules/jest-circus/build/jestAdapterInit.js:1559:28)
    at new Promise (&lt;anonymous&gt;)
    at callAsyncCircusFn (/Users/cash/github/GetMaximumFitIosApp/node_modules/jest-circus/build/jestAdapterInit.js:1499:10)
    at _callCircusHook (/Users/cash/github/GetMaximumFitIosApp/node_modules/jest-circus/build/jestAdapterInit.js:978:40)
    at _runTest (/Users/cash/github/GetMaximumFitIosApp/node_modules/jest-circus/build/jestAdapterInit.js:943:5)
    at _runTestsForDescribeBlock (/Users/cash/github/GetMaximumFitIosApp/node_modules/jest-circus/build/jestAdapterInit.js:839:13)
    at _runTestsForDescribeBlock (/Users/cash/github/GetMaximumFitIosApp/node_modules/jest-circus/build/jestAdapterInit.js:829:11)
    at _runTestsForDescribeBlock (/Users/cash/github/GetMaximumFitIosApp/node_modules/jest-circus/build/jestAdapterInit.js:829:11)
    at run (/Users/cash/github/GetMaximumFitIosApp/node_modules/jest-circus/build/jestAdapterInit.js:757:3)
    at runAndTransformResultsToJestFormat (/Users/cash/github/GetMaximumFitIosApp/node_modules/jest-circus/build/jestAdapterInit.js:1920:21)
    at jestAdapter (/Users/cash/github/GetMaximumFitIosApp/node_modules/jest-circus/build/runner.js:101:19)
    at runTestInternal (/Users/cash/github/GetMaximumFitIosApp/node_modules/jest-runner/build/testWorker.js:275:16)
    at runTest (/Users/cash/github/GetMaximumFitIosApp/node_modules/jest-runner/build/testWorker.js:343:7)
    at Object.worker (/Users/cash/github/GetMaximumFitIosApp/node_modules/jest-runner/build/testWorker.js:497:12)</failure>
    </testcase>
    <testcase classname="LoginScreen Error Handling should display invalid-credential error message" name="LoginScreen Error Handling should display invalid-credential error message" time="0">
      <failure>TypeError: useAuthFunctions.mockReturnValue is not a function
    at Object.mockReturnValue (/Users/cash/github/GetMaximumFitIosApp/__tests__/loginScreen.test.tsx:46:22)
    at Promise.finally.completed (/Users/cash/github/GetMaximumFitIosApp/node_modules/jest-circus/build/jestAdapterInit.js:1559:28)
    at new Promise (&lt;anonymous&gt;)
    at callAsyncCircusFn (/Users/cash/github/GetMaximumFitIosApp/node_modules/jest-circus/build/jestAdapterInit.js:1499:10)
    at _callCircusHook (/Users/cash/github/GetMaximumFitIosApp/node_modules/jest-circus/build/jestAdapterInit.js:978:40)
    at _runTest (/Users/cash/github/GetMaximumFitIosApp/node_modules/jest-circus/build/jestAdapterInit.js:943:5)
    at _runTestsForDescribeBlock (/Users/cash/github/GetMaximumFitIosApp/node_modules/jest-circus/build/jestAdapterInit.js:839:13)
    at _runTestsForDescribeBlock (/Users/cash/github/GetMaximumFitIosApp/node_modules/jest-circus/build/jestAdapterInit.js:829:11)
    at _runTestsForDescribeBlock (/Users/cash/github/GetMaximumFitIosApp/node_modules/jest-circus/build/jestAdapterInit.js:829:11)
    at run (/Users/cash/github/GetMaximumFitIosApp/node_modules/jest-circus/build/jestAdapterInit.js:757:3)
    at runAndTransformResultsToJestFormat (/Users/cash/github/GetMaximumFitIosApp/node_modules/jest-circus/build/jestAdapterInit.js:1920:21)
    at jestAdapter (/Users/cash/github/GetMaximumFitIosApp/node_modules/jest-circus/build/runner.js:101:19)
    at runTestInternal (/Users/cash/github/GetMaximumFitIosApp/node_modules/jest-runner/build/testWorker.js:275:16)
    at runTest (/Users/cash/github/GetMaximumFitIosApp/node_modules/jest-runner/build/testWorker.js:343:7)
    at Object.worker (/Users/cash/github/GetMaximumFitIosApp/node_modules/jest-runner/build/testWorker.js:497:12)</failure>
    </testcase>
    <testcase classname="LoginScreen Error Handling should display email-already-in-use error for sign up" name="LoginScreen Error Handling should display email-already-in-use error for sign up" time="0.001">
      <failure>TypeError: useAuthFunctions.mockReturnValue is not a function
    at Object.mockReturnValue (/Users/cash/github/GetMaximumFitIosApp/__tests__/loginScreen.test.tsx:46:22)
    at Promise.finally.completed (/Users/cash/github/GetMaximumFitIosApp/node_modules/jest-circus/build/jestAdapterInit.js:1559:28)
    at new Promise (&lt;anonymous&gt;)
    at callAsyncCircusFn (/Users/cash/github/GetMaximumFitIosApp/node_modules/jest-circus/build/jestAdapterInit.js:1499:10)
    at _callCircusHook (/Users/cash/github/GetMaximumFitIosApp/node_modules/jest-circus/build/jestAdapterInit.js:978:40)
    at _runTest (/Users/cash/github/GetMaximumFitIosApp/node_modules/jest-circus/build/jestAdapterInit.js:943:5)
    at _runTestsForDescribeBlock (/Users/cash/github/GetMaximumFitIosApp/node_modules/jest-circus/build/jestAdapterInit.js:839:13)
    at _runTestsForDescribeBlock (/Users/cash/github/GetMaximumFitIosApp/node_modules/jest-circus/build/jestAdapterInit.js:829:11)
    at _runTestsForDescribeBlock (/Users/cash/github/GetMaximumFitIosApp/node_modules/jest-circus/build/jestAdapterInit.js:829:11)
    at run (/Users/cash/github/GetMaximumFitIosApp/node_modules/jest-circus/build/jestAdapterInit.js:757:3)
    at runAndTransformResultsToJestFormat (/Users/cash/github/GetMaximumFitIosApp/node_modules/jest-circus/build/jestAdapterInit.js:1920:21)
    at jestAdapter (/Users/cash/github/GetMaximumFitIosApp/node_modules/jest-circus/build/runner.js:101:19)
    at runTestInternal (/Users/cash/github/GetMaximumFitIosApp/node_modules/jest-runner/build/testWorker.js:275:16)
    at runTest (/Users/cash/github/GetMaximumFitIosApp/node_modules/jest-runner/build/testWorker.js:343:7)
    at Object.worker (/Users/cash/github/GetMaximumFitIosApp/node_modules/jest-runner/build/testWorker.js:497:12)</failure>
    </testcase>
    <testcase classname="LoginScreen Error Handling should display weak-password error for sign up" name="LoginScreen Error Handling should display weak-password error for sign up" time="0.001">
      <failure>TypeError: useAuthFunctions.mockReturnValue is not a function
    at Object.mockReturnValue (/Users/cash/github/GetMaximumFitIosApp/__tests__/loginScreen.test.tsx:46:22)
    at Promise.finally.completed (/Users/cash/github/GetMaximumFitIosApp/node_modules/jest-circus/build/jestAdapterInit.js:1559:28)
    at new Promise (&lt;anonymous&gt;)
    at callAsyncCircusFn (/Users/cash/github/GetMaximumFitIosApp/node_modules/jest-circus/build/jestAdapterInit.js:1499:10)
    at _callCircusHook (/Users/cash/github/GetMaximumFitIosApp/node_modules/jest-circus/build/jestAdapterInit.js:978:40)
    at _runTest (/Users/cash/github/GetMaximumFitIosApp/node_modules/jest-circus/build/jestAdapterInit.js:943:5)
    at _runTestsForDescribeBlock (/Users/cash/github/GetMaximumFitIosApp/node_modules/jest-circus/build/jestAdapterInit.js:839:13)
    at _runTestsForDescribeBlock (/Users/cash/github/GetMaximumFitIosApp/node_modules/jest-circus/build/jestAdapterInit.js:829:11)
    at _runTestsForDescribeBlock (/Users/cash/github/GetMaximumFitIosApp/node_modules/jest-circus/build/jestAdapterInit.js:829:11)
    at run (/Users/cash/github/GetMaximumFitIosApp/node_modules/jest-circus/build/jestAdapterInit.js:757:3)
    at runAndTransformResultsToJestFormat (/Users/cash/github/GetMaximumFitIosApp/node_modules/jest-circus/build/jestAdapterInit.js:1920:21)
    at jestAdapter (/Users/cash/github/GetMaximumFitIosApp/node_modules/jest-circus/build/runner.js:101:19)
    at runTestInternal (/Users/cash/github/GetMaximumFitIosApp/node_modules/jest-runner/build/testWorker.js:275:16)
    at runTest (/Users/cash/github/GetMaximumFitIosApp/node_modules/jest-runner/build/testWorker.js:343:7)
    at Object.worker (/Users/cash/github/GetMaximumFitIosApp/node_modules/jest-runner/build/testWorker.js:497:12)</failure>
    </testcase>
    <testcase classname="LoginScreen Error Handling should display network error message" name="LoginScreen Error Handling should display network error message" time="0">
      <failure>TypeError: useAuthFunctions.mockReturnValue is not a function
    at Object.mockReturnValue (/Users/cash/github/GetMaximumFitIosApp/__tests__/loginScreen.test.tsx:46:22)
    at Promise.finally.completed (/Users/cash/github/GetMaximumFitIosApp/node_modules/jest-circus/build/jestAdapterInit.js:1559:28)
    at new Promise (&lt;anonymous&gt;)
    at callAsyncCircusFn (/Users/cash/github/GetMaximumFitIosApp/node_modules/jest-circus/build/jestAdapterInit.js:1499:10)
    at _callCircusHook (/Users/cash/github/GetMaximumFitIosApp/node_modules/jest-circus/build/jestAdapterInit.js:978:40)
    at _runTest (/Users/cash/github/GetMaximumFitIosApp/node_modules/jest-circus/build/jestAdapterInit.js:943:5)
    at _runTestsForDescribeBlock (/Users/cash/github/GetMaximumFitIosApp/node_modules/jest-circus/build/jestAdapterInit.js:839:13)
    at _runTestsForDescribeBlock (/Users/cash/github/GetMaximumFitIosApp/node_modules/jest-circus/build/jestAdapterInit.js:829:11)
    at _runTestsForDescribeBlock (/Users/cash/github/GetMaximumFitIosApp/node_modules/jest-circus/build/jestAdapterInit.js:829:11)
    at run (/Users/cash/github/GetMaximumFitIosApp/node_modules/jest-circus/build/jestAdapterInit.js:757:3)
    at runAndTransformResultsToJestFormat (/Users/cash/github/GetMaximumFitIosApp/node_modules/jest-circus/build/jestAdapterInit.js:1920:21)
    at jestAdapter (/Users/cash/github/GetMaximumFitIosApp/node_modules/jest-circus/build/runner.js:101:19)
    at runTestInternal (/Users/cash/github/GetMaximumFitIosApp/node_modules/jest-runner/build/testWorker.js:275:16)
    at runTest (/Users/cash/github/GetMaximumFitIosApp/node_modules/jest-runner/build/testWorker.js:343:7)
    at Object.worker (/Users/cash/github/GetMaximumFitIosApp/node_modules/jest-runner/build/testWorker.js:497:12)</failure>
    </testcase>
    <testcase classname="LoginScreen Error Handling should display generic error message for unknown errors" name="LoginScreen Error Handling should display generic error message for unknown errors" time="0.001">
      <failure>TypeError: useAuthFunctions.mockReturnValue is not a function
    at Object.mockReturnValue (/Users/cash/github/GetMaximumFitIosApp/__tests__/loginScreen.test.tsx:46:22)
    at Promise.finally.completed (/Users/cash/github/GetMaximumFitIosApp/node_modules/jest-circus/build/jestAdapterInit.js:1559:28)
    at new Promise (&lt;anonymous&gt;)
    at callAsyncCircusFn (/Users/cash/github/GetMaximumFitIosApp/node_modules/jest-circus/build/jestAdapterInit.js:1499:10)
    at _callCircusHook (/Users/cash/github/GetMaximumFitIosApp/node_modules/jest-circus/build/jestAdapterInit.js:978:40)
    at _runTest (/Users/cash/github/GetMaximumFitIosApp/node_modules/jest-circus/build/jestAdapterInit.js:943:5)
    at _runTestsForDescribeBlock (/Users/cash/github/GetMaximumFitIosApp/node_modules/jest-circus/build/jestAdapterInit.js:839:13)
    at _runTestsForDescribeBlock (/Users/cash/github/GetMaximumFitIosApp/node_modules/jest-circus/build/jestAdapterInit.js:829:11)
    at _runTestsForDescribeBlock (/Users/cash/github/GetMaximumFitIosApp/node_modules/jest-circus/build/jestAdapterInit.js:829:11)
    at run (/Users/cash/github/GetMaximumFitIosApp/node_modules/jest-circus/build/jestAdapterInit.js:757:3)
    at runAndTransformResultsToJestFormat (/Users/cash/github/GetMaximumFitIosApp/node_modules/jest-circus/build/jestAdapterInit.js:1920:21)
    at jestAdapter (/Users/cash/github/GetMaximumFitIosApp/node_modules/jest-circus/build/runner.js:101:19)
    at runTestInternal (/Users/cash/github/GetMaximumFitIosApp/node_modules/jest-runner/build/testWorker.js:275:16)
    at runTest (/Users/cash/github/GetMaximumFitIosApp/node_modules/jest-runner/build/testWorker.js:343:7)
    at Object.worker (/Users/cash/github/GetMaximumFitIosApp/node_modules/jest-runner/build/testWorker.js:497:12)</failure>
    </testcase>
    <testcase classname="LoginScreen Navigation should navigate to dashboard when user is authenticated" name="LoginScreen Navigation should navigate to dashboard when user is authenticated" time="0">
      <failure>TypeError: useAuthFunctions.mockReturnValue is not a function
    at Object.mockReturnValue (/Users/cash/github/GetMaximumFitIosApp/__tests__/loginScreen.test.tsx:46:22)
    at Promise.finally.completed (/Users/cash/github/GetMaximumFitIosApp/node_modules/jest-circus/build/jestAdapterInit.js:1559:28)
    at new Promise (&lt;anonymous&gt;)
    at callAsyncCircusFn (/Users/cash/github/GetMaximumFitIosApp/node_modules/jest-circus/build/jestAdapterInit.js:1499:10)
    at _callCircusHook (/Users/cash/github/GetMaximumFitIosApp/node_modules/jest-circus/build/jestAdapterInit.js:978:40)
    at _runTest (/Users/cash/github/GetMaximumFitIosApp/node_modules/jest-circus/build/jestAdapterInit.js:943:5)
    at _runTestsForDescribeBlock (/Users/cash/github/GetMaximumFitIosApp/node_modules/jest-circus/build/jestAdapterInit.js:839:13)
    at _runTestsForDescribeBlock (/Users/cash/github/GetMaximumFitIosApp/node_modules/jest-circus/build/jestAdapterInit.js:829:11)
    at _runTestsForDescribeBlock (/Users/cash/github/GetMaximumFitIosApp/node_modules/jest-circus/build/jestAdapterInit.js:829:11)
    at run (/Users/cash/github/GetMaximumFitIosApp/node_modules/jest-circus/build/jestAdapterInit.js:757:3)
    at runAndTransformResultsToJestFormat (/Users/cash/github/GetMaximumFitIosApp/node_modules/jest-circus/build/jestAdapterInit.js:1920:21)
    at jestAdapter (/Users/cash/github/GetMaximumFitIosApp/node_modules/jest-circus/build/runner.js:101:19)
    at runTestInternal (/Users/cash/github/GetMaximumFitIosApp/node_modules/jest-runner/build/testWorker.js:275:16)
    at runTest (/Users/cash/github/GetMaximumFitIosApp/node_modules/jest-runner/build/testWorker.js:343:7)
    at Object.worker (/Users/cash/github/GetMaximumFitIosApp/node_modules/jest-runner/build/testWorker.js:497:12)</failure>
    </testcase>
    <testcase classname="LoginScreen Navigation should not navigate when user is not authenticated" name="LoginScreen Navigation should not navigate when user is not authenticated" time="0">
      <failure>TypeError: useAuthFunctions.mockReturnValue is not a function
    at Object.mockReturnValue (/Users/cash/github/GetMaximumFitIosApp/__tests__/loginScreen.test.tsx:46:22)
    at Promise.finally.completed (/Users/cash/github/GetMaximumFitIosApp/node_modules/jest-circus/build/jestAdapterInit.js:1559:28)
    at new Promise (&lt;anonymous&gt;)
    at callAsyncCircusFn (/Users/cash/github/GetMaximumFitIosApp/node_modules/jest-circus/build/jestAdapterInit.js:1499:10)
    at _callCircusHook (/Users/cash/github/GetMaximumFitIosApp/node_modules/jest-circus/build/jestAdapterInit.js:978:40)
    at _runTest (/Users/cash/github/GetMaximumFitIosApp/node_modules/jest-circus/build/jestAdapterInit.js:943:5)
    at _runTestsForDescribeBlock (/Users/cash/github/GetMaximumFitIosApp/node_modules/jest-circus/build/jestAdapterInit.js:839:13)
    at _runTestsForDescribeBlock (/Users/cash/github/GetMaximumFitIosApp/node_modules/jest-circus/build/jestAdapterInit.js:829:11)
    at _runTestsForDescribeBlock (/Users/cash/github/GetMaximumFitIosApp/node_modules/jest-circus/build/jestAdapterInit.js:829:11)
    at run (/Users/cash/github/GetMaximumFitIosApp/node_modules/jest-circus/build/jestAdapterInit.js:757:3)
    at runAndTransformResultsToJestFormat (/Users/cash/github/GetMaximumFitIosApp/node_modules/jest-circus/build/jestAdapterInit.js:1920:21)
    at jestAdapter (/Users/cash/github/GetMaximumFitIosApp/node_modules/jest-circus/build/runner.js:101:19)
    at runTestInternal (/Users/cash/github/GetMaximumFitIosApp/node_modules/jest-runner/build/testWorker.js:275:16)
    at runTest (/Users/cash/github/GetMaximumFitIosApp/node_modules/jest-runner/build/testWorker.js:343:7)
    at Object.worker (/Users/cash/github/GetMaximumFitIosApp/node_modules/jest-runner/build/testWorker.js:497:12)</failure>
    </testcase>
    <testcase classname="LoginScreen Input Handling should update email input correctly" name="LoginScreen Input Handling should update email input correctly" time="0">
      <failure>TypeError: useAuthFunctions.mockReturnValue is not a function
    at Object.mockReturnValue (/Users/cash/github/GetMaximumFitIosApp/__tests__/loginScreen.test.tsx:46:22)
    at Promise.finally.completed (/Users/cash/github/GetMaximumFitIosApp/node_modules/jest-circus/build/jestAdapterInit.js:1559:28)
    at new Promise (&lt;anonymous&gt;)
    at callAsyncCircusFn (/Users/cash/github/GetMaximumFitIosApp/node_modules/jest-circus/build/jestAdapterInit.js:1499:10)
    at _callCircusHook (/Users/cash/github/GetMaximumFitIosApp/node_modules/jest-circus/build/jestAdapterInit.js:978:40)
    at _runTest (/Users/cash/github/GetMaximumFitIosApp/node_modules/jest-circus/build/jestAdapterInit.js:943:5)
    at _runTestsForDescribeBlock (/Users/cash/github/GetMaximumFitIosApp/node_modules/jest-circus/build/jestAdapterInit.js:839:13)
    at _runTestsForDescribeBlock (/Users/cash/github/GetMaximumFitIosApp/node_modules/jest-circus/build/jestAdapterInit.js:829:11)
    at _runTestsForDescribeBlock (/Users/cash/github/GetMaximumFitIosApp/node_modules/jest-circus/build/jestAdapterInit.js:829:11)
    at run (/Users/cash/github/GetMaximumFitIosApp/node_modules/jest-circus/build/jestAdapterInit.js:757:3)
    at runAndTransformResultsToJestFormat (/Users/cash/github/GetMaximumFitIosApp/node_modules/jest-circus/build/jestAdapterInit.js:1920:21)
    at jestAdapter (/Users/cash/github/GetMaximumFitIosApp/node_modules/jest-circus/build/runner.js:101:19)
    at runTestInternal (/Users/cash/github/GetMaximumFitIosApp/node_modules/jest-runner/build/testWorker.js:275:16)
    at runTest (/Users/cash/github/GetMaximumFitIosApp/node_modules/jest-runner/build/testWorker.js:343:7)
    at Object.worker (/Users/cash/github/GetMaximumFitIosApp/node_modules/jest-runner/build/testWorker.js:497:12)</failure>
    </testcase>
    <testcase classname="LoginScreen Input Handling should update password input correctly" name="LoginScreen Input Handling should update password input correctly" time="0.001">
      <failure>TypeError: useAuthFunctions.mockReturnValue is not a function
    at Object.mockReturnValue (/Users/cash/github/GetMaximumFitIosApp/__tests__/loginScreen.test.tsx:46:22)
    at Promise.finally.completed (/Users/cash/github/GetMaximumFitIosApp/node_modules/jest-circus/build/jestAdapterInit.js:1559:28)
    at new Promise (&lt;anonymous&gt;)
    at callAsyncCircusFn (/Users/cash/github/GetMaximumFitIosApp/node_modules/jest-circus/build/jestAdapterInit.js:1499:10)
    at _callCircusHook (/Users/cash/github/GetMaximumFitIosApp/node_modules/jest-circus/build/jestAdapterInit.js:978:40)
    at _runTest (/Users/cash/github/GetMaximumFitIosApp/node_modules/jest-circus/build/jestAdapterInit.js:943:5)
    at _runTestsForDescribeBlock (/Users/cash/github/GetMaximumFitIosApp/node_modules/jest-circus/build/jestAdapterInit.js:839:13)
    at _runTestsForDescribeBlock (/Users/cash/github/GetMaximumFitIosApp/node_modules/jest-circus/build/jestAdapterInit.js:829:11)
    at _runTestsForDescribeBlock (/Users/cash/github/GetMaximumFitIosApp/node_modules/jest-circus/build/jestAdapterInit.js:829:11)
    at run (/Users/cash/github/GetMaximumFitIosApp/node_modules/jest-circus/build/jestAdapterInit.js:757:3)
    at runAndTransformResultsToJestFormat (/Users/cash/github/GetMaximumFitIosApp/node_modules/jest-circus/build/jestAdapterInit.js:1920:21)
    at jestAdapter (/Users/cash/github/GetMaximumFitIosApp/node_modules/jest-circus/build/runner.js:101:19)
    at runTestInternal (/Users/cash/github/GetMaximumFitIosApp/node_modules/jest-runner/build/testWorker.js:275:16)
    at runTest (/Users/cash/github/GetMaximumFitIosApp/node_modules/jest-runner/build/testWorker.js:343:7)
    at Object.worker (/Users/cash/github/GetMaximumFitIosApp/node_modules/jest-runner/build/testWorker.js:497:12)</failure>
    </testcase>
    <testcase classname="LoginScreen Input Handling should clear error message when starting new authentication attempt" name="LoginScreen Input Handling should clear error message when starting new authentication attempt" time="0.001">
      <failure>TypeError: useAuthFunctions.mockReturnValue is not a function
    at Object.mockReturnValue (/Users/cash/github/GetMaximumFitIosApp/__tests__/loginScreen.test.tsx:46:22)
    at Promise.finally.completed (/Users/cash/github/GetMaximumFitIosApp/node_modules/jest-circus/build/jestAdapterInit.js:1559:28)
    at new Promise (&lt;anonymous&gt;)
    at callAsyncCircusFn (/Users/cash/github/GetMaximumFitIosApp/node_modules/jest-circus/build/jestAdapterInit.js:1499:10)
    at _callCircusHook (/Users/cash/github/GetMaximumFitIosApp/node_modules/jest-circus/build/jestAdapterInit.js:978:40)
    at _runTest (/Users/cash/github/GetMaximumFitIosApp/node_modules/jest-circus/build/jestAdapterInit.js:943:5)
    at _runTestsForDescribeBlock (/Users/cash/github/GetMaximumFitIosApp/node_modules/jest-circus/build/jestAdapterInit.js:839:13)
    at _runTestsForDescribeBlock (/Users/cash/github/GetMaximumFitIosApp/node_modules/jest-circus/build/jestAdapterInit.js:829:11)
    at _runTestsForDescribeBlock (/Users/cash/github/GetMaximumFitIosApp/node_modules/jest-circus/build/jestAdapterInit.js:829:11)
    at run (/Users/cash/github/GetMaximumFitIosApp/node_modules/jest-circus/build/jestAdapterInit.js:757:3)
    at runAndTransformResultsToJestFormat (/Users/cash/github/GetMaximumFitIosApp/node_modules/jest-circus/build/jestAdapterInit.js:1920:21)
    at jestAdapter (/Users/cash/github/GetMaximumFitIosApp/node_modules/jest-circus/build/runner.js:101:19)
    at runTestInternal (/Users/cash/github/GetMaximumFitIosApp/node_modules/jest-runner/build/testWorker.js:275:16)
    at runTest (/Users/cash/github/GetMaximumFitIosApp/node_modules/jest-runner/build/testWorker.js:343:7)
    at Object.worker (/Users/cash/github/GetMaximumFitIosApp/node_modules/jest-runner/build/testWorker.js:497:12)</failure>
    </testcase>
  </testsuite>
</testsuites>