{"/Users/cash/github/GetMaximumFitIosApp/contexts/ReduxAuthProvider.tsx": {"path":"/Users/cash/github/GetMaximumFitIosApp/contexts/ReduxAuthProvider.tsx","statementMap":{"0":{"start":{"line":12,"column":22},"end":{"line":17,"column":1}},"1":{"start":{"line":13,"column":2},"end":{"line":16,"column":9}},"2":{"start":{"line":20,"column":63},"end":{"line":114,"column":1}},"3":{"start":{"line":21,"column":34},"end":{"line":21,"column":55}},"4":{"start":{"line":22,"column":38},"end":{"line":22,"column":55}},"5":{"start":{"line":23,"column":44},"end":{"line":23,"column":61}},"6":{"start":{"line":25,"column":2},"end":{"line":100,"column":34}},"7":{"start":{"line":27,"column":33},"end":{"line":27,"column":46}},"8":{"start":{"line":28,"column":32},"end":{"line":28,"column":44}},"9":{"start":{"line":30,"column":24},"end":{"line":74,"column":5}},"10":{"start":{"line":31,"column":27},"end":{"line":31,"column":41}},"11":{"start":{"line":32,"column":26},"end":{"line":32,"column":36}},"12":{"start":{"line":35,"column":6},"end":{"line":44,"column":7}},"13":{"start":{"line":36,"column":8},"end":{"line":36,"column":40}},"14":{"start":{"line":36,"column":30},"end":{"line":36,"column":38}},"15":{"start":{"line":37,"column":8},"end":{"line":41,"column":9}},"16":{"start":{"line":38,"column":10},"end":{"line":38,"column":73}},"17":{"start":{"line":39,"column":10},"end":{"line":39,"column":28}},"18":{"start":{"line":40,"column":10},"end":{"line":40,"column":17}},"19":{"start":{"line":43,"column":8},"end":{"line":43,"column":25}},"20":{"start":{"line":45,"column":6},"end":{"line":45,"column":36}},"21":{"start":{"line":48,"column":6},"end":{"line":70,"column":7}},"22":{"start":{"line":57,"column":8},"end":{"line":57,"column":66}},"23":{"start":{"line":58,"column":8},"end":{"line":63,"column":9}},"24":{"start":{"line":59,"column":10},"end":{"line":59,"column":82}},"25":{"start":{"line":62,"column":10},"end":{"line":62,"column":55}},"26":{"start":{"line":66,"column":8},"end":{"line":68,"column":9}},"27":{"start":{"line":67,"column":10},"end":{"line":67,"column":28}},"28":{"start":{"line":69,"column":8},"end":{"line":69,"column":15}},"29":{"start":{"line":73,"column":6},"end":{"line":73,"column":36}},"30":{"start":{"line":76,"column":23},"end":{"line":90,"column":5}},"31":{"start":{"line":77,"column":26},"end":{"line":77,"column":40}},"32":{"start":{"line":80,"column":6},"end":{"line":87,"column":7}},"33":{"start":{"line":81,"column":8},"end":{"line":81,"column":73}},"34":{"start":{"line":82,"column":8},"end":{"line":82,"column":40}},"35":{"start":{"line":82,"column":30},"end":{"line":82,"column":38}},"36":{"start":{"line":83,"column":8},"end":{"line":86,"column":9}},"37":{"start":{"line":84,"column":10},"end":{"line":84,"column":28}},"38":{"start":{"line":85,"column":10},"end":{"line":85,"column":17}},"39":{"start":{"line":89,"column":6},"end":{"line":89,"column":35}},"40":{"start":{"line":93,"column":4},"end":{"line":93,"column":32}},"41":{"start":{"line":94,"column":4},"end":{"line":94,"column":30}},"42":{"start":{"line":96,"column":4},"end":{"line":99,"column":6}},"43":{"start":{"line":97,"column":6},"end":{"line":97,"column":43}},"44":{"start":{"line":98,"column":6},"end":{"line":98,"column":41}},"45":{"start":{"line":102,"column":2},"end":{"line":111,"column":3}},"46":{"start":{"line":103,"column":4},"end":{"line":110,"column":6}},"47":{"start":{"line":113,"column":2},"end":{"line":113,"column":25}},"48":{"start":{"line":117,"column":65},"end":{"line":228,"column":1}},"49":{"start":{"line":118,"column":56},"end":{"line":118,"column":93}},"50":{"start":{"line":118,"column":82},"end":{"line":118,"column":92}},"51":{"start":{"line":119,"column":62},"end":{"line":119,"column":83}},"52":{"start":{"line":120,"column":56},"end":{"line":120,"column":91}},"53":{"start":{"line":121,"column":64},"end":{"line":121,"column":85}},"54":{"start":{"line":124,"column":2},"end":{"line":128,"column":28}},"55":{"start":{"line":125,"column":4},"end":{"line":127,"column":5}},"56":{"start":{"line":126,"column":6},"end":{"line":126,"column":51}},"57":{"start":{"line":130,"column":2},"end":{"line":201,"column":9}},"58":{"start":{"line":132,"column":4},"end":{"line":132,"column":66}},"59":{"start":{"line":132,"column":59},"end":{"line":132,"column":66}},"60":{"start":{"line":134,"column":4},"end":{"line":134,"column":37}},"61":{"start":{"line":135,"column":20},"end":{"line":135,"column":24}},"62":{"start":{"line":136,"column":22},"end":{"line":136,"column":23}},"63":{"start":{"line":137,"column":24},"end":{"line":137,"column":25}},"64":{"start":{"line":139,"column":27},"end":{"line":182,"column":5}},"65":{"start":{"line":140,"column":6},"end":{"line":181,"column":7}},"66":{"start":{"line":141,"column":8},"end":{"line":141,"column":22}},"67":{"start":{"line":143,"column":8},"end":{"line":180,"column":9}},"68":{"start":{"line":144,"column":10},"end":{"line":144,"column":109}},"69":{"start":{"line":147,"column":30},"end":{"line":147,"column":62}},"70":{"start":{"line":148,"column":33},"end":{"line":150,"column":11}},"71":{"start":{"line":149,"column":12},"end":{"line":149,"column":80}},"72":{"start":{"line":149,"column":29},"end":{"line":149,"column":72}},"73":{"start":{"line":152,"column":10},"end":{"line":152,"column":60}},"74":{"start":{"line":154,"column":10},"end":{"line":159,"column":11}},"75":{"start":{"line":155,"column":12},"end":{"line":155,"column":44}},"76":{"start":{"line":156,"column":12},"end":{"line":156,"column":41}},"77":{"start":{"line":157,"column":12},"end":{"line":157,"column":96}},"78":{"start":{"line":158,"column":12},"end":{"line":158,"column":19}},"79":{"start":{"line":161,"column":31},"end":{"line":161,"column":74}},"80":{"start":{"line":162,"column":10},"end":{"line":162,"column":91}},"81":{"start":{"line":163,"column":10},"end":{"line":163,"column":77}},"82":{"start":{"line":165,"column":10},"end":{"line":173,"column":11}},"83":{"start":{"line":167,"column":12},"end":{"line":171,"column":13}},"84":{"start":{"line":168,"column":14},"end":{"line":168,"column":110}},"85":{"start":{"line":169,"column":14},"end":{"line":169,"column":46}},"86":{"start":{"line":170,"column":14},"end":{"line":170,"column":51}},"87":{"start":{"line":172,"column":12},"end":{"line":172,"column":19}},"88":{"start":{"line":176,"column":24},"end":{"line":176,"column":74}},"89":{"start":{"line":177,"column":10},"end":{"line":179,"column":11}},"90":{"start":{"line":178,"column":12},"end":{"line":178,"column":69}},"91":{"start":{"line":178,"column":41},"end":{"line":178,"column":67}},"92":{"start":{"line":185,"column":4},"end":{"line":195,"column":12}},"93":{"start":{"line":186,"column":6},"end":{"line":194,"column":7}},"94":{"start":{"line":187,"column":8},"end":{"line":193,"column":11}},"95":{"start":{"line":188,"column":10},"end":{"line":188,"column":70}},"96":{"start":{"line":189,"column":10},"end":{"line":192,"column":11}},"97":{"start":{"line":190,"column":12},"end":{"line":190,"column":44}},"98":{"start":{"line":191,"column":12},"end":{"line":191,"column":70}},"99":{"start":{"line":198,"column":4},"end":{"line":200,"column":6}},"100":{"start":{"line":199,"column":6},"end":{"line":199,"column":24}},"101":{"start":{"line":204,"column":2},"end":{"line":214,"column":31}},"102":{"start":{"line":205,"column":4},"end":{"line":213,"column":6}},"103":{"start":{"line":206,"column":6},"end":{"line":212,"column":7}},"104":{"start":{"line":207,"column":8},"end":{"line":211,"column":9}},"105":{"start":{"line":208,"column":10},"end":{"line":208,"column":42}},"106":{"start":{"line":210,"column":10},"end":{"line":210,"column":68}},"107":{"start":{"line":217,"column":2},"end":{"line":219,"column":3}},"108":{"start":{"line":218,"column":4},"end":{"line":218,"column":29}},"109":{"start":{"line":222,"column":2},"end":{"line":225,"column":3}},"110":{"start":{"line":223,"column":4},"end":{"line":223,"column":98}},"111":{"start":{"line":227,"column":2},"end":{"line":227,"column":25}},"112":{"start":{"line":231,"column":74},"end":{"line":243,"column":1}},"113":{"start":{"line":232,"column":2},"end":{"line":242,"column":4}},"114":{"start":{"line":246,"column":28},"end":{"line":249,"column":1}},"115":{"start":{"line":247,"column":15},"end":{"line":247,"column":52}},"116":{"start":{"line":247,"column":41},"end":{"line":247,"column":51}},"117":{"start":{"line":248,"column":2},"end":{"line":248,"column":14}},"118":{"start":{"line":251,"column":15},"end":{"line":288,"column":2}}},"fnMap":{"0":{"name":"(anonymous_0)","decl":{"start":{"line":12,"column":22},"end":{"line":12,"column":23}},"loc":{"start":{"line":13,"column":2},"end":{"line":16,"column":9}},"line":13},"1":{"name":"(anonymous_1)","decl":{"start":{"line":20,"column":63},"end":{"line":20,"column":64}},"loc":{"start":{"line":20,"column":81},"end":{"line":114,"column":1}},"line":20},"2":{"name":"(anonymous_2)","decl":{"start":{"line":25,"column":18},"end":{"line":25,"column":19}},"loc":{"start":{"line":25,"column":24},"end":{"line":100,"column":3}},"line":25},"3":{"name":"(anonymous_3)","decl":{"start":{"line":30,"column":24},"end":{"line":30,"column":25}},"loc":{"start":{"line":30,"column":44},"end":{"line":74,"column":5}},"line":30},"4":{"name":"(anonymous_4)","decl":{"start":{"line":36,"column":22},"end":{"line":36,"column":23}},"loc":{"start":{"line":36,"column":30},"end":{"line":36,"column":38}},"line":36},"5":{"name":"(anonymous_5)","decl":{"start":{"line":76,"column":23},"end":{"line":76,"column":24}},"loc":{"start":{"line":76,"column":43},"end":{"line":90,"column":5}},"line":76},"6":{"name":"(anonymous_6)","decl":{"start":{"line":82,"column":22},"end":{"line":82,"column":23}},"loc":{"start":{"line":82,"column":30},"end":{"line":82,"column":38}},"line":82},"7":{"name":"(anonymous_7)","decl":{"start":{"line":96,"column":11},"end":{"line":96,"column":12}},"loc":{"start":{"line":96,"column":17},"end":{"line":99,"column":5}},"line":96},"8":{"name":"(anonymous_8)","decl":{"start":{"line":117,"column":65},"end":{"line":117,"column":66}},"loc":{"start":{"line":117,"column":83},"end":{"line":228,"column":1}},"line":117},"9":{"name":"(anonymous_9)","decl":{"start":{"line":118,"column":71},"end":{"line":118,"column":72}},"loc":{"start":{"line":118,"column":82},"end":{"line":118,"column":92}},"line":118},"10":{"name":"(anonymous_10)","decl":{"start":{"line":124,"column":12},"end":{"line":124,"column":13}},"loc":{"start":{"line":124,"column":18},"end":{"line":128,"column":3}},"line":124},"11":{"name":"(anonymous_11)","decl":{"start":{"line":130,"column":12},"end":{"line":130,"column":13}},"loc":{"start":{"line":130,"column":18},"end":{"line":201,"column":3}},"line":130},"12":{"name":"(anonymous_12)","decl":{"start":{"line":139,"column":27},"end":{"line":139,"column":28}},"loc":{"start":{"line":139,"column":39},"end":{"line":182,"column":5}},"line":139},"13":{"name":"(anonymous_13)","decl":{"start":{"line":148,"column":52},"end":{"line":148,"column":53}},"loc":{"start":{"line":149,"column":12},"end":{"line":149,"column":80}},"line":149},"14":{"name":"(anonymous_14)","decl":{"start":{"line":149,"column":23},"end":{"line":149,"column":24}},"loc":{"start":{"line":149,"column":29},"end":{"line":149,"column":72}},"line":149},"15":{"name":"(anonymous_15)","decl":{"start":{"line":178,"column":30},"end":{"line":178,"column":31}},"loc":{"start":{"line":178,"column":41},"end":{"line":178,"column":67}},"line":178},"16":{"name":"(anonymous_16)","decl":{"start":{"line":185,"column":15},"end":{"line":185,"column":16}},"loc":{"start":{"line":185,"column":21},"end":{"line":195,"column":5}},"line":185},"17":{"name":"(anonymous_17)","decl":{"start":{"line":187,"column":31},"end":{"line":187,"column":32}},"loc":{"start":{"line":187,"column":40},"end":{"line":193,"column":9}},"line":187},"18":{"name":"(anonymous_18)","decl":{"start":{"line":198,"column":11},"end":{"line":198,"column":12}},"loc":{"start":{"line":198,"column":17},"end":{"line":200,"column":5}},"line":198},"19":{"name":"(anonymous_19)","decl":{"start":{"line":204,"column":12},"end":{"line":204,"column":13}},"loc":{"start":{"line":204,"column":18},"end":{"line":214,"column":3}},"line":204},"20":{"name":"(anonymous_20)","decl":{"start":{"line":205,"column":11},"end":{"line":205,"column":12}},"loc":{"start":{"line":205,"column":17},"end":{"line":213,"column":5}},"line":205},"21":{"name":"(anonymous_21)","decl":{"start":{"line":231,"column":74},"end":{"line":231,"column":75}},"loc":{"start":{"line":231,"column":92},"end":{"line":243,"column":1}},"line":231},"22":{"name":"(anonymous_22)","decl":{"start":{"line":246,"column":28},"end":{"line":246,"column":29}},"loc":{"start":{"line":246,"column":34},"end":{"line":249,"column":1}},"line":246},"23":{"name":"(anonymous_23)","decl":{"start":{"line":247,"column":30},"end":{"line":247,"column":31}},"loc":{"start":{"line":247,"column":41},"end":{"line":247,"column":51}},"line":247}},"branchMap":{"0":{"loc":{"start":{"line":35,"column":6},"end":{"line":44,"column":7}},"type":"if","locations":[{"start":{"line":35,"column":6},"end":{"line":44,"column":7}},{"start":{"line":42,"column":13},"end":{"line":44,"column":7}}],"line":35},"1":{"loc":{"start":{"line":37,"column":8},"end":{"line":41,"column":9}},"type":"if","locations":[{"start":{"line":37,"column":8},"end":{"line":41,"column":9}},{"start":{},"end":{}}],"line":37},"2":{"loc":{"start":{"line":48,"column":6},"end":{"line":70,"column":7}},"type":"if","locations":[{"start":{"line":48,"column":6},"end":{"line":70,"column":7}},{"start":{},"end":{}}],"line":48},"3":{"loc":{"start":{"line":48,"column":10},"end":{"line":56,"column":49}},"type":"binary-expr","locations":[{"start":{"line":48,"column":10},"end":{"line":48,"column":43}},{"start":{"line":49,"column":10},"end":{"line":49,"column":39}},{"start":{"line":50,"column":10},"end":{"line":50,"column":53}},{"start":{"line":51,"column":10},"end":{"line":51,"column":47}},{"start":{"line":52,"column":10},"end":{"line":52,"column":48}},{"start":{"line":53,"column":10},"end":{"line":53,"column":55}},{"start":{"line":54,"column":10},"end":{"line":54,"column":39}},{"start":{"line":55,"column":10},"end":{"line":55,"column":44}},{"start":{"line":56,"column":10},"end":{"line":56,"column":49}}],"line":48},"4":{"loc":{"start":{"line":66,"column":8},"end":{"line":68,"column":9}},"type":"if","locations":[{"start":{"line":66,"column":8},"end":{"line":68,"column":9}},{"start":{},"end":{}}],"line":66},"5":{"loc":{"start":{"line":66,"column":12},"end":{"line":66,"column":106}},"type":"binary-expr","locations":[{"start":{"line":66,"column":12},"end":{"line":66,"column":26}},{"start":{"line":66,"column":30},"end":{"line":66,"column":73}},{"start":{"line":66,"column":77},"end":{"line":66,"column":106}}],"line":66},"6":{"loc":{"start":{"line":80,"column":6},"end":{"line":87,"column":7}},"type":"if","locations":[{"start":{"line":80,"column":6},"end":{"line":87,"column":7}},{"start":{},"end":{}}],"line":80},"7":{"loc":{"start":{"line":80,"column":10},"end":{"line":80,"column":121}},"type":"binary-expr","locations":[{"start":{"line":80,"column":10},"end":{"line":80,"column":38}},{"start":{"line":80,"column":42},"end":{"line":80,"column":75}},{"start":{"line":80,"column":79},"end":{"line":80,"column":121}}],"line":80},"8":{"loc":{"start":{"line":83,"column":8},"end":{"line":86,"column":9}},"type":"if","locations":[{"start":{"line":83,"column":8},"end":{"line":86,"column":9}},{"start":{},"end":{}}],"line":83},"9":{"loc":{"start":{"line":102,"column":2},"end":{"line":111,"column":3}},"type":"if","locations":[{"start":{"line":102,"column":2},"end":{"line":111,"column":3}},{"start":{},"end":{}}],"line":102},"10":{"loc":{"start":{"line":125,"column":4},"end":{"line":127,"column":5}},"type":"if","locations":[{"start":{"line":125,"column":4},"end":{"line":127,"column":5}},{"start":{},"end":{}}],"line":125},"11":{"loc":{"start":{"line":132,"column":4},"end":{"line":132,"column":66}},"type":"if","locations":[{"start":{"line":132,"column":4},"end":{"line":132,"column":66}},{"start":{},"end":{}}],"line":132},"12":{"loc":{"start":{"line":132,"column":8},"end":{"line":132,"column":57}},"type":"binary-expr","locations":[{"start":{"line":132,"column":8},"end":{"line":132,"column":30}},{"start":{"line":132,"column":34},"end":{"line":132,"column":57}}],"line":132},"13":{"loc":{"start":{"line":140,"column":13},"end":{"line":140,"column":51}},"type":"binary-expr","locations":[{"start":{"line":140,"column":13},"end":{"line":140,"column":38}},{"start":{"line":140,"column":42},"end":{"line":140,"column":51}}],"line":140},"14":{"loc":{"start":{"line":154,"column":10},"end":{"line":159,"column":11}},"type":"if","locations":[{"start":{"line":154,"column":10},"end":{"line":159,"column":11}},{"start":{},"end":{}}],"line":154},"15":{"loc":{"start":{"line":161,"column":31},"end":{"line":161,"column":74}},"type":"binary-expr","locations":[{"start":{"line":161,"column":31},"end":{"line":161,"column":55}},{"start":{"line":161,"column":59},"end":{"line":161,"column":74}}],"line":161},"16":{"loc":{"start":{"line":165,"column":10},"end":{"line":173,"column":11}},"type":"if","locations":[{"start":{"line":165,"column":10},"end":{"line":173,"column":11}},{"start":{},"end":{}}],"line":165},"17":{"loc":{"start":{"line":167,"column":12},"end":{"line":171,"column":13}},"type":"if","locations":[{"start":{"line":167,"column":12},"end":{"line":171,"column":13}},{"start":{},"end":{}}],"line":167},"18":{"loc":{"start":{"line":177,"column":10},"end":{"line":179,"column":11}},"type":"if","locations":[{"start":{"line":177,"column":10},"end":{"line":179,"column":11}},{"start":{},"end":{}}],"line":177},"19":{"loc":{"start":{"line":186,"column":6},"end":{"line":194,"column":7}},"type":"if","locations":[{"start":{"line":186,"column":6},"end":{"line":194,"column":7}},{"start":{},"end":{}}],"line":186},"20":{"loc":{"start":{"line":189,"column":10},"end":{"line":192,"column":11}},"type":"if","locations":[{"start":{"line":189,"column":10},"end":{"line":192,"column":11}},{"start":{},"end":{}}],"line":189},"21":{"loc":{"start":{"line":206,"column":6},"end":{"line":212,"column":7}},"type":"if","locations":[{"start":{"line":206,"column":6},"end":{"line":212,"column":7}},{"start":{},"end":{}}],"line":206},"22":{"loc":{"start":{"line":217,"column":2},"end":{"line":219,"column":3}},"type":"if","locations":[{"start":{"line":217,"column":2},"end":{"line":219,"column":3}},{"start":{},"end":{}}],"line":217},"23":{"loc":{"start":{"line":217,"column":6},"end":{"line":217,"column":82}},"type":"binary-expr","locations":[{"start":{"line":217,"column":6},"end":{"line":217,"column":29}},{"start":{"line":217,"column":34},"end":{"line":217,"column":46}},{"start":{"line":217,"column":50},"end":{"line":217,"column":57}},{"start":{"line":217,"column":61},"end":{"line":217,"column":81}}],"line":217},"24":{"loc":{"start":{"line":222,"column":2},"end":{"line":225,"column":3}},"type":"if","locations":[{"start":{"line":222,"column":2},"end":{"line":225,"column":3}},{"start":{},"end":{}}],"line":222}},"s":{"0":3,"1":0,"2":3,"3":0,"4":0,"5":0,"6":0,"7":0,"8":0,"9":0,"10":0,"11":0,"12":0,"13":0,"14":0,"15":0,"16":0,"17":0,"18":0,"19":0,"20":0,"21":0,"22":0,"23":0,"24":0,"25":0,"26":0,"27":0,"28":0,"29":0,"30":0,"31":0,"32":0,"33":0,"34":0,"35":0,"36":0,"37":0,"38":0,"39":0,"40":0,"41":0,"42":0,"43":0,"44":0,"45":0,"46":0,"47":0,"48":3,"49":0,"50":0,"51":0,"52":0,"53":0,"54":0,"55":0,"56":0,"57":0,"58":0,"59":0,"60":0,"61":0,"62":0,"63":0,"64":0,"65":0,"66":0,"67":0,"68":0,"69":0,"70":0,"71":0,"72":0,"73":0,"74":0,"75":0,"76":0,"77":0,"78":0,"79":0,"80":0,"81":0,"82":0,"83":0,"84":0,"85":0,"86":0,"87":0,"88":0,"89":0,"90":0,"91":0,"92":0,"93":0,"94":0,"95":0,"96":0,"97":0,"98":0,"99":0,"100":0,"101":0,"102":0,"103":0,"104":0,"105":0,"106":0,"107":0,"108":0,"109":0,"110":0,"111":0,"112":3,"113":0,"114":3,"115":4,"116":8,"117":4,"118":3},"f":{"0":0,"1":0,"2":0,"3":0,"4":0,"5":0,"6":0,"7":0,"8":0,"9":0,"10":0,"11":0,"12":0,"13":0,"14":0,"15":0,"16":0,"17":0,"18":0,"19":0,"20":0,"21":0,"22":4,"23":8},"b":{"0":[0,0],"1":[0,0],"2":[0,0],"3":[0,0,0,0,0,0,0,0,0],"4":[0,0],"5":[0,0,0],"6":[0,0],"7":[0,0,0],"8":[0,0],"9":[0,0],"10":[0,0],"11":[0,0],"12":[0,0],"13":[0,0],"14":[0,0],"15":[0,0],"16":[0,0],"17":[0,0],"18":[0,0],"19":[0,0],"20":[0,0],"21":[0,0],"22":[0,0],"23":[0,0,0,0],"24":[0,0]},"_coverageSchema":"1a1c01bbd47fc00a2c39e90264f33305004495a9","hash":"c1016306a485fbb3cc3d3c45ee715ba5d8511ea8"}
,"/Users/cash/github/GetMaximumFitIosApp/hooks/useAuth.ts": {"path":"/Users/cash/github/GetMaximumFitIosApp/hooks/useAuth.ts","statementMap":{"0":{"start":{"line":10,"column":23},"end":{"line":47,"column":1}},"1":{"start":{"line":11,"column":19},"end":{"line":11,"column":35}},"2":{"start":{"line":12,"column":20},"end":{"line":12,"column":57}},"3":{"start":{"line":12,"column":46},"end":{"line":12,"column":56}},"4":{"start":{"line":14,"column":27},"end":{"line":22,"column":16}},"5":{"start":{"line":15,"column":4},"end":{"line":21,"column":5}},"6":{"start":{"line":16,"column":6},"end":{"line":16,"column":42}},"7":{"start":{"line":18,"column":6},"end":{"line":18,"column":46}},"8":{"start":{"line":20,"column":6},"end":{"line":20,"column":33}},"9":{"start":{"line":24,"column":29},"end":{"line":32,"column":37}},"10":{"start":{"line":25,"column":4},"end":{"line":31,"column":5}},"11":{"start":{"line":26,"column":6},"end":{"line":30,"column":7}},"12":{"start":{"line":27,"column":8},"end":{"line":27,"column":69}},"13":{"start":{"line":29,"column":8},"end":{"line":29,"column":55}},"14":{"start":{"line":34,"column":2},"end":{"line":46,"column":4}}},"fnMap":{"0":{"name":"(anonymous_0)","decl":{"start":{"line":10,"column":23},"end":{"line":10,"column":24}},"loc":{"start":{"line":10,"column":29},"end":{"line":47,"column":1}},"line":10},"1":{"name":"(anonymous_1)","decl":{"start":{"line":12,"column":35},"end":{"line":12,"column":36}},"loc":{"start":{"line":12,"column":46},"end":{"line":12,"column":56}},"line":12},"2":{"name":"(anonymous_2)","decl":{"start":{"line":14,"column":39},"end":{"line":14,"column":40}},"loc":{"start":{"line":14,"column":51},"end":{"line":22,"column":3}},"line":14},"3":{"name":"(anonymous_3)","decl":{"start":{"line":24,"column":41},"end":{"line":24,"column":42}},"loc":{"start":{"line":24,"column":53},"end":{"line":32,"column":3}},"line":24}},"branchMap":{"0":{"loc":{"start":{"line":25,"column":4},"end":{"line":31,"column":5}},"type":"if","locations":[{"start":{"line":25,"column":4},"end":{"line":31,"column":5}},{"start":{},"end":{}}],"line":25}},"s":{"0":2,"1":104,"2":104,"3":309,"4":104,"5":5,"6":5,"7":2,"8":2,"9":104,"10":3,"11":2,"12":2,"13":1,"14":104},"f":{"0":104,"1":309,"2":5,"3":3},"b":{"0":[2,1]},"_coverageSchema":"1a1c01bbd47fc00a2c39e90264f33305004495a9","hash":"c21311590169adde970b0523174e2c7c1efc4416"}
,"/Users/cash/github/GetMaximumFitIosApp/hooks/useAuthFunctions.ts": {"path":"/Users/cash/github/GetMaximumFitIosApp/hooks/useAuthFunctions.ts","statementMap":{"0":{"start":{"line":25,"column":32},"end":{"line":243,"column":1}},"1":{"start":{"line":26,"column":19},"end":{"line":26,"column":35}},"2":{"start":{"line":27,"column":20},"end":{"line":27,"column":34}},"3":{"start":{"line":29,"column":17},"end":{"line":42,"column":3}},"4":{"start":{"line":30,"column":27},"end":{"line":30,"column":82}},"5":{"start":{"line":31,"column":17},"end":{"line":31,"column":36}},"6":{"start":{"line":34,"column":4},"end":{"line":39,"column":5}},"7":{"start":{"line":35,"column":6},"end":{"line":35,"column":53}},"8":{"start":{"line":37,"column":6},"end":{"line":37,"column":77}},"9":{"start":{"line":41,"column":4},"end":{"line":41,"column":16}},"10":{"start":{"line":44,"column":17},"end":{"line":61,"column":3}},"11":{"start":{"line":45,"column":27},"end":{"line":45,"column":86}},"12":{"start":{"line":46,"column":17},"end":{"line":46,"column":36}},"13":{"start":{"line":49,"column":4},"end":{"line":53,"column":5}},"14":{"start":{"line":50,"column":6},"end":{"line":50,"column":53}},"15":{"start":{"line":52,"column":6},"end":{"line":52,"column":77}},"16":{"start":{"line":56,"column":4},"end":{"line":58,"column":5}},"17":{"start":{"line":57,"column":6},"end":{"line":57,"column":49}},"18":{"start":{"line":60,"column":4},"end":{"line":60,"column":16}},"19":{"start":{"line":63,"column":27},"end":{"line":170,"column":3}},"20":{"start":{"line":64,"column":4},"end":{"line":64,"column":63}},"21":{"start":{"line":65,"column":17},"end":{"line":65,"column":45}},"22":{"start":{"line":68,"column":4},"end":{"line":78,"column":7}},"23":{"start":{"line":73,"column":48},"end":{"line":77,"column":7}},"24":{"start":{"line":81,"column":4},"end":{"line":166,"column":5}},"25":{"start":{"line":82,"column":6},"end":{"line":82,"column":74}},"26":{"start":{"line":85,"column":22},"end":{"line":85,"column":24}},"27":{"start":{"line":86,"column":21},"end":{"line":86,"column":23}},"28":{"start":{"line":87,"column":24},"end":{"line":87,"column":46}},"29":{"start":{"line":90,"column":6},"end":{"line":95,"column":7}},"30":{"start":{"line":91,"column":26},"end":{"line":91,"column":60}},"31":{"start":{"line":92,"column":8},"end":{"line":92,"column":39}},"32":{"start":{"line":93,"column":8},"end":{"line":93,"column":76}},"33":{"start":{"line":94,"column":8},"end":{"line":94,"column":81}},"34":{"start":{"line":98,"column":6},"end":{"line":107,"column":7}},"35":{"start":{"line":99,"column":31},"end":{"line":99,"column":89}},"36":{"start":{"line":99,"column":59},"end":{"line":99,"column":88}},"37":{"start":{"line":100,"column":8},"end":{"line":106,"column":9}},"38":{"start":{"line":101,"column":10},"end":{"line":101,"column":51}},"39":{"start":{"line":102,"column":28},"end":{"line":102,"column":72}},"40":{"start":{"line":103,"column":10},"end":{"line":103,"column":41}},"41":{"start":{"line":104,"column":10},"end":{"line":104,"column":78}},"42":{"start":{"line":105,"column":10},"end":{"line":105,"column":80}},"43":{"start":{"line":110,"column":6},"end":{"line":113,"column":7}},"44":{"start":{"line":111,"column":8},"end":{"line":111,"column":45}},"45":{"start":{"line":112,"column":8},"end":{"line":112,"column":67}},"46":{"start":{"line":115,"column":26},"end":{"line":129,"column":7}},"47":{"start":{"line":131,"column":6},"end":{"line":131,"column":76}},"48":{"start":{"line":134,"column":25},"end":{"line":134,"column":54}},"49":{"start":{"line":135,"column":6},"end":{"line":135,"column":61}},"50":{"start":{"line":137,"column":6},"end":{"line":137,"column":75}},"51":{"start":{"line":140,"column":6},"end":{"line":158,"column":7}},"52":{"start":{"line":141,"column":25},"end":{"line":141,"column":49}},"53":{"start":{"line":142,"column":8},"end":{"line":155,"column":9}},"54":{"start":{"line":143,"column":28},"end":{"line":143,"column":43}},"55":{"start":{"line":144,"column":10},"end":{"line":152,"column":13}},"56":{"start":{"line":154,"column":10},"end":{"line":154,"column":92}},"57":{"start":{"line":157,"column":8},"end":{"line":157,"column":71}},"58":{"start":{"line":164,"column":6},"end":{"line":164,"column":90}},"59":{"start":{"line":168,"column":4},"end":{"line":168,"column":61}},"60":{"start":{"line":169,"column":4},"end":{"line":169,"column":16}},"61":{"start":{"line":172,"column":18},"end":{"line":174,"column":3}},"62":{"start":{"line":173,"column":4},"end":{"line":173,"column":40}},"63":{"start":{"line":176,"column":29},"end":{"line":182,"column":3}},"64":{"start":{"line":177,"column":24},"end":{"line":177,"column":40}},"65":{"start":{"line":178,"column":4},"end":{"line":181,"column":5}},"66":{"start":{"line":179,"column":6},"end":{"line":179,"column":67}},"67":{"start":{"line":180,"column":6},"end":{"line":180,"column":55}},"68":{"start":{"line":184,"column":24},"end":{"line":192,"column":3}},"69":{"start":{"line":185,"column":4},"end":{"line":191,"column":5}},"70":{"start":{"line":186,"column":23},"end":{"line":186,"column":72}},"71":{"start":{"line":187,"column":6},"end":{"line":187,"column":24}},"72":{"start":{"line":189,"column":6},"end":{"line":189,"column":56}},"73":{"start":{"line":190,"column":6},"end":{"line":190,"column":19}},"74":{"start":{"line":194,"column":26},"end":{"line":196,"column":3}},"75":{"start":{"line":195,"column":4},"end":{"line":195,"column":57}},"76":{"start":{"line":198,"column":28},"end":{"line":231,"column":3}},"77":{"start":{"line":199,"column":20},"end":{"line":207,"column":5}},"78":{"start":{"line":210,"column":23},"end":{"line":210,"column":52}},"79":{"start":{"line":211,"column":4},"end":{"line":211,"column":55}},"80":{"start":{"line":214,"column":27},"end":{"line":228,"column":5}},"81":{"start":{"line":221,"column":55},"end":{"line":227,"column":7}},"82":{"start":{"line":230,"column":4},"end":{"line":230,"column":84}},"83":{"start":{"line":233,"column":2},"end":{"line":242,"column":4}}},"fnMap":{"0":{"name":"(anonymous_0)","decl":{"start":{"line":25,"column":32},"end":{"line":25,"column":33}},"loc":{"start":{"line":25,"column":53},"end":{"line":243,"column":1}},"line":25},"1":{"name":"(anonymous_1)","decl":{"start":{"line":29,"column":17},"end":{"line":29,"column":18}},"loc":{"start":{"line":29,"column":75},"end":{"line":42,"column":3}},"line":29},"2":{"name":"(anonymous_2)","decl":{"start":{"line":44,"column":17},"end":{"line":44,"column":18}},"loc":{"start":{"line":44,"column":94},"end":{"line":61,"column":3}},"line":44},"3":{"name":"(anonymous_3)","decl":{"start":{"line":63,"column":27},"end":{"line":63,"column":28}},"loc":{"start":{"line":63,"column":54},"end":{"line":170,"column":3}},"line":63},"4":{"name":"(anonymous_4)","decl":{"start":{"line":73,"column":42},"end":{"line":73,"column":43}},"loc":{"start":{"line":73,"column":48},"end":{"line":77,"column":7}},"line":73},"5":{"name":"(anonymous_5)","decl":{"start":{"line":99,"column":54},"end":{"line":99,"column":55}},"loc":{"start":{"line":99,"column":59},"end":{"line":99,"column":88}},"line":99},"6":{"name":"(anonymous_6)","decl":{"start":{"line":172,"column":18},"end":{"line":172,"column":19}},"loc":{"start":{"line":172,"column":45},"end":{"line":174,"column":3}},"line":172},"7":{"name":"(anonymous_7)","decl":{"start":{"line":176,"column":29},"end":{"line":176,"column":30}},"loc":{"start":{"line":176,"column":56},"end":{"line":182,"column":3}},"line":176},"8":{"name":"(anonymous_8)","decl":{"start":{"line":184,"column":24},"end":{"line":184,"column":25}},"loc":{"start":{"line":184,"column":54},"end":{"line":192,"column":3}},"line":184},"9":{"name":"(anonymous_9)","decl":{"start":{"line":194,"column":26},"end":{"line":194,"column":27}},"loc":{"start":{"line":194,"column":62},"end":{"line":196,"column":3}},"line":194},"10":{"name":"(anonymous_10)","decl":{"start":{"line":198,"column":28},"end":{"line":198,"column":29}},"loc":{"start":{"line":198,"column":83},"end":{"line":231,"column":3}},"line":198},"11":{"name":"(anonymous_11)","decl":{"start":{"line":221,"column":42},"end":{"line":221,"column":43}},"loc":{"start":{"line":221,"column":55},"end":{"line":227,"column":7}},"line":221}},"branchMap":{"0":{"loc":{"start":{"line":56,"column":4},"end":{"line":58,"column":5}},"type":"if","locations":[{"start":{"line":56,"column":4},"end":{"line":58,"column":5}},{"start":{},"end":{}}],"line":56},"1":{"loc":{"start":{"line":87,"column":24},"end":{"line":87,"column":46}},"type":"binary-expr","locations":[{"start":{"line":87,"column":24},"end":{"line":87,"column":40}},{"start":{"line":87,"column":44},"end":{"line":87,"column":46}}],"line":87},"2":{"loc":{"start":{"line":90,"column":6},"end":{"line":95,"column":7}},"type":"if","locations":[{"start":{"line":90,"column":6},"end":{"line":95,"column":7}},{"start":{},"end":{}}],"line":90},"3":{"loc":{"start":{"line":92,"column":20},"end":{"line":92,"column":38}},"type":"binary-expr","locations":[{"start":{"line":92,"column":20},"end":{"line":92,"column":32}},{"start":{"line":92,"column":36},"end":{"line":92,"column":38}}],"line":92},"4":{"loc":{"start":{"line":93,"column":19},"end":{"line":93,"column":75}},"type":"cond-expr","locations":[{"start":{"line":93,"column":42},"end":{"line":93,"column":70}},{"start":{"line":93,"column":73},"end":{"line":93,"column":75}}],"line":93},"5":{"loc":{"start":{"line":98,"column":6},"end":{"line":107,"column":7}},"type":"if","locations":[{"start":{"line":98,"column":6},"end":{"line":107,"column":7}},{"start":{},"end":{}}],"line":98},"6":{"loc":{"start":{"line":98,"column":10},"end":{"line":98,"column":73}},"type":"binary-expr","locations":[{"start":{"line":98,"column":10},"end":{"line":98,"column":20}},{"start":{"line":98,"column":24},"end":{"line":98,"column":41}},{"start":{"line":98,"column":45},"end":{"line":98,"column":73}}],"line":98},"7":{"loc":{"start":{"line":100,"column":8},"end":{"line":106,"column":9}},"type":"if","locations":[{"start":{"line":100,"column":8},"end":{"line":106,"column":9}},{"start":{},"end":{}}],"line":100},"8":{"loc":{"start":{"line":100,"column":12},"end":{"line":100,"column":56}},"type":"binary-expr","locations":[{"start":{"line":100,"column":12},"end":{"line":100,"column":26}},{"start":{"line":100,"column":30},"end":{"line":100,"column":56}}],"line":100},"9":{"loc":{"start":{"line":103,"column":22},"end":{"line":103,"column":40}},"type":"binary-expr","locations":[{"start":{"line":103,"column":22},"end":{"line":103,"column":34}},{"start":{"line":103,"column":38},"end":{"line":103,"column":40}}],"line":103},"10":{"loc":{"start":{"line":104,"column":21},"end":{"line":104,"column":77}},"type":"cond-expr","locations":[{"start":{"line":104,"column":44},"end":{"line":104,"column":72}},{"start":{"line":104,"column":75},"end":{"line":104,"column":77}}],"line":104},"11":{"loc":{"start":{"line":110,"column":6},"end":{"line":113,"column":7}},"type":"if","locations":[{"start":{"line":110,"column":6},"end":{"line":113,"column":7}},{"start":{},"end":{}}],"line":110},"12":{"loc":{"start":{"line":110,"column":10},"end":{"line":110,"column":34}},"type":"binary-expr","locations":[{"start":{"line":110,"column":10},"end":{"line":110,"column":20}},{"start":{"line":110,"column":24},"end":{"line":110,"column":34}}],"line":110},"13":{"loc":{"start":{"line":118,"column":15},"end":{"line":118,"column":31}},"type":"binary-expr","locations":[{"start":{"line":118,"column":15},"end":{"line":118,"column":25}},{"start":{"line":118,"column":29},"end":{"line":118,"column":31}}],"line":118},"14":{"loc":{"start":{"line":120,"column":18},"end":{"line":120,"column":37}},"type":"binary-expr","locations":[{"start":{"line":120,"column":18},"end":{"line":120,"column":31}},{"start":{"line":120,"column":35},"end":{"line":120,"column":37}}],"line":120},"15":{"loc":{"start":{"line":142,"column":8},"end":{"line":155,"column":9}},"type":"if","locations":[{"start":{"line":142,"column":8},"end":{"line":155,"column":9}},{"start":{"line":153,"column":15},"end":{"line":155,"column":9}}],"line":142},"16":{"loc":{"start":{"line":178,"column":4},"end":{"line":181,"column":5}},"type":"if","locations":[{"start":{"line":178,"column":4},"end":{"line":181,"column":5}},{"start":{},"end":{}}],"line":178},"17":{"loc":{"start":{"line":202,"column":13},"end":{"line":202,"column":29}},"type":"binary-expr","locations":[{"start":{"line":202,"column":13},"end":{"line":202,"column":23}},{"start":{"line":202,"column":27},"end":{"line":202,"column":29}}],"line":202},"18":{"loc":{"start":{"line":203,"column":19},"end":{"line":203,"column":41}},"type":"binary-expr","locations":[{"start":{"line":203,"column":19},"end":{"line":203,"column":35}},{"start":{"line":203,"column":39},"end":{"line":203,"column":41}}],"line":203},"19":{"loc":{"start":{"line":204,"column":16},"end":{"line":204,"column":35}},"type":"binary-expr","locations":[{"start":{"line":204,"column":16},"end":{"line":204,"column":29}},{"start":{"line":204,"column":33},"end":{"line":204,"column":35}}],"line":204}},"s":{"0":0,"1":0,"2":0,"3":0,"4":0,"5":0,"6":0,"7":0,"8":0,"9":0,"10":0,"11":0,"12":0,"13":0,"14":0,"15":0,"16":0,"17":0,"18":0,"19":0,"20":0,"21":0,"22":0,"23":0,"24":0,"25":0,"26":0,"27":0,"28":0,"29":0,"30":0,"31":0,"32":0,"33":0,"34":0,"35":0,"36":0,"37":0,"38":0,"39":0,"40":0,"41":0,"42":0,"43":0,"44":0,"45":0,"46":0,"47":0,"48":0,"49":0,"50":0,"51":0,"52":0,"53":0,"54":0,"55":0,"56":0,"57":0,"58":0,"59":0,"60":0,"61":0,"62":0,"63":0,"64":0,"65":0,"66":0,"67":0,"68":0,"69":0,"70":0,"71":0,"72":0,"73":0,"74":0,"75":0,"76":0,"77":0,"78":0,"79":0,"80":0,"81":0,"82":0,"83":0},"f":{"0":0,"1":0,"2":0,"3":0,"4":0,"5":0,"6":0,"7":0,"8":0,"9":0,"10":0,"11":0},"b":{"0":[0,0],"1":[0,0],"2":[0,0],"3":[0,0],"4":[0,0],"5":[0,0],"6":[0,0,0],"7":[0,0],"8":[0,0],"9":[0,0],"10":[0,0],"11":[0,0],"12":[0,0],"13":[0,0],"14":[0,0],"15":[0,0],"16":[0,0],"17":[0,0],"18":[0,0],"19":[0,0]}}
,"/Users/cash/github/GetMaximumFitIosApp/hooks/useAuthGuard.ts": {"path":"/Users/cash/github/GetMaximumFitIosApp/hooks/useAuthGuard.ts","statementMap":{"0":{"start":{"line":11,"column":28},"end":{"line":39,"column":1}},"1":{"start":{"line":12,"column":92},"end":{"line":12,"column":106}},"2":{"start":{"line":13,"column":32},"end":{"line":13,"column":47}},"3":{"start":{"line":15,"column":2},"end":{"line":28,"column":86}},"4":{"start":{"line":17,"column":4},"end":{"line":20,"column":5}},"5":{"start":{"line":18,"column":6},"end":{"line":18,"column":24}},"6":{"start":{"line":19,"column":6},"end":{"line":19,"column":13}},"7":{"start":{"line":23,"column":4},"end":{"line":27,"column":5}},"8":{"start":{"line":24,"column":6},"end":{"line":24,"column":23}},"9":{"start":{"line":26,"column":6},"end":{"line":26,"column":24}},"10":{"start":{"line":30,"column":2},"end":{"line":38,"column":4}}},"fnMap":{"0":{"name":"(anonymous_0)","decl":{"start":{"line":11,"column":28},"end":{"line":11,"column":29}},"loc":{"start":{"line":11,"column":34},"end":{"line":39,"column":1}},"line":11},"1":{"name":"(anonymous_1)","decl":{"start":{"line":15,"column":12},"end":{"line":15,"column":13}},"loc":{"start":{"line":15,"column":18},"end":{"line":28,"column":3}},"line":15}},"branchMap":{"0":{"loc":{"start":{"line":17,"column":4},"end":{"line":20,"column":5}},"type":"if","locations":[{"start":{"line":17,"column":4},"end":{"line":20,"column":5}},{"start":{},"end":{}}],"line":17},"1":{"loc":{"start":{"line":17,"column":8},"end":{"line":17,"column":44}},"type":"binary-expr","locations":[{"start":{"line":17,"column":8},"end":{"line":17,"column":20}},{"start":{"line":17,"column":24},"end":{"line":17,"column":44}}],"line":17},"2":{"loc":{"start":{"line":23,"column":4},"end":{"line":27,"column":5}},"type":"if","locations":[{"start":{"line":23,"column":4},"end":{"line":27,"column":5}},{"start":{"line":25,"column":11},"end":{"line":27,"column":5}}],"line":23}},"s":{"0":0,"1":0,"2":0,"3":0,"4":0,"5":0,"6":0,"7":0,"8":0,"9":0,"10":0},"f":{"0":0,"1":0},"b":{"0":[0,0],"1":[0,0],"2":[0,0]}}
,"/Users/cash/github/GetMaximumFitIosApp/hooks/useColorScheme.ts": {"path":"/Users/cash/github/GetMaximumFitIosApp/hooks/useColorScheme.ts","statementMap":{"0":{"start":{"line":3,"column":2},"end":{"line":3,"column":26}}},"fnMap":{"0":{"name":"useColorScheme","decl":{"start":{"line":2,"column":16},"end":{"line":2,"column":30}},"loc":{"start":{"line":2,"column":33},"end":{"line":4,"column":1}},"line":2}},"branchMap":{},"s":{"0":0},"f":{"0":0},"b":{},"_coverageSchema":"1a1c01bbd47fc00a2c39e90264f33305004495a9","hash":"d759df4ba6684bf99f0bd21f9847869721ea49a5"}
,"/Users/cash/github/GetMaximumFitIosApp/hooks/useColorScheme.web.ts": {"path":"/Users/cash/github/GetMaximumFitIosApp/hooks/useColorScheme.web.ts","statementMap":{"0":{"start":{"line":5,"column":2},"end":{"line":5,"column":26}}},"fnMap":{"0":{"name":"useColorScheme","decl":{"start":{"line":4,"column":16},"end":{"line":4,"column":30}},"loc":{"start":{"line":4,"column":33},"end":{"line":6,"column":1}},"line":4}},"branchMap":{},"s":{"0":0},"f":{"0":0},"b":{}}
,"/Users/cash/github/GetMaximumFitIosApp/hooks/useEnhancedAuth.ts": {"path":"/Users/cash/github/GetMaximumFitIosApp/hooks/useEnhancedAuth.ts","statementMap":{"0":{"start":{"line":9,"column":31},"end":{"line":58,"column":1}},"1":{"start":{"line":10,"column":20},"end":{"line":10,"column":34}},"2":{"start":{"line":16,"column":28},"end":{"line":18,"column":8}},"3":{"start":{"line":17,"column":4},"end":{"line":17,"column":57}},"4":{"start":{"line":24,"column":24},"end":{"line":26,"column":8}},"5":{"start":{"line":25,"column":4},"end":{"line":25,"column":53}},"6":{"start":{"line":32,"column":18},"end":{"line":34,"column":8}},"7":{"start":{"line":33,"column":4},"end":{"line":33,"column":47}},"8":{"start":{"line":40,"column":40},"end":{"line":43,"column":21}},"9":{"start":{"line":41,"column":19},"end":{"line":41,"column":40}},"10":{"start":{"line":42,"column":4},"end":{"line":42,"column":58}},"11":{"start":{"line":45,"column":2},"end":{"line":57,"column":4}},"12":{"start":{"line":64,"column":35},"end":{"line":120,"column":1}},"13":{"start":{"line":65,"column":63},"end":{"line":65,"column":80}},"14":{"start":{"line":71,"column":25},"end":{"line":91,"column":56}},"15":{"start":{"line":72,"column":4},"end":{"line":90,"column":5}},"16":{"start":{"line":73,"column":22},"end":{"line":73,"column":59}},"17":{"start":{"line":74,"column":6},"end":{"line":76,"column":7}},"18":{"start":{"line":75,"column":8},"end":{"line":75,"column":20}},"19":{"start":{"line":78,"column":20},"end":{"line":78,"column":45}},"20":{"start":{"line":79,"column":6},"end":{"line":81,"column":7}},"21":{"start":{"line":80,"column":8},"end":{"line":80,"column":20}},"22":{"start":{"line":83,"column":6},"end":{"line":86,"column":8}},"23":{"start":{"line":88,"column":6},"end":{"line":88,"column":58}},"24":{"start":{"line":89,"column":6},"end":{"line":89,"column":18}},"25":{"start":{"line":97,"column":29},"end":{"line":114,"column":22}},"26":{"start":{"line":101,"column":24},"end":{"line":101,"column":46}},"27":{"start":{"line":103,"column":4},"end":{"line":105,"column":5}},"28":{"start":{"line":104,"column":6},"end":{"line":104,"column":71}},"29":{"start":{"line":107,"column":4},"end":{"line":113,"column":7}},"30":{"start":{"line":116,"column":2},"end":{"line":119,"column":4}}},"fnMap":{"0":{"name":"(anonymous_0)","decl":{"start":{"line":9,"column":31},"end":{"line":9,"column":32}},"loc":{"start":{"line":9,"column":37},"end":{"line":58,"column":1}},"line":9},"1":{"name":"(anonymous_1)","decl":{"start":{"line":16,"column":40},"end":{"line":16,"column":41}},"loc":{"start":{"line":16,"column":76},"end":{"line":18,"column":3}},"line":16},"2":{"name":"(anonymous_2)","decl":{"start":{"line":24,"column":36},"end":{"line":24,"column":37}},"loc":{"start":{"line":24,"column":48},"end":{"line":26,"column":3}},"line":24},"3":{"name":"(anonymous_3)","decl":{"start":{"line":32,"column":30},"end":{"line":32,"column":31}},"loc":{"start":{"line":32,"column":57},"end":{"line":34,"column":3}},"line":32},"4":{"name":"(anonymous_4)","decl":{"start":{"line":40,"column":52},"end":{"line":40,"column":53}},"loc":{"start":{"line":40,"column":82},"end":{"line":43,"column":3}},"line":40},"5":{"name":"(anonymous_5)","decl":{"start":{"line":64,"column":35},"end":{"line":64,"column":36}},"loc":{"start":{"line":64,"column":41},"end":{"line":120,"column":1}},"line":64},"6":{"name":"(anonymous_6)","decl":{"start":{"line":71,"column":37},"end":{"line":71,"column":38}},"loc":{"start":{"line":71,"column":89},"end":{"line":91,"column":3}},"line":71},"7":{"name":"(anonymous_7)","decl":{"start":{"line":97,"column":41},"end":{"line":97,"column":42}},"loc":{"start":{"line":100,"column":26},"end":{"line":114,"column":3}},"line":100}},"branchMap":{"0":{"loc":{"start":{"line":42,"column":11},"end":{"line":42,"column":57}},"type":"binary-expr","locations":[{"start":{"line":42,"column":11},"end":{"line":42,"column":33}},{"start":{"line":42,"column":37},"end":{"line":42,"column":57}}],"line":42},"1":{"loc":{"start":{"line":74,"column":6},"end":{"line":76,"column":7}},"type":"if","locations":[{"start":{"line":74,"column":6},"end":{"line":76,"column":7}},{"start":{},"end":{}}],"line":74},"2":{"loc":{"start":{"line":79,"column":6},"end":{"line":81,"column":7}},"type":"if","locations":[{"start":{"line":79,"column":6},"end":{"line":81,"column":7}},{"start":{},"end":{}}],"line":79},"3":{"loc":{"start":{"line":99,"column":4},"end":{"line":99,"column":29}},"type":"default-arg","locations":[{"start":{"line":99,"column":27},"end":{"line":99,"column":29}}],"line":99},"4":{"loc":{"start":{"line":103,"column":4},"end":{"line":105,"column":5}},"type":"if","locations":[{"start":{"line":103,"column":4},"end":{"line":105,"column":5}},{"start":{},"end":{}}],"line":103}},"s":{"0":0,"1":0,"2":0,"3":0,"4":0,"5":0,"6":0,"7":0,"8":0,"9":0,"10":0,"11":0,"12":0,"13":0,"14":0,"15":0,"16":0,"17":0,"18":0,"19":0,"20":0,"21":0,"22":0,"23":0,"24":0,"25":0,"26":0,"27":0,"28":0,"29":0,"30":0},"f":{"0":0,"1":0,"2":0,"3":0,"4":0,"5":0,"6":0,"7":0},"b":{"0":[0,0],"1":[0,0],"2":[0,0],"3":[0],"4":[0,0]}}
,"/Users/cash/github/GetMaximumFitIosApp/hooks/useThemeColor.ts": {"path":"/Users/cash/github/GetMaximumFitIosApp/hooks/useThemeColor.ts","statementMap":{"0":{"start":{"line":13,"column":16},"end":{"line":13,"column":43}},"1":{"start":{"line":14,"column":25},"end":{"line":14,"column":37}},"2":{"start":{"line":16,"column":2},"end":{"line":20,"column":3}},"3":{"start":{"line":17,"column":4},"end":{"line":17,"column":26}},"4":{"start":{"line":19,"column":4},"end":{"line":19,"column":36}}},"fnMap":{"0":{"name":"useThemeColor","decl":{"start":{"line":9,"column":16},"end":{"line":9,"column":29}},"loc":{"start":{"line":12,"column":2},"end":{"line":21,"column":1}},"line":12}},"branchMap":{"0":{"loc":{"start":{"line":13,"column":16},"end":{"line":13,"column":43}},"type":"binary-expr","locations":[{"start":{"line":13,"column":16},"end":{"line":13,"column":32}},{"start":{"line":13,"column":36},"end":{"line":13,"column":43}}],"line":13},"1":{"loc":{"start":{"line":16,"column":2},"end":{"line":20,"column":3}},"type":"if","locations":[{"start":{"line":16,"column":2},"end":{"line":20,"column":3}},{"start":{"line":18,"column":9},"end":{"line":20,"column":3}}],"line":16}},"s":{"0":0,"1":0,"2":0,"3":0,"4":0},"f":{"0":0},"b":{"0":[0,0],"1":[0,0]},"_coverageSchema":"1a1c01bbd47fc00a2c39e90264f33305004495a9","hash":"cd105528ca179d9908c5d72da7861f47b86ba2eb"}
,"/Users/cash/github/GetMaximumFitIosApp/services/FirestoreExerciseService.ts": {"path":"/Users/cash/github/GetMaximumFitIosApp/services/FirestoreExerciseService.ts","statementMap":{"0":{"start":{"line":54,"column":32},"end":{"line":54,"column":43}},"1":{"start":{"line":55,"column":24},"end":{"line":55,"column":51}},"2":{"start":{"line":61,"column":6},"end":{"line":61,"column":8}},"3":{"start":{"line":67,"column":4},"end":{"line":69,"column":5}},"4":{"start":{"line":68,"column":6},"end":{"line":68,"column":33}},"5":{"start":{"line":71,"column":4},"end":{"line":86,"column":5}},"6":{"start":{"line":72,"column":26},"end":{"line":72,"column":65}},"7":{"start":{"line":73,"column":27},"end":{"line":73,"column":52}},"8":{"start":{"line":75,"column":6},"end":{"line":78,"column":7}},"9":{"start":{"line":76,"column":8},"end":{"line":76,"column":52}},"10":{"start":{"line":77,"column":8},"end":{"line":77,"column":20}},"11":{"start":{"line":80,"column":23},"end":{"line":80,"column":62}},"12":{"start":{"line":81,"column":6},"end":{"line":81,"column":37}},"13":{"start":{"line":82,"column":6},"end":{"line":82,"column":22}},"14":{"start":{"line":84,"column":6},"end":{"line":84,"column":64}},"15":{"start":{"line":85,"column":6},"end":{"line":85,"column":18}},"16":{"start":{"line":93,"column":4},"end":{"line":95,"column":5}},"17":{"start":{"line":94,"column":6},"end":{"line":94,"column":35}},"18":{"start":{"line":97,"column":21},"end":{"line":97,"column":45}},"19":{"start":{"line":98,"column":4},"end":{"line":101,"column":5}},"20":{"start":{"line":99,"column":6},"end":{"line":99,"column":50}},"21":{"start":{"line":100,"column":6},"end":{"line":100,"column":33}},"22":{"start":{"line":104,"column":4},"end":{"line":113,"column":5}},"23":{"start":{"line":105,"column":27},"end":{"line":105,"column":67}},"24":{"start":{"line":106,"column":23},"end":{"line":106,"column":50}},"25":{"start":{"line":107,"column":25},"end":{"line":107,"column":91}},"26":{"start":{"line":107,"column":62},"end":{"line":107,"column":81}},"27":{"start":{"line":108,"column":6},"end":{"line":108,"column":41}},"28":{"start":{"line":109,"column":6},"end":{"line":109,"column":24}},"29":{"start":{"line":111,"column":6},"end":{"line":111,"column":57}},"30":{"start":{"line":112,"column":6},"end":{"line":112,"column":16}},"31":{"start":{"line":120,"column":4},"end":{"line":122,"column":5}},"32":{"start":{"line":121,"column":6},"end":{"line":121,"column":34}},"33":{"start":{"line":124,"column":21},"end":{"line":124,"column":45}},"34":{"start":{"line":125,"column":4},"end":{"line":128,"column":5}},"35":{"start":{"line":126,"column":6},"end":{"line":126,"column":48}},"36":{"start":{"line":127,"column":6},"end":{"line":127,"column":32}},"37":{"start":{"line":131,"column":4},"end":{"line":142,"column":5}},"38":{"start":{"line":132,"column":27},"end":{"line":132,"column":67}},"39":{"start":{"line":133,"column":23},"end":{"line":133,"column":50}},"40":{"start":{"line":134,"column":24},"end":{"line":136,"column":15}},"41":{"start":{"line":135,"column":37},"end":{"line":135,"column":63}},"42":{"start":{"line":137,"column":6},"end":{"line":137,"column":39}},"43":{"start":{"line":138,"column":6},"end":{"line":138,"column":23}},"44":{"start":{"line":140,"column":6},"end":{"line":140,"column":56}},"45":{"start":{"line":141,"column":6},"end":{"line":141,"column":16}},"46":{"start":{"line":149,"column":4},"end":{"line":151,"column":5}},"47":{"start":{"line":150,"column":6},"end":{"line":150,"column":32}},"48":{"start":{"line":153,"column":21},"end":{"line":153,"column":45}},"49":{"start":{"line":154,"column":4},"end":{"line":157,"column":5}},"50":{"start":{"line":155,"column":6},"end":{"line":155,"column":44}},"51":{"start":{"line":156,"column":6},"end":{"line":156,"column":30}},"52":{"start":{"line":160,"column":4},"end":{"line":174,"column":5}},"53":{"start":{"line":161,"column":27},"end":{"line":161,"column":67}},"54":{"start":{"line":162,"column":23},"end":{"line":162,"column":50}},"55":{"start":{"line":163,"column":22},"end":{"line":168,"column":15}},"56":{"start":{"line":164,"column":37},"end":{"line":167,"column":9}},"57":{"start":{"line":169,"column":6},"end":{"line":169,"column":35}},"58":{"start":{"line":170,"column":6},"end":{"line":170,"column":21}},"59":{"start":{"line":172,"column":6},"end":{"line":172,"column":60}},"60":{"start":{"line":173,"column":6},"end":{"line":173,"column":16}},"61":{"start":{"line":182,"column":4},"end":{"line":182,"column":93}},"62":{"start":{"line":184,"column":4},"end":{"line":447,"column":5}},"63":{"start":{"line":185,"column":27},"end":{"line":185,"column":67}},"64":{"start":{"line":188,"column":26},"end":{"line":188,"column":28}},"65":{"start":{"line":191,"column":27},"end":{"line":191,"column":29}},"66":{"start":{"line":192,"column":6},"end":{"line":192,"column":92}},"67":{"start":{"line":192,"column":61},"end":{"line":192,"column":92}},"68":{"start":{"line":193,"column":6},"end":{"line":193,"column":68}},"69":{"start":{"line":193,"column":33},"end":{"line":193,"column":68}},"70":{"start":{"line":194,"column":6},"end":{"line":194,"column":72}},"71":{"start":{"line":194,"column":35},"end":{"line":194,"column":72}},"72":{"start":{"line":195,"column":6},"end":{"line":195,"column":62}},"73":{"start":{"line":195,"column":30},"end":{"line":195,"column":62}},"74":{"start":{"line":197,"column":6},"end":{"line":197,"column":62}},"75":{"start":{"line":200,"column":6},"end":{"line":439,"column":7}},"76":{"start":{"line":201,"column":8},"end":{"line":201,"column":64}},"77":{"start":{"line":204,"column":8},"end":{"line":206,"column":9}},"78":{"start":{"line":205,"column":10},"end":{"line":205,"column":70}},"79":{"start":{"line":209,"column":8},"end":{"line":231,"column":9}},"80":{"start":{"line":210,"column":10},"end":{"line":214,"column":11}},"81":{"start":{"line":211,"column":12},"end":{"line":211,"column":89}},"82":{"start":{"line":213,"column":12},"end":{"line":213,"column":103}},"83":{"start":{"line":217,"column":13},"end":{"line":231,"column":9}},"84":{"start":{"line":218,"column":10},"end":{"line":218,"column":94}},"85":{"start":{"line":221,"column":13},"end":{"line":231,"column":9}},"86":{"start":{"line":222,"column":10},"end":{"line":222,"column":98}},"87":{"start":{"line":225,"column":13},"end":{"line":231,"column":9}},"88":{"start":{"line":226,"column":29},"end":{"line":226,"column":61}},"89":{"start":{"line":227,"column":10},"end":{"line":227,"column":119}},"90":{"start":{"line":234,"column":8},"end":{"line":236,"column":9}},"91":{"start":{"line":235,"column":10},"end":{"line":235,"column":74}},"92":{"start":{"line":239,"column":23},"end":{"line":239,"column":47}},"93":{"start":{"line":240,"column":30},"end":{"line":240,"column":60}},"94":{"start":{"line":241,"column":8},"end":{"line":241,"column":57}},"95":{"start":{"line":244,"column":23},"end":{"line":244,"column":45}},"96":{"start":{"line":247,"column":8},"end":{"line":250,"column":9}},"97":{"start":{"line":248,"column":10},"end":{"line":248,"column":45}},"98":{"start":{"line":249,"column":10},"end":{"line":249,"column":73}},"99":{"start":{"line":252,"column":8},"end":{"line":252,"column":42}},"100":{"start":{"line":254,"column":8},"end":{"line":256,"column":9}},"101":{"start":{"line":255,"column":10},"end":{"line":255,"column":56}},"102":{"start":{"line":258,"column":8},"end":{"line":258,"column":65}},"103":{"start":{"line":261,"column":27},"end":{"line":261,"column":62}},"104":{"start":{"line":262,"column":25},"end":{"line":262,"column":50}},"105":{"start":{"line":264,"column":8},"end":{"line":264,"column":86}},"106":{"start":{"line":266,"column":36},"end":{"line":291,"column":10}},"107":{"start":{"line":267,"column":23},"end":{"line":267,"column":54}},"108":{"start":{"line":270,"column":10},"end":{"line":275,"column":11}},"109":{"start":{"line":271,"column":12},"end":{"line":271,"column":95}},"110":{"start":{"line":272,"column":12},"end":{"line":272,"column":61}},"111":{"start":{"line":273,"column":12},"end":{"line":273,"column":67}},"112":{"start":{"line":274,"column":12},"end":{"line":274,"column":73}},"113":{"start":{"line":277,"column":10},"end":{"line":290,"column":12}},"114":{"start":{"line":294,"column":8},"end":{"line":313,"column":9}},"115":{"start":{"line":295,"column":10},"end":{"line":295,"column":96}},"116":{"start":{"line":296,"column":29},"end":{"line":296,"column":61}},"117":{"start":{"line":297,"column":32},"end":{"line":297,"column":48}},"118":{"start":{"line":299,"column":10},"end":{"line":310,"column":13}},"119":{"start":{"line":300,"column":30},"end":{"line":300,"column":78}},"120":{"start":{"line":301,"column":34},"end":{"line":301,"column":86}},"121":{"start":{"line":302,"column":32},"end":{"line":303,"column":72}},"122":{"start":{"line":303,"column":30},"end":{"line":303,"column":71}},"123":{"start":{"line":304,"column":35},"end":{"line":304,"column":103}},"124":{"start":{"line":304,"column":65},"end":{"line":304,"column":102}},"125":{"start":{"line":305,"column":38},"end":{"line":306,"column":70}},"126":{"start":{"line":306,"column":14},"end":{"line":306,"column":60}},"127":{"start":{"line":307,"column":37},"end":{"line":307,"column":102}},"128":{"start":{"line":309,"column":12},"end":{"line":309,"column":120}},"129":{"start":{"line":312,"column":10},"end":{"line":312,"column":110}},"130":{"start":{"line":315,"column":8},"end":{"line":315,"column":65}},"131":{"start":{"line":316,"column":8},"end":{"line":318,"column":9}},"132":{"start":{"line":317,"column":10},"end":{"line":317,"column":63}},"133":{"start":{"line":320,"column":8},"end":{"line":324,"column":10}},"134":{"start":{"line":330,"column":39},"end":{"line":330,"column":41}},"135":{"start":{"line":331,"column":41},"end":{"line":331,"column":50}},"136":{"start":{"line":333,"column":8},"end":{"line":335,"column":9}},"137":{"start":{"line":334,"column":10},"end":{"line":334,"column":74}},"138":{"start":{"line":338,"column":8},"end":{"line":352,"column":9}},"139":{"start":{"line":339,"column":10},"end":{"line":343,"column":11}},"140":{"start":{"line":340,"column":12},"end":{"line":340,"column":93}},"141":{"start":{"line":342,"column":12},"end":{"line":342,"column":107}},"142":{"start":{"line":344,"column":10},"end":{"line":344,"column":39}},"143":{"start":{"line":345,"column":15},"end":{"line":352,"column":9}},"144":{"start":{"line":346,"column":10},"end":{"line":346,"column":98}},"145":{"start":{"line":347,"column":10},"end":{"line":347,"column":43}},"146":{"start":{"line":348,"column":15},"end":{"line":352,"column":9}},"147":{"start":{"line":349,"column":32},"end":{"line":349,"column":64}},"148":{"start":{"line":350,"column":10},"end":{"line":350,"column":89}},"149":{"start":{"line":351,"column":10},"end":{"line":351,"column":40}},"150":{"start":{"line":355,"column":23},"end":{"line":355,"column":47}},"151":{"start":{"line":356,"column":30},"end":{"line":356,"column":60}},"152":{"start":{"line":357,"column":8},"end":{"line":357,"column":61}},"153":{"start":{"line":360,"column":25},"end":{"line":360,"column":61}},"154":{"start":{"line":361,"column":8},"end":{"line":361,"column":46}},"155":{"start":{"line":363,"column":8},"end":{"line":365,"column":9}},"156":{"start":{"line":364,"column":10},"end":{"line":364,"column":60}},"157":{"start":{"line":368,"column":27},"end":{"line":368,"column":66}},"158":{"start":{"line":369,"column":25},"end":{"line":369,"column":50}},"159":{"start":{"line":371,"column":36},"end":{"line":387,"column":10}},"160":{"start":{"line":372,"column":23},"end":{"line":372,"column":54}},"161":{"start":{"line":373,"column":10},"end":{"line":386,"column":12}},"162":{"start":{"line":390,"column":8},"end":{"line":432,"column":11}},"163":{"start":{"line":394,"column":10},"end":{"line":397,"column":11}},"164":{"start":{"line":395,"column":33},"end":{"line":395,"column":94}},"165":{"start":{"line":395,"column":62},"end":{"line":395,"column":93}},"166":{"start":{"line":396,"column":12},"end":{"line":396,"column":44}},"167":{"start":{"line":396,"column":31},"end":{"line":396,"column":44}},"168":{"start":{"line":400,"column":10},"end":{"line":402,"column":11}},"169":{"start":{"line":401,"column":12},"end":{"line":401,"column":88}},"170":{"start":{"line":401,"column":75},"end":{"line":401,"column":88}},"171":{"start":{"line":405,"column":10},"end":{"line":407,"column":11}},"172":{"start":{"line":406,"column":12},"end":{"line":406,"column":92}},"173":{"start":{"line":406,"column":79},"end":{"line":406,"column":92}},"174":{"start":{"line":410,"column":10},"end":{"line":424,"column":11}},"175":{"start":{"line":411,"column":31},"end":{"line":411,"column":63}},"176":{"start":{"line":412,"column":30},"end":{"line":412,"column":78}},"177":{"start":{"line":413,"column":34},"end":{"line":413,"column":86}},"178":{"start":{"line":414,"column":32},"end":{"line":415,"column":72}},"179":{"start":{"line":415,"column":30},"end":{"line":415,"column":71}},"180":{"start":{"line":416,"column":35},"end":{"line":416,"column":103}},"181":{"start":{"line":416,"column":65},"end":{"line":416,"column":102}},"182":{"start":{"line":417,"column":38},"end":{"line":418,"column":70}},"183":{"start":{"line":418,"column":14},"end":{"line":418,"column":60}},"184":{"start":{"line":419,"column":37},"end":{"line":419,"column":102}},"185":{"start":{"line":421,"column":12},"end":{"line":423,"column":13}},"186":{"start":{"line":422,"column":14},"end":{"line":422,"column":27}},"187":{"start":{"line":427,"column":10},"end":{"line":429,"column":11}},"188":{"start":{"line":428,"column":12},"end":{"line":428,"column":73}},"189":{"start":{"line":428,"column":60},"end":{"line":428,"column":73}},"190":{"start":{"line":431,"column":10},"end":{"line":431,"column":22}},"191":{"start":{"line":434,"column":8},"end":{"line":438,"column":10}},"192":{"start":{"line":441,"column":6},"end":{"line":441,"column":57}},"193":{"start":{"line":442,"column":6},"end":{"line":446,"column":8}},"194":{"start":{"line":454,"column":4},"end":{"line":480,"column":5}},"195":{"start":{"line":455,"column":26},"end":{"line":455,"column":63}},"196":{"start":{"line":456,"column":27},"end":{"line":456,"column":52}},"197":{"start":{"line":458,"column":6},"end":{"line":460,"column":7}},"198":{"start":{"line":459,"column":8},"end":{"line":459,"column":20}},"199":{"start":{"line":462,"column":19},"end":{"line":462,"column":59}},"200":{"start":{"line":463,"column":6},"end":{"line":476,"column":8}},"201":{"start":{"line":478,"column":6},"end":{"line":478,"column":61}},"202":{"start":{"line":479,"column":6},"end":{"line":479,"column":18}},"203":{"start":{"line":487,"column":4},"end":{"line":487,"column":56}},"204":{"start":{"line":494,"column":4},"end":{"line":494,"column":69}},"205":{"start":{"line":501,"column":4},"end":{"line":501,"column":57}},"206":{"start":{"line":508,"column":4},"end":{"line":541,"column":5}},"207":{"start":{"line":510,"column":32},"end":{"line":510,"column":69}},"208":{"start":{"line":511,"column":27},"end":{"line":511,"column":67}},"209":{"start":{"line":513,"column":16},"end":{"line":518,"column":7}},"210":{"start":{"line":520,"column":23},"end":{"line":520,"column":39}},"211":{"start":{"line":521,"column":6},"end":{"line":537,"column":9}},"212":{"start":{"line":522,"column":21},"end":{"line":522,"column":52}},"213":{"start":{"line":523,"column":8},"end":{"line":536,"column":10}},"214":{"start":{"line":539,"column":6},"end":{"line":539,"column":64}},"215":{"start":{"line":540,"column":6},"end":{"line":540,"column":16}},"216":{"start":{"line":548,"column":4},"end":{"line":584,"column":5}},"217":{"start":{"line":549,"column":23},"end":{"line":549,"column":61}},"218":{"start":{"line":550,"column":6},"end":{"line":550,"column":31}},"219":{"start":{"line":550,"column":21},"end":{"line":550,"column":31}},"220":{"start":{"line":552,"column":27},"end":{"line":552,"column":67}},"221":{"start":{"line":555,"column":16},"end":{"line":561,"column":7}},"222":{"start":{"line":563,"column":23},"end":{"line":563,"column":39}},"223":{"start":{"line":564,"column":6},"end":{"line":580,"column":9}},"224":{"start":{"line":565,"column":21},"end":{"line":565,"column":52}},"225":{"start":{"line":566,"column":8},"end":{"line":579,"column":10}},"226":{"start":{"line":582,"column":6},"end":{"line":582,"column":64}},"227":{"start":{"line":583,"column":6},"end":{"line":583,"column":16}},"228":{"start":{"line":591,"column":4},"end":{"line":625,"column":5}},"229":{"start":{"line":592,"column":6},"end":{"line":592,"column":64}},"230":{"start":{"line":593,"column":27},"end":{"line":593,"column":67}},"231":{"start":{"line":594,"column":16},"end":{"line":594,"column":52}},"232":{"start":{"line":595,"column":23},"end":{"line":595,"column":39}},"233":{"start":{"line":597,"column":6},"end":{"line":597,"column":82}},"234":{"start":{"line":599,"column":36},"end":{"line":615,"column":8}},"235":{"start":{"line":600,"column":21},"end":{"line":600,"column":52}},"236":{"start":{"line":601,"column":8},"end":{"line":614,"column":10}},"237":{"start":{"line":617,"column":6},"end":{"line":619,"column":7}},"238":{"start":{"line":618,"column":8},"end":{"line":618,"column":56}},"239":{"start":{"line":621,"column":6},"end":{"line":621,"column":23}},"240":{"start":{"line":623,"column":6},"end":{"line":623,"column":61}},"241":{"start":{"line":624,"column":6},"end":{"line":624,"column":16}},"242":{"start":{"line":632,"column":4},"end":{"line":653,"column":5}},"243":{"start":{"line":633,"column":6},"end":{"line":633,"column":68}},"244":{"start":{"line":634,"column":27},"end":{"line":634,"column":67}},"245":{"start":{"line":635,"column":16},"end":{"line":635,"column":46}},"246":{"start":{"line":636,"column":23},"end":{"line":636,"column":39}},"247":{"start":{"line":637,"column":27},"end":{"line":637,"column":42}},"248":{"start":{"line":638,"column":6},"end":{"line":638,"column":132}},"249":{"start":{"line":640,"column":6},"end":{"line":647,"column":7}},"250":{"start":{"line":642,"column":32},"end":{"line":645,"column":10}},"251":{"start":{"line":643,"column":23},"end":{"line":643,"column":33}},"252":{"start":{"line":644,"column":10},"end":{"line":644,"column":74}},"253":{"start":{"line":646,"column":8},"end":{"line":646,"column":61}},"254":{"start":{"line":649,"column":6},"end":{"line":649,"column":26}},"255":{"start":{"line":651,"column":6},"end":{"line":651,"column":67}},"256":{"start":{"line":652,"column":6},"end":{"line":652,"column":19}},"257":{"start":{"line":660,"column":4},"end":{"line":660,"column":54}},"258":{"start":{"line":662,"column":4},"end":{"line":695,"column":5}},"259":{"start":{"line":664,"column":27},"end":{"line":664,"column":67}},"260":{"start":{"line":665,"column":32},"end":{"line":665,"column":76}},"261":{"start":{"line":666,"column":6},"end":{"line":666,"column":89}},"262":{"start":{"line":668,"column":6},"end":{"line":676,"column":7}},"263":{"start":{"line":669,"column":25},"end":{"line":669,"column":50}},"264":{"start":{"line":670,"column":8},"end":{"line":675,"column":11}},"265":{"start":{"line":679,"column":26},"end":{"line":679,"column":65}},"266":{"start":{"line":680,"column":27},"end":{"line":680,"column":52}},"267":{"start":{"line":681,"column":6},"end":{"line":681,"column":73}},"268":{"start":{"line":683,"column":6},"end":{"line":691,"column":7}},"269":{"start":{"line":684,"column":25},"end":{"line":684,"column":44}},"270":{"start":{"line":685,"column":8},"end":{"line":690,"column":11}},"271":{"start":{"line":694,"column":6},"end":{"line":694,"column":66}},"272":{"start":{"line":702,"column":4},"end":{"line":702,"column":54}},"273":{"start":{"line":704,"column":4},"end":{"line":739,"column":5}},"274":{"start":{"line":705,"column":27},"end":{"line":705,"column":67}},"275":{"start":{"line":708,"column":24},"end":{"line":713,"column":7}},"276":{"start":{"line":714,"column":27},"end":{"line":714,"column":51}},"277":{"start":{"line":715,"column":6},"end":{"line":715,"column":64}},"278":{"start":{"line":718,"column":27},"end":{"line":722,"column":7}},"279":{"start":{"line":723,"column":30},"end":{"line":723,"column":57}},"280":{"start":{"line":724,"column":6},"end":{"line":724,"column":70}},"281":{"start":{"line":727,"column":23},"end":{"line":727,"column":53}},"282":{"start":{"line":728,"column":26},"end":{"line":728,"column":49}},"283":{"start":{"line":729,"column":36},"end":{"line":734,"column":8}},"284":{"start":{"line":730,"column":21},"end":{"line":730,"column":31}},"285":{"start":{"line":731,"column":8},"end":{"line":733,"column":119}},"286":{"start":{"line":733,"column":62},"end":{"line":733,"column":117}},"287":{"start":{"line":735,"column":6},"end":{"line":735,"column":84}},"288":{"start":{"line":738,"column":6},"end":{"line":738,"column":52}},"289":{"start":{"line":746,"column":4},"end":{"line":746,"column":33}},"290":{"start":{"line":746,"column":16},"end":{"line":746,"column":33}},"291":{"start":{"line":748,"column":23},"end":{"line":748,"column":42}},"292":{"start":{"line":749,"column":4},"end":{"line":765,"column":5}},"293":{"start":{"line":753,"column":8},"end":{"line":753,"column":26}},"294":{"start":{"line":757,"column":8},"end":{"line":757,"column":30}},"295":{"start":{"line":761,"column":8},"end":{"line":761,"column":26}},"296":{"start":{"line":763,"column":8},"end":{"line":763,"column":57}},"297":{"start":{"line":764,"column":8},"end":{"line":764,"column":25}},"298":{"start":{"line":770,"column":40},"end":{"line":770,"column":70}}},"fnMap":{"0":{"name":"(anonymous_0)","decl":{"start":{"line":66,"column":2},"end":{"line":66,"column":3}},"loc":{"start":{"line":66,"column":56},"end":{"line":87,"column":3}},"line":66},"1":{"name":"(anonymous_1)","decl":{"start":{"line":92,"column":2},"end":{"line":92,"column":3}},"loc":{"start":{"line":92,"column":43},"end":{"line":114,"column":3}},"line":92},"2":{"name":"(anonymous_2)","decl":{"start":{"line":107,"column":55},"end":{"line":107,"column":56}},"loc":{"start":{"line":107,"column":62},"end":{"line":107,"column":81}},"line":107},"3":{"name":"(anonymous_3)","decl":{"start":{"line":119,"column":2},"end":{"line":119,"column":3}},"loc":{"start":{"line":119,"column":42},"end":{"line":143,"column":3}},"line":119},"4":{"name":"(anonymous_4)","decl":{"start":{"line":135,"column":30},"end":{"line":135,"column":31}},"loc":{"start":{"line":135,"column":37},"end":{"line":135,"column":63}},"line":135},"5":{"name":"(anonymous_5)","decl":{"start":{"line":148,"column":2},"end":{"line":148,"column":3}},"loc":{"start":{"line":148,"column":45},"end":{"line":175,"column":3}},"line":148},"6":{"name":"(anonymous_6)","decl":{"start":{"line":164,"column":30},"end":{"line":164,"column":31}},"loc":{"start":{"line":164,"column":37},"end":{"line":167,"column":9}},"line":164},"7":{"name":"(anonymous_7)","decl":{"start":{"line":181,"column":2},"end":{"line":181,"column":3}},"loc":{"start":{"line":181,"column":98},"end":{"line":448,"column":3}},"line":181},"8":{"name":"(anonymous_8)","decl":{"start":{"line":266,"column":54},"end":{"line":266,"column":55}},"loc":{"start":{"line":266,"column":61},"end":{"line":291,"column":9}},"line":266},"9":{"name":"(anonymous_9)","decl":{"start":{"line":299,"column":39},"end":{"line":299,"column":40}},"loc":{"start":{"line":299,"column":51},"end":{"line":310,"column":11}},"line":299},"10":{"name":"(anonymous_10)","decl":{"start":{"line":303,"column":20},"end":{"line":303,"column":21}},"loc":{"start":{"line":303,"column":30},"end":{"line":303,"column":71}},"line":303},"11":{"name":"(anonymous_11)","decl":{"start":{"line":304,"column":59},"end":{"line":304,"column":60}},"loc":{"start":{"line":304,"column":65},"end":{"line":304,"column":102}},"line":304},"12":{"name":"(anonymous_12)","decl":{"start":{"line":305,"column":66},"end":{"line":305,"column":67}},"loc":{"start":{"line":306,"column":14},"end":{"line":306,"column":60}},"line":306},"13":{"name":"(anonymous_13)","decl":{"start":{"line":371,"column":54},"end":{"line":371,"column":55}},"loc":{"start":{"line":371,"column":61},"end":{"line":387,"column":9}},"line":371},"14":{"name":"(anonymous_14)","decl":{"start":{"line":390,"column":37},"end":{"line":390,"column":38}},"loc":{"start":{"line":390,"column":49},"end":{"line":432,"column":9}},"line":390},"15":{"name":"(anonymous_15)","decl":{"start":{"line":395,"column":56},"end":{"line":395,"column":57}},"loc":{"start":{"line":395,"column":62},"end":{"line":395,"column":93}},"line":395},"16":{"name":"(anonymous_16)","decl":{"start":{"line":415,"column":20},"end":{"line":415,"column":21}},"loc":{"start":{"line":415,"column":30},"end":{"line":415,"column":71}},"line":415},"17":{"name":"(anonymous_17)","decl":{"start":{"line":416,"column":59},"end":{"line":416,"column":60}},"loc":{"start":{"line":416,"column":65},"end":{"line":416,"column":102}},"line":416},"18":{"name":"(anonymous_18)","decl":{"start":{"line":417,"column":66},"end":{"line":417,"column":67}},"loc":{"start":{"line":418,"column":14},"end":{"line":418,"column":60}},"line":418},"19":{"name":"(anonymous_19)","decl":{"start":{"line":453,"column":2},"end":{"line":453,"column":3}},"loc":{"start":{"line":453,"column":62},"end":{"line":481,"column":3}},"line":453},"20":{"name":"(anonymous_20)","decl":{"start":{"line":486,"column":2},"end":{"line":486,"column":3}},"loc":{"start":{"line":486,"column":100},"end":{"line":488,"column":3}},"line":486},"21":{"name":"(anonymous_21)","decl":{"start":{"line":493,"column":2},"end":{"line":493,"column":3}},"loc":{"start":{"line":493,"column":96},"end":{"line":495,"column":3}},"line":493},"22":{"name":"(anonymous_22)","decl":{"start":{"line":500,"column":2},"end":{"line":500,"column":3}},"loc":{"start":{"line":500,"column":104},"end":{"line":502,"column":3}},"line":500},"23":{"name":"(anonymous_23)","decl":{"start":{"line":507,"column":2},"end":{"line":507,"column":3}},"loc":{"start":{"line":507,"column":64},"end":{"line":542,"column":3}},"line":507},"24":{"name":"(anonymous_24)","decl":{"start":{"line":521,"column":31},"end":{"line":521,"column":32}},"loc":{"start":{"line":521,"column":38},"end":{"line":537,"column":7}},"line":521},"25":{"name":"(anonymous_25)","decl":{"start":{"line":547,"column":2},"end":{"line":547,"column":3}},"loc":{"start":{"line":547,"column":85},"end":{"line":585,"column":3}},"line":547},"26":{"name":"(anonymous_26)","decl":{"start":{"line":564,"column":31},"end":{"line":564,"column":32}},"loc":{"start":{"line":564,"column":38},"end":{"line":580,"column":7}},"line":564},"27":{"name":"(anonymous_27)","decl":{"start":{"line":590,"column":2},"end":{"line":590,"column":3}},"loc":{"start":{"line":590,"column":66},"end":{"line":626,"column":3}},"line":590},"28":{"name":"(anonymous_28)","decl":{"start":{"line":599,"column":54},"end":{"line":599,"column":55}},"loc":{"start":{"line":599,"column":61},"end":{"line":615,"column":7}},"line":599},"29":{"name":"(anonymous_29)","decl":{"start":{"line":631,"column":2},"end":{"line":631,"column":3}},"loc":{"start":{"line":631,"column":41},"end":{"line":654,"column":3}},"line":631},"30":{"name":"(anonymous_30)","decl":{"start":{"line":642,"column":50},"end":{"line":642,"column":51}},"loc":{"start":{"line":642,"column":57},"end":{"line":645,"column":9}},"line":642},"31":{"name":"(anonymous_31)","decl":{"start":{"line":659,"column":2},"end":{"line":659,"column":3}},"loc":{"start":{"line":659,"column":50},"end":{"line":696,"column":3}},"line":659},"32":{"name":"(anonymous_32)","decl":{"start":{"line":701,"column":2},"end":{"line":701,"column":3}},"loc":{"start":{"line":701,"column":55},"end":{"line":740,"column":3}},"line":701},"33":{"name":"(anonymous_33)","decl":{"start":{"line":729,"column":60},"end":{"line":729,"column":61}},"loc":{"start":{"line":729,"column":67},"end":{"line":734,"column":7}},"line":729},"34":{"name":"(anonymous_34)","decl":{"start":{"line":733,"column":42},"end":{"line":733,"column":43}},"loc":{"start":{"line":733,"column":62},"end":{"line":733,"column":117}},"line":733},"35":{"name":"(anonymous_35)","decl":{"start":{"line":745,"column":2},"end":{"line":745,"column":3}},"loc":{"start":{"line":745,"column":99},"end":{"line":766,"column":3}},"line":745}},"branchMap":{"0":{"loc":{"start":{"line":67,"column":4},"end":{"line":69,"column":5}},"type":"if","locations":[{"start":{"line":67,"column":4},"end":{"line":69,"column":5}},{"start":{},"end":{}}],"line":67},"1":{"loc":{"start":{"line":75,"column":6},"end":{"line":78,"column":7}},"type":"if","locations":[{"start":{"line":75,"column":6},"end":{"line":78,"column":7}},{"start":{},"end":{}}],"line":75},"2":{"loc":{"start":{"line":93,"column":4},"end":{"line":95,"column":5}},"type":"if","locations":[{"start":{"line":93,"column":4},"end":{"line":95,"column":5}},{"start":{},"end":{}}],"line":93},"3":{"loc":{"start":{"line":98,"column":4},"end":{"line":101,"column":5}},"type":"if","locations":[{"start":{"line":98,"column":4},"end":{"line":101,"column":5}},{"start":{},"end":{}}],"line":98},"4":{"loc":{"start":{"line":120,"column":4},"end":{"line":122,"column":5}},"type":"if","locations":[{"start":{"line":120,"column":4},"end":{"line":122,"column":5}},{"start":{},"end":{}}],"line":120},"5":{"loc":{"start":{"line":125,"column":4},"end":{"line":128,"column":5}},"type":"if","locations":[{"start":{"line":125,"column":4},"end":{"line":128,"column":5}},{"start":{},"end":{}}],"line":125},"6":{"loc":{"start":{"line":135,"column":37},"end":{"line":135,"column":63}},"type":"binary-expr","locations":[{"start":{"line":135,"column":37},"end":{"line":135,"column":57}},{"start":{"line":135,"column":61},"end":{"line":135,"column":63}}],"line":135},"7":{"loc":{"start":{"line":149,"column":4},"end":{"line":151,"column":5}},"type":"if","locations":[{"start":{"line":149,"column":4},"end":{"line":151,"column":5}},{"start":{},"end":{}}],"line":149},"8":{"loc":{"start":{"line":154,"column":4},"end":{"line":157,"column":5}},"type":"if","locations":[{"start":{"line":154,"column":4},"end":{"line":157,"column":5}},{"start":{},"end":{}}],"line":154},"9":{"loc":{"start":{"line":165,"column":14},"end":{"line":165,"column":46}},"type":"binary-expr","locations":[{"start":{"line":165,"column":14},"end":{"line":165,"column":40}},{"start":{"line":165,"column":44},"end":{"line":165,"column":46}}],"line":165},"10":{"loc":{"start":{"line":166,"column":14},"end":{"line":166,"column":48}},"type":"binary-expr","locations":[{"start":{"line":166,"column":14},"end":{"line":166,"column":42}},{"start":{"line":166,"column":46},"end":{"line":166,"column":48}}],"line":166},"11":{"loc":{"start":{"line":181,"column":24},"end":{"line":181,"column":60}},"type":"default-arg","locations":[{"start":{"line":181,"column":58},"end":{"line":181,"column":60}}],"line":181},"12":{"loc":{"start":{"line":192,"column":6},"end":{"line":192,"column":92}},"type":"if","locations":[{"start":{"line":192,"column":6},"end":{"line":192,"column":92}},{"start":{},"end":{}}],"line":192},"13":{"loc":{"start":{"line":192,"column":10},"end":{"line":192,"column":59}},"type":"binary-expr","locations":[{"start":{"line":192,"column":10},"end":{"line":192,"column":27}},{"start":{"line":192,"column":31},"end":{"line":192,"column":59}}],"line":192},"14":{"loc":{"start":{"line":193,"column":6},"end":{"line":193,"column":68}},"type":"if","locations":[{"start":{"line":193,"column":6},"end":{"line":193,"column":68}},{"start":{},"end":{}}],"line":193},"15":{"loc":{"start":{"line":194,"column":6},"end":{"line":194,"column":72}},"type":"if","locations":[{"start":{"line":194,"column":6},"end":{"line":194,"column":72}},{"start":{},"end":{}}],"line":194},"16":{"loc":{"start":{"line":195,"column":6},"end":{"line":195,"column":62}},"type":"if","locations":[{"start":{"line":195,"column":6},"end":{"line":195,"column":62}},{"start":{},"end":{}}],"line":195},"17":{"loc":{"start":{"line":200,"column":6},"end":{"line":439,"column":7}},"type":"if","locations":[{"start":{"line":200,"column":6},"end":{"line":439,"column":7}},{"start":{"line":328,"column":11},"end":{"line":439,"column":7}}],"line":200},"18":{"loc":{"start":{"line":204,"column":8},"end":{"line":206,"column":9}},"type":"if","locations":[{"start":{"line":204,"column":8},"end":{"line":206,"column":9}},{"start":{},"end":{}}],"line":204},"19":{"loc":{"start":{"line":209,"column":8},"end":{"line":231,"column":9}},"type":"if","locations":[{"start":{"line":209,"column":8},"end":{"line":231,"column":9}},{"start":{"line":217,"column":13},"end":{"line":231,"column":9}}],"line":209},"20":{"loc":{"start":{"line":209,"column":12},"end":{"line":209,"column":61}},"type":"binary-expr","locations":[{"start":{"line":209,"column":12},"end":{"line":209,"column":29}},{"start":{"line":209,"column":33},"end":{"line":209,"column":61}}],"line":209},"21":{"loc":{"start":{"line":210,"column":10},"end":{"line":214,"column":11}},"type":"if","locations":[{"start":{"line":210,"column":10},"end":{"line":214,"column":11}},{"start":{"line":212,"column":17},"end":{"line":214,"column":11}}],"line":210},"22":{"loc":{"start":{"line":217,"column":13},"end":{"line":231,"column":9}},"type":"if","locations":[{"start":{"line":217,"column":13},"end":{"line":231,"column":9}},{"start":{"line":221,"column":13},"end":{"line":231,"column":9}}],"line":217},"23":{"loc":{"start":{"line":221,"column":13},"end":{"line":231,"column":9}},"type":"if","locations":[{"start":{"line":221,"column":13},"end":{"line":231,"column":9}},{"start":{"line":225,"column":13},"end":{"line":231,"column":9}}],"line":221},"24":{"loc":{"start":{"line":225,"column":13},"end":{"line":231,"column":9}},"type":"if","locations":[{"start":{"line":225,"column":13},"end":{"line":231,"column":9}},{"start":{},"end":{}}],"line":225},"25":{"loc":{"start":{"line":234,"column":8},"end":{"line":236,"column":9}},"type":"if","locations":[{"start":{"line":234,"column":8},"end":{"line":236,"column":9}},{"start":{},"end":{}}],"line":234},"26":{"loc":{"start":{"line":239,"column":23},"end":{"line":239,"column":47}},"ty
[...]
8":{"start":{"line":236,"column":4},"end":{"line":236,"column":16}},"99":{"start":{"line":244,"column":38},"end":{"line":277,"column":1}},"100":{"start":{"line":245,"column":2},"end":{"line":245,"column":56}},"101":{"start":{"line":246,"column":2},"end":{"line":246,"column":43}},"102":{"start":{"line":248,"column":2},"end":{"line":251,"column":3}},"103":{"start":{"line":249,"column":4},"end":{"line":249,"column":65}},"104":{"start":{"line":250,"column":4},"end":{"line":250,"column":17}},"105":{"start":{"line":253,"column":2},"end":{"line":276,"column":3}},"106":{"start":{"line":254,"column":4},"end":{"line":257,"column":5}},"107":{"start":{"line":255,"column":6},"end":{"line":255,"column":59}},"108":{"start":{"line":256,"column":6},"end":{"line":256,"column":19}},"109":{"start":{"line":259,"column":4},"end":{"line":259,"column":75}},"110":{"start":{"line":260,"column":24},"end":{"line":260,"column":68}},"111":{"start":{"line":261,"column":4},"end":{"line":261,"column":71}},"112":{"start":{"line":264,"column":4},"end":{"line":270,"column":5}},"113":{"start":{"line":265,"column":6},"end":{"line":265,"column":84}},"114":{"start":{"line":266,"column":6},"end":{"line":266,"column":54}},"115":{"start":{"line":267,"column":6},"end":{"line":267,"column":57}},"116":{"start":{"line":268,"column":6},"end":{"line":268,"column":50}},"117":{"start":{"line":269,"column":6},"end":{"line":269,"column":70}},"118":{"start":{"line":272,"column":4},"end":{"line":272,"column":23}},"119":{"start":{"line":274,"column":4},"end":{"line":274,"column":71}},"120":{"start":{"line":275,"column":4},"end":{"line":275,"column":17}},"121":{"start":{"line":282,"column":32},"end":{"line":284,"column":1}},"122":{"start":{"line":283,"column":2},"end":{"line":283,"column":70}},"123":{"start":{"line":283,"column":43},"end":{"line":283,"column":62}},"124":{"start":{"line":289,"column":33},"end":{"line":291,"column":1}},"125":{"start":{"line":290,"column":2},"end":{"line":290,"column":53}}},"fnMap":{"0":{"name":"(anonymous_0)","decl":{"start":{"line":22,"column":30},"end":{"line":22,"column":31}},"loc":{"start":{"line":22,"column":36},"end":{"line":57,"column":1}},"line":22},"1":{"name":"(anonymous_1)","decl":{"start":{"line":65,"column":32},"end":{"line":65,"column":33}},"loc":{"start":{"line":65,"column":59},"end":{"line":104,"column":1}},"line":65},"2":{"name":"(anonymous_2)","decl":{"start":{"line":109,"column":33},"end":{"line":109,"column":34}},"loc":{"start":{"line":109,"column":70},"end":{"line":146,"column":1}},"line":109},"3":{"name":"(anonymous_3)","decl":{"start":{"line":151,"column":31},"end":{"line":151,"column":32}},"loc":{"start":{"line":151,"column":58},"end":{"line":196,"column":1}},"line":151},"4":{"name":"(anonymous_4)","decl":{"start":{"line":201,"column":32},"end":{"line":201,"column":33}},"loc":{"start":{"line":201,"column":69},"end":{"line":238,"column":1}},"line":201},"5":{"name":"(anonymous_5)","decl":{"start":{"line":244,"column":38},"end":{"line":244,"column":39}},"loc":{"start":{"line":244,"column":68},"end":{"line":277,"column":1}},"line":244},"6":{"name":"(anonymous_6)","decl":{"start":{"line":282,"column":32},"end":{"line":282,"column":33}},"loc":{"start":{"line":282,"column":58},"end":{"line":284,"column":1}},"line":282},"7":{"name":"(anonymous_7)","decl":{"start":{"line":283,"column":31},"end":{"line":283,"column":32}},"loc":{"start":{"line":283,"column":43},"end":{"line":283,"column":62}},"line":283},"8":{"name":"(anonymous_8)","decl":{"start":{"line":289,"column":33},"end":{"line":289,"column":34}},"loc":{"start":{"line":289,"column":78},"end":{"line":291,"column":1}},"line":289}},"branchMap":{"0":{"loc":{"start":{"line":10,"column":0},"end":{"line":16,"column":1}},"type":"if","locations":[{"start":{"line":10,"column":0},"end":{"line":16,"column":1}},{"start":{},"end":{}}],"line":10},"1":{"loc":{"start":{"line":27,"column":4},"end":{"line":29,"column":5}},"type":"if","locations":[{"start":{"line":27,"column":4},"end":{"line":29,"column":5}},{"start":{},"end":{}}],"line":27},"2":{"loc":{"start":{"line":31,"column":4},"end":{"line":33,"column":5}},"type":"if","locations":[{"start":{"line":31,"column":4},"end":{"line":33,"column":5}},{"start":{},"end":{}}],"line":31},"3":{"loc":{"start":{"line":31,"column":8},"end":{"line":31,"column":45}},"type":"binary-expr","locations":[{"start":{"line":31,"column":8},"end":{"line":31,"column":20}},{"start":{"line":31,"column":24},"end":{"line":31,"column":45}}],"line":31},"4":{"loc":{"start":{"line":43,"column":4},"end":{"line":45,"column":5}},"type":"if","locations":[{"start":{"line":43,"column":4},"end":{"line":45,"column":5}},{"start":{},"end":{}}],"line":43},"5":{"loc":{"start":{"line":43,"column":8},"end":{"line":43,"column":44}},"type":"binary-expr","locations":[{"start":{"line":43,"column":8},"end":{"line":43,"column":29}},{"start":{"line":43,"column":33},"end":{"line":43,"column":44}}],"line":43},"6":{"loc":{"start":{"line":79,"column":24},"end":{"line":79,"column":98}},"type":"binary-expr","locations":[{"start":{"line":79,"column":24},"end":{"line":79,"column":59}},{"start":{"line":79,"column":63},"end":{"line":79,"column":92}},{"start":{"line":79,"column":96},"end":{"line":79,"column":98}}],"line":79},"7":{"loc":{"start":{"line":81,"column":4},"end":{"line":83,"column":5}},"type":"if","locations":[{"start":{"line":81,"column":4},"end":{"line":83,"column":5}},{"start":{},"end":{}}],"line":81},"8":{"loc":{"start":{"line":94,"column":4},"end":{"line":102,"column":5}},"type":"if","locations":[{"start":{"line":94,"column":4},"end":{"line":102,"column":5}},{"start":{"line":96,"column":11},"end":{"line":102,"column":5}}],"line":94},"9":{"loc":{"start":{"line":96,"column":11},"end":{"line":102,"column":5}},"type":"if","locations":[{"start":{"line":96,"column":11},"end":{"line":102,"column":5}},{"start":{"line":98,"column":11},"end":{"line":102,"column":5}}],"line":96},"10":{"loc":{"start":{"line":98,"column":11},"end":{"line":102,"column":5}},"type":"if","locations":[{"start":{"line":98,"column":11},"end":{"line":102,"column":5}},{"start":{"line":100,"column":11},"end":{"line":102,"column":5}}],"line":98},"11":{"loc":{"start":{"line":101,"column":22},"end":{"line":101,"column":62}},"type":"binary-expr","locations":[{"start":{"line":101,"column":22},"end":{"line":101,"column":35}},{"start":{"line":101,"column":39},"end":{"line":101,"column":62}}],"line":101},"12":{"loc":{"start":{"line":122,"column":4},"end":{"line":124,"column":5}},"type":"if","locations":[{"start":{"line":122,"column":4},"end":{"line":124,"column":5}},{"start":{},"end":{}}],"line":122},"13":{"loc":{"start":{"line":136,"column":4},"end":{"line":144,"column":5}},"type":"if","locations":[{"start":{"line":136,"column":4},"end":{"line":144,"column":5}},{"start":{"line":138,"column":11},"end":{"line":144,"column":5}}],"line":136},"14":{"loc":{"start":{"line":138,"column":11},"end":{"line":144,"column":5}},"type":"if","locations":[{"start":{"line":138,"column":11},"end":{"line":144,"column":5}},{"start":{"line":140,"column":11},"end":{"line":144,"column":5}}],"line":138},"15":{"loc":{"start":{"line":140,"column":11},"end":{"line":144,"column":5}},"type":"if","locations":[{"start":{"line":140,"column":11},"end":{"line":144,"column":5}},{"start":{"line":142,"column":11},"end":{"line":144,"column":5}}],"line":140},"16":{"loc":{"start":{"line":143,"column":22},"end":{"line":143,"column":70}},"type":"binary-expr","locations":[{"start":{"line":143,"column":22},"end":{"line":143,"column":35}},{"start":{"line":143,"column":39},"end":{"line":143,"column":70}}],"line":143},"17":{"loc":{"start":{"line":153,"column":4},"end":{"line":155,"column":5}},"type":"if","locations":[{"start":{"line":153,"column":4},"end":{"line":155,"column":5}},{"start":{},"end":{}}],"line":153},"18":{"loc":{"start":{"line":157,"column":4},"end":{"line":159,"column":5}},"type":"if","locations":[{"start":{"line":157,"column":4},"end":{"line":159,"column":5}},{"start":{},"end":{}}],"line":157},"19":{"loc":{"start":{"line":162,"column":4},"end":{"line":164,"column":5}},"type":"if","locations":[{"start":{"line":162,"column":4},"end":{"line":164,"column":5}},{"start":{},"end":{}}],"line":162},"20":{"loc":{"start":{"line":173,"column":4},"end":{"line":175,"column":5}},"type":"if","locations":[{"start":{"line":173,"column":4},"end":{"line":175,"column":5}},{"start":{},"end":{}}],"line":173},"21":{"loc":{"start":{"line":186,"column":4},"end":{"line":189,"column":5}},"type":"if","locations":[{"start":{"line":186,"column":4},"end":{"line":189,"column":5}},{"start":{},"end":{}}],"line":186},"22":{"loc":{"start":{"line":203,"column":4},"end":{"line":205,"column":5}},"type":"if","locations":[{"start":{"line":203,"column":4},"end":{"line":205,"column":5}},{"start":{},"end":{}}],"line":203},"23":{"loc":{"start":{"line":207,"column":4},"end":{"line":209,"column":5}},"type":"if","locations":[{"start":{"line":207,"column":4},"end":{"line":209,"column":5}},{"start":{},"end":{}}],"line":207},"24":{"loc":{"start":{"line":212,"column":4},"end":{"line":214,"column":5}},"type":"if","locations":[{"start":{"line":212,"column":4},"end":{"line":214,"column":5}},{"start":{},"end":{}}],"line":212},"25":{"loc":{"start":{"line":223,"column":4},"end":{"line":225,"column":5}},"type":"if","locations":[{"start":{"line":223,"column":4},"end":{"line":225,"column":5}},{"start":{},"end":{}}],"line":223},"26":{"loc":{"start":{"line":248,"column":2},"end":{"line":251,"column":3}},"type":"if","locations":[{"start":{"line":248,"column":2},"end":{"line":251,"column":3}},{"start":{},"end":{}}],"line":248},"27":{"loc":{"start":{"line":254,"column":4},"end":{"line":257,"column":5}},"type":"if","locations":[{"start":{"line":254,"column":4},"end":{"line":257,"column":5}},{"start":{},"end":{}}],"line":254},"28":{"loc":{"start":{"line":264,"column":4},"end":{"line":270,"column":5}},"type":"if","locations":[{"start":{"line":264,"column":4},"end":{"line":270,"column":5}},{"start":{},"end":{}}],"line":264},"29":{"loc":{"start":{"line":283,"column":9},"end":{"line":283,"column":69}},"type":"binary-expr","locations":[{"start":{"line":283,"column":9},"end":{"line":283,"column":63}},{"start":{"line":283,"column":67},"end":{"line":283,"column":69}}],"line":283}},"s":{"0":6,"1":6,"2":0,"3":0,"4":0,"5":0,"6":0,"7":0,"8":0,"9":0,"10":0,"11":0,"12":0,"13":0,"14":0,"15":0,"16":0,"17":0,"18":0,"19":0,"20":0,"21":0,"22":0,"23":0,"24":0,"25":0,"26":0,"27":0,"28":0,"29":0,"30":0,"31":0,"32":0,"33":0,"34":0,"35":0,"36":0,"37":0,"38":0,"39":0,"40":0,"41":0,"42":0,"43":0,"44":0,"45":0,"46":0,"47":0,"48":0,"49":0,"50":0,"51":0,"52":0,"53":0,"54":0,"55":0,"56":0,"57":0,"58":0,"59":0,"60":0,"61":0,"62":0,"63":0,"64":0,"65":0,"66":0,"67":0,"68":0,"69":0,"70":0,"71":0,"72":0,"73":0,"74":0,"75":0,"76":0,"77":0,"78":0,"79":0,"80":0,"81":0,"82":0,"83":0,"84":0,"85":0,"86":0,"87":0,"88":0,"89":0,"90":0,"91":0,"92":0,"93":0,"94":0,"95":0,"96":0,"97":0,"98":0,"99":0,"100":0,"101":0,"102":0,"103":0,"104":0,"105":0,"106":0,"107":0,"108":0,"109":0,"110":0,"111":0,"112":0,"113":0,"114":0,"115":0,"116":0,"117":0,"118":0,"119":0,"120":0,"121":0,"122":0,"123":0,"124":0,"125":0},"f":{"0":0,"1":0,"2":0,"3":0,"4":0,"5":0,"6":0,"7":0,"8":0},"b":{"0":[0,0],"1":[0,0],"2":[0,0],"3":[0,0],"4":[0,0],"5":[0,0],"6":[0,0,0],"7":[0,0],"8":[0,0],"9":[0,0],"10":[0,0],"11":[0,0],"12":[0,0],"13":[0,0],"14":[0,0],"15":[0,0],"16":[0,0],"17":[0,0],"18":[0,0],"19":[0,0],"20":[0,0],"21":[0,0],"22":[0,0],"23":[0,0],"24":[0,0],"25":[0,0],"26":[0,0],"27":[0,0],"28":[0,0],"29":[0,0]},"_coverageSchema":"1a1c01bbd47fc00a2c39e90264f33305004495a9","hash":"55015f5435d8c205fb25b3ea20014c5fd6283e1d"}
,"/Users/cash/github/GetMaximumFitIosApp/utils/userExerciseStorage.ts": {"path":"/Users/cash/github/GetMaximumFitIosApp/utils/userExerciseStorage.ts","statementMap":{"0":{"start":{"line":7,"column":34},"end":{"line":7,"column":36}},"1":{"start":{"line":8,"column":38},"end":{"line":8,"column":40}},"2":{"start":{"line":9,"column":41},"end":{"line":9,"column":45}},"3":{"start":{"line":10,"column":58},"end":{"line":10,"column":62}},"4":{"start":{"line":16,"column":4},"end":{"line":18,"column":5}},"5":{"start":{"line":17,"column":6},"end":{"line":17,"column":13}},"6":{"start":{"line":21,"column":4},"end":{"line":23,"column":5}},"7":{"start":{"line":22,"column":6},"end":{"line":22,"column":38}},"8":{"start":{"line":25,"column":4},"end":{"line":25,"column":32}},"9":{"start":{"line":28,"column":4},"end":{"line":34,"column":6}},"10":{"start":{"line":31,"column":8},"end":{"line":31,"column":35}},"11":{"start":{"line":32,"column":8},"end":{"line":32,"column":31}},"12":{"start":{"line":41,"column":4},"end":{"line":44,"column":5}},"13":{"start":{"line":42,"column":6},"end":{"line":42,"column":38}},"14":{"start":{"line":43,"column":6},"end":{"line":43,"column":43}},"15":{"start":{"line":45,"column":4},"end":{"line":45,"column":30}},"16":{"start":{"line":46,"column":4},"end":{"line":46,"column":24}},"17":{"start":{"line":50,"column":4},"end":{"line":53,"column":5}},"18":{"start":{"line":51,"column":6},"end":{"line":51,"column":70}},"19":{"start":{"line":52,"column":6},"end":{"line":52,"column":19}},"20":{"start":{"line":56,"column":4},"end":{"line":58,"column":5}},"21":{"start":{"line":56,"column":34},"end":{"line":56,"column":55}},"22":{"start":{"line":57,"column":6},"end":{"line":57,"column":19}},"23":{"start":{"line":61,"column":4},"end":{"line":61,"column":78}},"24":{"start":{"line":65,"column":4},"end":{"line":68,"column":5}},"25":{"start":{"line":66,"column":6},"end":{"line":66,"column":70}},"26":{"start":{"line":67,"column":6},"end":{"line":67,"column":13}},"27":{"start":{"line":71,"column":4},"end":{"line":71,"column":76}},"28":{"start":{"line":75,"column":4},"end":{"line":78,"column":5}},"29":{"start":{"line":76,"column":6},"end":{"line":76,"column":70}},"30":{"start":{"line":77,"column":6},"end":{"line":77,"column":13}},"31":{"start":{"line":81,"column":4},"end":{"line":81,"column":67}},"32":{"start":{"line":85,"column":4},"end":{"line":85,"column":31}},"33":{"start":{"line":89,"column":4},"end":{"line":89,"column":59}},"34":{"start":{"line":89,"column":37},"end":{"line":89,"column":57}},"35":{"start":{"line":93,"column":4},"end":{"line":93,"column":58}},"36":{"start":{"line":93,"column":44},"end":{"line":93,"column":55}},"37":{"start":{"line":97,"column":4},"end":{"line":97,"column":34}},"38":{"start":{"line":98,"column":4},"end":{"line":100,"column":6}},"39":{"start":{"line":99,"column":6},"end":{"line":99,"column":66}},"40":{"start":{"line":99,"column":50},"end":{"line":99,"column":64}},"41":{"start":{"line":104,"column":4},"end":{"line":104,"column":51}},"42":{"start":{"line":104,"column":39},"end":{"line":104,"column":49}},"43":{"start":{"line":108,"column":35},"end":{"line":108,"column":60}}},"fnMap":{"0":{"name":"(anonymous_0)","decl":{"start":{"line":15,"column":2},"end":{"line":15,"column":3}},"loc":{"start":{"line":15,"column":50},"end":{"line":35,"column":3}},"line":15},"1":{"name":"(anonymous_1)","decl":{"start":{"line":30,"column":6},"end":{"line":30,"column":7}},"loc":{"start":{"line":30,"column":21},"end":{"line":33,"column":7}},"line":30},"2":{"name":"(anonymous_2)","decl":{"start":{"line":40,"column":2},"end":{"line":40,"column":3}},"loc":{"start":{"line":40,"column":18},"end":{"line":47,"column":3}},"line":40},"3":{"name":"(anonymous_3)","decl":{"start":{"line":49,"column":2},"end":{"line":49,"column":3}},"loc":{"start":{"line":49,"column":58},"end":{"line":62,"column":3}},"line":49},"4":{"name":"(anonymous_4)","decl":{"start":{"line":56,"column":28},"end":{"line":56,"column":29}},"loc":{"start":{"line":56,"column":34},"end":{"line":56,"column":55}},"line":56},"5":{"name":"(anonymous_5)","decl":{"start":{"line":64,"column":2},"end":{"line":64,"column":3}},"loc":{"start":{"line":64,"column":58},"end":{"line":72,"column":3}},"line":64},"6":{"name":"(anonymous_6)","decl":{"start":{"line":74,"column":2},"end":{"line":74,"column":3}},"loc":{"start":{"line":74,"column":34},"end":{"line":82,"column":3}},"line":74},"7":{"name":"(anonymous_7)","decl":{"start":{"line":84,"column":2},"end":{"line":84,"column":3}},"loc":{"start":{"line":84,"column":29},"end":{"line":86,"column":3}},"line":84},"8":{"name":"(anonymous_8)","decl":{"start":{"line":88,"column":2},"end":{"line":88,"column":3}},"loc":{"start":{"line":88,"column":39},"end":{"line":90,"column":3}},"line":88},"9":{"name":"(anonymous_9)","decl":{"start":{"line":89,"column":31},"end":{"line":89,"column":32}},"loc":{"start":{"line":89,"column":37},"end":{"line":89,"column":57}},"line":89},"10":{"name":"(anonymous_10)","decl":{"start":{"line":92,"column":2},"end":{"line":92,"column":3}},"loc":{"start":{"line":92,"column":29},"end":{"line":94,"column":3}},"line":92},"11":{"name":"(anonymous_11)","decl":{"start":{"line":93,"column":38},"end":{"line":93,"column":39}},"loc":{"start":{"line":93,"column":44},"end":{"line":93,"column":55}},"line":93},"12":{"name":"(anonymous_12)","decl":{"start":{"line":96,"column":2},"end":{"line":96,"column":3}},"loc":{"start":{"line":96,"column":46},"end":{"line":101,"column":3}},"line":96},"13":{"name":"(anonymous_13)","decl":{"start":{"line":98,"column":11},"end":{"line":98,"column":12}},"loc":{"start":{"line":98,"column":17},"end":{"line":100,"column":5}},"line":98},"14":{"name":"(anonymous_14)","decl":{"start":{"line":99,"column":45},"end":{"line":99,"column":46}},"loc":{"start":{"line":99,"column":50},"end":{"line":99,"column":64}},"line":99},"15":{"name":"(anonymous_15)","decl":{"start":{"line":103,"column":2},"end":{"line":103,"column":3}},"loc":{"start":{"line":103,"column":34},"end":{"line":105,"column":3}},"line":103},"16":{"name":"(anonymous_16)","decl":{"start":{"line":104,"column":27},"end":{"line":104,"column":28}},"loc":{"start":{"line":104,"column":39},"end":{"line":104,"column":49}},"line":104}},"branchMap":{"0":{"loc":{"start":{"line":16,"column":4},"end":{"line":18,"column":5}},"type":"if","locations":[{"start":{"line":16,"column":4},"end":{"line":18,"column":5}},{"start":{},"end":{}}],"line":16},"1":{"loc":{"start":{"line":21,"column":4},"end":{"line":23,"column":5}},"type":"if","locations":[{"start":{"line":21,"column":4},"end":{"line":23,"column":5}},{"start":{},"end":{}}],"line":21},"2":{"loc":{"start":{"line":41,"column":4},"end":{"line":44,"column":5}},"type":"if","locations":[{"start":{"line":41,"column":4},"end":{"line":44,"column":5}},{"start":{},"end":{}}],"line":41},"3":{"loc":{"start":{"line":50,"column":4},"end":{"line":53,"column":5}},"type":"if","locations":[{"start":{"line":50,"column":4},"end":{"line":53,"column":5}},{"start":{},"end":{}}],"line":50},"4":{"loc":{"start":{"line":56,"column":4},"end":{"line":58,"column":5}},"type":"if","locations":[{"start":{"line":56,"column":4},"end":{"line":58,"column":5}},{"start":{},"end":{}}],"line":56},"5":{"loc":{"start":{"line":65,"column":4},"end":{"line":68,"column":5}},"type":"if","locations":[{"start":{"line":65,"column":4},"end":{"line":68,"column":5}},{"start":{},"end":{}}],"line":65},"6":{"loc":{"start":{"line":75,"column":4},"end":{"line":78,"column":5}},"type":"if","locations":[{"start":{"line":75,"column":4},"end":{"line":78,"column":5}},{"start":{},"end":{}}],"line":75},"7":{"loc":{"start":{"line":93,"column":44},"end":{"line":93,"column":55}},"type":"binary-expr","locations":[{"start":{"line":93,"column":44},"end":{"line":93,"column":49}},{"start":{"line":93,"column":53},"end":{"line":93,"column":55}}],"line":93}},"s":{"0":0,"1":0,"2":0,"3":0,"4":0,"5":0,"6":0,"7":0,"8":0,"9":0,"10":0,"11":0,"12":0,"13":0,"14":0,"15":0,"16":0,"17":0,"18":0,"19":0,"20":0,"21":0,"22":0,"23":0,"24":0,"25":0,"26":0,"27":0,"28":0,"29":0,"30":0,"31":0,"32":0,"33":0,"34":0,"35":0,"36":0,"37":0,"38":0,"39":0,"40":0,"41":0,"42":0,"43":0},"f":{"0":0,"1":0,"2":0,"3":0,"4":0,"5":0,"6":0,"7":0,"8":0,"9":0,"10":0,"11":0,"12":0,"13":0,"14":0,"15":0,"16":0},"b":{"0":[0,0],"1":[0,0],"2":[0,0],"3":[0,0],"4":[0,0],"5":[0,0],"6":[0,0],"7":[0,0]}}
}
