TN:
SF:contexts/ReduxAuthProvider.tsx
FN:12,(anonymous_0)
FN:20,(anonymous_1)
FN:25,(anonymous_2)
FN:30,(anonymous_3)
FN:36,(anonymous_4)
FN:76,(anonymous_5)
FN:82,(anonymous_6)
FN:96,(anonymous_7)
FN:117,(anonymous_8)
FN:118,(anonymous_9)
FN:124,(anonymous_10)
FN:130,(anonymous_11)
FN:139,(anonymous_12)
FN:148,(anonymous_13)
FN:149,(anonymous_14)
FN:178,(anonymous_15)
FN:185,(anonymous_16)
FN:187,(anonymous_17)
FN:198,(anonymous_18)
FN:204,(anonymous_19)
FN:205,(anonymous_20)
FN:231,(anonymous_21)
FN:246,(anonymous_22)
FN:247,(anonymous_23)
FNF:24
FNH:2
FNDA:0,(anonymous_0)
FNDA:0,(anonymous_1)
FNDA:0,(anonymous_2)
FNDA:0,(anonymous_3)
FNDA:0,(anonymous_4)
FNDA:0,(anonymous_5)
FNDA:0,(anonymous_6)
FNDA:0,(anonymous_7)
FNDA:0,(anonymous_8)
FNDA:0,(anonymous_9)
FNDA:0,(anonymous_10)
FNDA:0,(anonymous_11)
FNDA:0,(anonymous_12)
FNDA:0,(anonymous_13)
FNDA:0,(anonymous_14)
FNDA:0,(anonymous_15)
FNDA:0,(anonymous_16)
FNDA:0,(anonymous_17)
FNDA:0,(anonymous_18)
FNDA:0,(anonymous_19)
FNDA:0,(anonymous_20)
FNDA:0,(anonymous_21)
FNDA:4,(anonymous_22)
FNDA:8,(anonymous_23)
DA:12,1
DA:13,0
DA:20,1
DA:21,0
DA:22,0
DA:23,0
DA:25,0
DA:27,0
DA:28,0
DA:30,0
DA:31,0
DA:32,0
DA:35,0
DA:36,0
DA:37,0
DA:38,0
DA:39,0
DA:40,0
DA:43,0
DA:45,0
DA:48,0
DA:57,0
DA:58,0
DA:59,0
DA:62,0
DA:66,0
DA:67,0
DA:69,0
DA:73,0
DA:76,0
DA:77,0
DA:80,0
DA:81,0
DA:82,0
DA:83,0
DA:84,0
DA:85,0
DA:89,0
DA:93,0
DA:94,0
DA:96,0
DA:97,0
DA:98,0
DA:102,0
DA:103,0
DA:113,0
DA:117,1
DA:118,0
DA:119,0
DA:120,0
DA:121,0
DA:124,0
DA:125,0
DA:126,0
DA:130,0
DA:132,0
DA:134,0
DA:135,0
DA:136,0
DA:137,0
DA:139,0
DA:140,0
DA:141,0
DA:143,0
DA:144,0
DA:147,0
DA:148,0
DA:149,0
DA:152,0
DA:154,0
DA:155,0
DA:156,0
DA:157,0
DA:158,0
DA:161,0
DA:162,0
DA:163,0
DA:165,0
DA:167,0
DA:168,0
DA:169,0
DA:170,0
DA:172,0
DA:176,0
DA:177,0
DA:178,0
DA:185,0
DA:186,0
DA:187,0
DA:188,0
DA:189,0
DA:190,0
DA:191,0
DA:198,0
DA:199,0
DA:204,0
DA:205,0
DA:206,0
DA:207,0
DA:208,0
DA:210,0
DA:217,0
DA:218,0
DA:222,0
DA:223,0
DA:227,0
DA:231,1
DA:232,0
DA:246,1
DA:247,8
DA:248,4
DA:251,1
LF:112
LH:8
BRDA:35,0,0,0
BRDA:35,0,1,0
BRDA:37,1,0,0
BRDA:37,1,1,0
BRDA:48,2,0,0
BRDA:48,2,1,0
BRDA:48,3,0,0
BRDA:48,3,1,0
BRDA:48,3,2,0
BRDA:48,3,3,0
BRDA:48,3,4,0
BRDA:48,3,5,0
BRDA:48,3,6,0
BRDA:48,3,7,0
BRDA:48,3,8,0
BRDA:66,4,0,0
BRDA:66,4,1,0
BRDA:66,5,0,0
BRDA:66,5,1,0
BRDA:66,5,2,0
BRDA:80,6,0,0
BRDA:80,6,1,0
BRDA:80,7,0,0
BRDA:80,7,1,0
BRDA:80,7,2,0
BRDA:83,8,0,0
BRDA:83,8,1,0
BRDA:102,9,0,0
BRDA:102,9,1,0
BRDA:125,10,0,0
BRDA:125,10,1,0
BRDA:132,11,0,0
BRDA:132,11,1,0
BRDA:132,12,0,0
BRDA:132,12,1,0
BRDA:140,13,0,0
BRDA:140,13,1,0
BRDA:154,14,0,0
BRDA:154,14,1,0
BRDA:161,15,0,0
BRDA:161,15,1,0
BRDA:165,16,0,0
BRDA:165,16,1,0
BRDA:167,17,0,0
BRDA:167,17,1,0
BRDA:177,18,0,0
BRDA:177,18,1,0
BRDA:186,19,0,0
BRDA:186,19,1,0
BRDA:189,20,0,0
BRDA:189,20,1,0
BRDA:206,21,0,0
BRDA:206,21,1,0
BRDA:217,22,0,0
BRDA:217,22,1,0
BRDA:217,23,0,0
BRDA:217,23,1,0
BRDA:217,23,2,0
BRDA:217,23,3,0
BRDA:222,24,0,0
BRDA:222,24,1,0
BRF:61
BRH:0
end_of_record
TN:
SF:hooks/useAuth.ts
FN:9,(anonymous_0)
FN:11,(anonymous_1)
FN:13,(anonymous_2)
FN:23,(anonymous_3)
FNF:4
FNH:4
FNDA:105,(anonymous_0)
FNDA:312,(anonymous_1)
FNDA:5,(anonymous_2)
FNDA:3,(anonymous_3)
DA:9,2
DA:10,105
DA:11,312
DA:13,105
DA:14,5
DA:15,5
DA:17,5
DA:19,5
DA:23,105
DA:24,3
DA:25,2
DA:26,2
DA:28,2
DA:33,105
LF:14
LH:14
BRDA:24,0,0,2
BRDA:24,0,1,1
BRF:2
BRH:2
end_of_record
TN:
SF:hooks/useAuthFunctions.ts
FN:25,(anonymous_0)
FN:29,(anonymous_1)
FN:44,(anonymous_2)
FN:63,(anonymous_3)
FN:73,(anonymous_4)
FN:99,(anonymous_5)
FN:172,(anonymous_6)
FN:176,(anonymous_7)
FN:184,(anonymous_8)
FN:194,(anonymous_9)
FN:198,(anonymous_10)
FN:221,(anonymous_11)
FNF:12
FNH:0
FNDA:0,(anonymous_0)
FNDA:0,(anonymous_1)
FNDA:0,(anonymous_2)
FNDA:0,(anonymous_3)
FNDA:0,(anonymous_4)
FNDA:0,(anonymous_5)
FNDA:0,(anonymous_6)
FNDA:0,(anonymous_7)
FNDA:0,(anonymous_8)
FNDA:0,(anonymous_9)
FNDA:0,(anonymous_10)
FNDA:0,(anonymous_11)
DA:25,0
DA:26,0
DA:27,0
DA:29,0
DA:30,0
DA:31,0
DA:34,0
DA:35,0
DA:37,0
DA:41,0
DA:44,0
DA:45,0
DA:46,0
DA:49,0
DA:50,0
DA:52,0
DA:56,0
DA:57,0
DA:60,0
DA:63,0
DA:64,0
DA:65,0
DA:68,0
DA:73,0
DA:81,0
DA:82,0
DA:85,0
DA:86,0
DA:87,0
DA:90,0
DA:91,0
DA:92,0
DA:93,0
DA:94,0
DA:98,0
DA:99,0
DA:100,0
DA:101,0
DA:102,0
DA:103,0
DA:104,0
DA:105,0
DA:110,0
DA:111,0
DA:112,0
DA:115,0
DA:131,0
DA:134,0
DA:135,0
DA:137,0
DA:140,0
DA:141,0
DA:142,0
DA:143,0
DA:144,0
DA:154,0
DA:157,0
DA:164,0
DA:168,0
DA:169,0
DA:172,0
DA:173,0
DA:176,0
DA:177,0
DA:178,0
DA:179,0
DA:180,0
DA:184,0
DA:185,0
DA:186,0
DA:187,0
DA:189,0
DA:190,0
DA:194,0
DA:195,0
DA:198,0
DA:199,0
DA:210,0
DA:211,0
DA:214,0
DA:221,0
DA:230,0
DA:233,0
LF:83
LH:0
BRDA:56,0,0,0
BRDA:56,0,1,0
BRDA:87,1,0,0
BRDA:87,1,1,0
BRDA:90,2,0,0
BRDA:90,2,1,0
BRDA:92,3,0,0
BRDA:92,3,1,0
BRDA:93,4,0,0
BRDA:93,4,1,0
BRDA:98,5,0,0
BRDA:98,5,1,0
BRDA:98,6,0,0
BRDA:98,6,1,0
BRDA:98,6,2,0
BRDA:100,7,0,0
BRDA:100,7,1,0
BRDA:100,8,0,0
BRDA:100,8,1,0
BRDA:103,9,0,0
BRDA:103,9,1,0
BRDA:104,10,0,0
BRDA:104,10,1,0
BRDA:110,11,0,0
BRDA:110,11,1,0
BRDA:110,12,0,0
BRDA:110,12,1,0
BRDA:118,13,0,0
BRDA:118,13,1,0
BRDA:120,14,0,0
BRDA:120,14,1,0
BRDA:142,15,0,0
BRDA:142,15,1,0
BRDA:178,16,0,0
BRDA:178,16,1,0
BRDA:202,17,0,0
BRDA:202,17,1,0
BRDA:203,18,0,0
BRDA:203,18,1,0
BRDA:204,19,0,0
BRDA:204,19,1,0
BRF:41
BRH:0
end_of_record
TN:
SF:hooks/useAuthGuard.ts
FN:11,(anonymous_0)
FN:15,(anonymous_1)
FNF:2
FNH:0
FNDA:0,(anonymous_0)
FNDA:0,(anonymous_1)
DA:11,0
DA:12,0
DA:13,0
DA:15,0
DA:17,0
DA:18,0
DA:19,0
DA:23,0
DA:24,0
DA:26,0
DA:30,0
LF:11
LH:0
BRDA:17,0,0,0
BRDA:17,0,1,0
BRDA:17,1,0,0
BRDA:17,1,1,0
BRDA:23,2,0,0
BRDA:23,2,1,0
BRF:6
BRH:0
end_of_record
TN:
SF:hooks/useColorScheme.ts
FN:2,useColorScheme
FNF:1
FNH:0
FNDA:0,useColorScheme
DA:3,0
LF:1
LH:0
BRF:0
BRH:0
end_of_record
TN:
SF:hooks/useColorScheme.web.ts
FN:4,useColorScheme
FNF:1
FNH:0
FNDA:0,useColorScheme
DA:5,0
LF:1
LH:0
BRF:0
BRH:0
end_of_record
TN:
SF:hooks/useEnhancedAuth.ts
FN:9,(anonymous_0)
FN:16,(anonymous_1)
FN:24,(anonymous_2)
FN:32,(anonymous_3)
FN:40,(anonymous_4)
FN:64,(anonymous_5)
FN:71,(anonymous_6)
FN:97,(anonymous_7)
FNF:8
FNH:0
FNDA:0,(anonymous_0)
FNDA:0,(anonymous_1)
FNDA:0,(anonymous_2)
FNDA:0,(anonymous_3)
FNDA:0,(anonymous_4)
FNDA:0,(anonymous_5)
FNDA:0,(anonymous_6)
FNDA:0,(anonymous_7)
DA:9,0
DA:10,0
DA:16,0
DA:17,0
DA:24,0
DA:25,0
DA:32,0
DA:33,0
DA:40,0
DA:41,0
DA:42,0
DA:45,0
DA:64,0
DA:65,0
DA:71,0
DA:72,0
DA:73,0
DA:74,0
DA:75,0
DA:78,0
DA:79,0
DA:80,0
DA:83,0
DA:88,0
DA:89,0
DA:97,0
DA:101,0
DA:103,0
DA:104,0
DA:107,0
DA:116,0
LF:31
LH:0
BRDA:42,0,0,0
BRDA:42,0,1,0
BRDA:74,1,0,0
BRDA:74,1,1,0
BRDA:79,2,0,0
BRDA:79,2,1,0
BRDA:99,3,0,0
BRDA:103,4,0,0
BRDA:103,4,1,0
BRF:9
BRH:0
end_of_record
TN:
SF:hooks/useThemeColor.ts
FN:9,useThemeColor
FNF:1
FNH:0
FNDA:0,useThemeColor
DA:13,0
DA:14,0
DA:16,0
DA:17,0
DA:19,0
LF:5
LH:0
BRDA:13,0,0,0
BRDA:13,0,1,0
BRDA:16,1,0,0
BRDA:16,1,1,0
BRF:4
BRH:0
end_of_record
TN:
SF:services/FirestoreExerciseService.ts
FN:66,(anonymous_0)
FN:92,(anonymous_1)
FN:107,(anonymous_2)
FN:119,(anonymous_3)
FN:135,(anonymous_4)
FN:148,(anonymous_5)
FN:164,(anonymous_6)
FN:181,(anonymous_7)
FN:266,(anonymous_8)
FN:299,(anonymous_9)
FN:303,(anonymous_10)
FN:304,(anonymous_11)
FN:305,(anonymous_12)
FN:371,(anonymous_13)
FN:390,(anonymous_14)
FN:395,(anonymous_15)
FN:415,(anonymous_16)
FN:416,(anonymous_17)
FN:417,(anonymous_18)
FN:453,(anonymous_19)
FN:486,(anonymous_20)
FN:493,(anonymous_21)
FN:500,(anonymous_22)
FN:507,(anonymous_23)
FN:521,(anonymous_24)
FN:547,(anonymous_25)
FN:564,(anonymous_26)
FN:590,(anonymous_27)
FN:599,(anonymous_28)
FN:631,(anonymous_29)
FN:642,(anonymous_30)
FN:659,(anonymous_31)
FN:701,(anonymous_32)
FN:729,(anonymous_33)
FN:733,(anonymous_34)
FN:745,(anonymous_35)
FNF:36
FNH:0
FNDA:0,(anonymous_0)
FNDA:0,(anonymous_1)
FNDA:0,(anonymous_2)
FNDA:0,(anonymous_3)
FNDA:0,(anonymous_4)
FNDA:0,(anonymous_5)
FNDA:0,(anonymous_6)
FNDA:0,(anonymous_7)
FNDA:0,(anonymous_8)
FNDA:0,(anonymous_9)
FNDA:0,(anonymous_10)
FNDA:0,(anonymous_11)
FNDA:0,(anonymous_12)
FNDA:0,(anonymous_13)
FNDA:0,(anonymous_14)
FNDA:0,(anonymous_15)
FNDA:0,(anonymous_16)
FNDA:0,(anonymous_17)
FNDA:0,(anonymous_18)
FNDA:0,(anonymous_19)
FNDA:0,(anonymous_20)
FNDA:0,(anonymous_21)
FNDA:0,(anonymous_22)
FNDA:0,(anonymous_23)
FNDA:0,(anonymous_24)
FNDA:0,(anonymous_25)
FNDA:0,(anonymous_26)
FNDA:0,(anonymous_27)
FNDA:0,(anonymous_28)
FNDA:0,(anonymous_29)
FNDA:0,(anonymous_30)
FNDA:0,(anonymous_31)
FNDA:0,(anonymous_32)
FNDA:0,(anonymous_33)
FNDA:0,(anonymous_34)
FNDA:0,(anonymous_35)
DA:54,0
DA:55,0
DA:61,0
DA:67,0
DA:68,0
DA:71,0
DA:72,0
DA:73,0
DA:75,0
DA:76,0
DA:77,0
DA:80,0
DA:81,0
DA:82,0
DA:84,0
DA:85,0
DA:93,0
DA:94,0
DA:97,0
DA:98,0
DA:99,0
DA:100,0
DA:104,0
DA:105,0
DA:106,0
DA:107,0
DA:108,0
DA:109,0
DA:111,0
DA:112,0
DA:120,0
DA:121,0
DA:124,0
DA:125,0
DA:126,0
DA:127,0
DA:131,0
DA:132,0
DA:133,0
DA:134,0
DA:135,0
DA:137,0
DA:138,0
DA:140,0
DA:141,0
DA:149,0
DA:150,0
DA:153,0
DA:154,0
DA:155,0
DA:156,0
DA:160,0
DA:161,0
DA:162,0
DA:163,0
DA:164,0
DA:169,0
DA:170,0
DA:172,0
DA:173,0
DA:182,0
DA:184,0
DA:185,0
DA:188,0
DA:191,0
DA:192,0
DA:193,0
DA:194,0
DA:195,0
DA:197,0
DA:200,0
DA:201,0
DA:204,0
DA:205,0
DA:209,0
DA:210,0
DA:211,0
DA:213,0
DA:217,0
DA:218,0
DA:221,0
DA:222,0
DA:225,0
DA:226,0
DA:227,0
DA:234,0
DA:235,0
DA:239,0
DA:240,0
DA:241,0
DA:244,0
DA:247,0
DA:248,0
DA:249,0
DA:252,0
DA:254,0
DA:255,0
DA:258,0
DA:261,0
DA:262,0
DA:264,0
DA:266,0
DA:267,0
DA:270,0
DA:271,0
DA:272,0
DA:273,0
DA:274,0
DA:277,0
DA:294,0
DA:295,0
DA:296,0
DA:297,0
DA:299,0
DA:300,0
DA:301,0
DA:302,0
DA:303,0
DA:304,0
DA:305,0
DA:306,0
DA:307,0
DA:309,0
DA:312,0
DA:315,0
DA:316,0
DA:317,0
DA:320,0
DA:330,0
DA:331,0
DA:333,0
DA:334,0
DA:338,0
DA:339,0
DA:340,0
DA:342,0
DA:344,0
DA:345,0
DA:346,0
DA:347,0
DA:348,0
DA:349,0
DA:350,0
DA:351,0
DA:355,0
DA:356,0
DA:357,0
DA:360,0
DA:361,0
DA:363,0
DA:364,0
DA:368,0
DA:369,0
DA:371,0
DA:372,0
DA:373,0
DA:390,0
DA:394,0
DA:395,0
DA:396,0
DA:400,0
DA:401,0
DA:405,0
DA:406,0
DA:410,0
DA:411,0
DA:412,0
DA:413,0
DA:414,0
DA:415,0
DA:416,0
DA:417,0
DA:418,0
DA:419,0
DA:421,0
DA:422,0
DA:427,0
DA:428,0
DA:431,0
DA:434,0
DA:441,0
DA:442,0
DA:454,0
DA:455,0
DA:456,0
DA:458,0
DA:459,0
DA:462,0
DA:463,0
DA:478,0
DA:479,0
DA:487,0
DA:494,0
DA:501,0
DA:508,0
DA:510,0
DA:511,0
DA:513,0
DA:520,0
DA:521,0
DA:522,0
DA:523,0
DA:539,0
DA:540,0
DA:548,0
DA:549,0
DA:550,0
DA:552,0
DA:555,0
DA:563,0
DA:564,0
DA:565,0
DA:566,0
DA:582,0
DA:583,0
DA:591,0
DA:592,0
DA:593,0
DA:594,0
DA:595,0
DA:597,0
DA:599,0
DA:600,0
DA:601,0
DA:617,0
DA:618,0
DA:621,0
DA:623,0
DA:624,0
DA:632,0
DA:633,0
DA:634,0
DA:635,0
DA:636,0
DA:637,0
DA:638,0
DA:640,0
DA:642,0
DA:643,0
DA:644,0
DA:646,0
DA:649,0
DA:651,0
DA:652,0
DA:660,0
DA:662,0
DA:664,0
DA:665,0
DA:666,0
DA:668,0
DA:669,0
DA:670,0
DA:679,0
DA:680,0
DA:681,0
DA:683,0
DA:684,0
DA:685,0
DA:694,0
DA:702,0
DA:704,0
DA:705,0
DA:708,0
DA:714,0
DA:715,0
DA:718,0
DA:723,0
DA:724,0
DA:727,0
DA:728,0
DA:729,0
DA:730,0
DA:731,0
DA:733,0
DA:735,0
DA:738,0
DA:746,0
DA:748,0
DA:749,0
DA:753,0
DA:757,0
DA:761,0
DA:763,0
DA:764,0
DA:770,0
LF:285
LH:0
BRDA:67,0,0,0
BRDA:67,0,1,0
BRDA:75,1,0,0
BRDA:75,1,1,0
BRDA:93,2,0,0
BRDA:93,2,1,0
BRDA:98,3,0,0
BRDA:98,3,1,0
BRDA:120,4,0,0
BRDA:120,4,1,0
BRDA:125,5,0,0
BRDA:125,5,1,0
BRDA:135,6,0,0
BRDA:135,6,1,0
BRDA:149,7,0,0
BRDA:149,7,1,0
BRDA:154,8,0,0
BRDA:154,8,1,0
BRDA:165,9,0,0
BRDA:165,9,1,0
BRDA:166,10,0,0
BRDA:166,10,1,0
BRDA:181,11,0,0
BRDA:192,12,0,0
BRDA:192,12,1,0
BRDA:192,13,0,0
BRDA:192,13,1,0
BRDA:193,14,0,0
BRDA:193,14,1,0
BRDA:194,15,0,0
BRDA:194,15,1,0
BRDA:195,16,0,0
BRDA:195,16,1,0
BRDA:200,17,0,0
BRDA:200,17,1,0
BRDA:204,18,0,0
BRDA:204,18,1,0
BRDA:209,19,0,0
BRDA:209,19,1,0
BRDA:209,20,0,0
BRDA:209,20,1,0
BRDA:210,21,0,0
BRDA:210,21,1,0
BRDA:217,22,0,0
BRDA:217,22,1,0
BRDA:221,23,0,0
BRDA:221,23,1,0
BRDA:225,24,0,0
BRDA:225,24,1,0
BRDA:234,25,0,0
BRDA:234,25,1,0
BRDA:239,26,0,0
BRDA:239,26,1,0
BRDA:240,27,0,0
BRDA:240,27,1,0
BRDA:244,28,0,0
BRDA:244,28,1,0
BRDA:247,29,0,0
BRDA:247,29,1,0
BRDA:254,30,0,0
BRDA:254,30,1,0
BRDA:270,31,0,0
BRDA:270,31,1,0
BRDA:287,32,0,0
BRDA:287,32,1,0
BRDA:294,33,0,0
BRDA:294,33,1,0
BRDA:305,34,0,0
BRDA:305,34,1,0
BRDA:307,35,0,0
BRDA:307,35,1,0
BRDA:309,36,0,0
BRDA:309,36,1,0
BRDA:309,36,2,0
BRDA:309,36,3,0
BRDA:309,36,4,0
BRDA:309,36,5,0
BRDA:316,37,0,0
BRDA:316,37,1,0
BRDA:322,38,0,0
BRDA:322,38,1,0
BRDA:333,39,0,0
BRDA:333,39,1,0
BRDA:338,40,0,0
BRDA:338,40,1,0
BRDA:338,41,0,0
BRDA:338,41,1,0
BRDA:339,42,0,0
BRDA:339,42,1,0
BRDA:345,43,0,0
BRDA:345,43,1,0
BRDA:348,44,0,0
BRDA:348,44,1,0
BRDA:355,45,0,0
BRDA:355,45,1,0
BRDA:356,46,0,0
BRDA:356,46,1,0
BRDA:360,47,0,0
BRDA:360,47,1,0
BRDA:363,48,0,0
BRDA:363,48,1,0
BRDA:383,49,0,0
BRDA:383,49,1,0
BRDA:394,50,0,0
BRDA:394,50,1,0
BRDA:394,51,0,0
BRDA:394,51,1,0
BRDA:394,51,2,0
BRDA:396,52,0,0
BRDA:396,52,1,0
BRDA:400,53,0,0
BRDA:400,53,1,0
BRDA:400,54,0,0
BRDA:400,54,1,0
BRDA:401,55,0,0
BRDA:401,55,1,0
BRDA:405,56,0,0
BRDA:405,56,1,0
BRDA:406,57,0,0
BRDA:406,57,1,0
BRDA:410,58,0,0
BRDA:410,58,1,0
BRDA:410,59,0,0
BRDA:410,59,1,0
BRDA:417,60,0,0
BRDA:417,60,1,0
BRDA:419,61,0,0
BRDA:419,61,1,0
BRDA:421,62,0,0
BRDA:421,62,1,0
BRDA:421,63,0,0
BRDA:421,63,1,0
BRDA:421,63,2,0
BRDA:421,63,3,0
BRDA:421,63,4,0
BRDA:421,63,5,0
BRDA:427,64,0,0
BRDA:427,64,1,0
BRDA:428,65,0,0
BRDA:428,65,1,0
BRDA:436,66,0,0
BRDA:436,66,1,0
BRDA:458,67,0,0
BRDA:458,67,1,0
BRDA:473,68,0,0
BRDA:473,68,1,0
BRDA:486,69,0,0
BRDA:493,70,0,0
BRDA:500,71,0,0
BRDA:507,72,0,0
BRDA:533,73,0,0
BRDA:533,73,1,0
BRDA:547,74,0,0
BRDA:550,75,0,0
BRDA:550,75,1,0
BRDA:576,76,0,0
BRDA:576,76,1,0
BRDA:590,77,0,0
BRDA:605,78,0,0
BRDA:605,78,1,0
BRDA:606,79,0,0
BRDA:606,79,1,0
BRDA:607,80,0,0
BRDA:607,80,1,0
BRDA:608,81,0,0
BRDA:608,81,1,0
BRDA:609,82,0,0
BRDA:609,82,1,0
BRDA:610,83,0,0
BRDA:610,83,1,0
BRDA:611,84,0,0
BRDA:611,84,1,0
BRDA:612,85,0,0
BRDA:612,85,1,0
BRDA:617,86,0,0
BRDA:617,86,1,0
BRDA:638,87,0,0
BRDA:638,87,1,0
BRDA:640,88,0,0
BRDA:640,88,1,0
BRDA:668,89,0,0
BRDA:668,89,1,0
BRDA:683,90,0,0
BRDA:683,90,1,0
BRDA:687,91,0,0
BRDA:687,91,1,0
BRDA:688,92,0,0
BRDA:688,92,1,0
BRDA:689,93,0,0
BRDA:689,93,1,0
BRDA:731,94,0,0
BRDA:731,94,1,0
BRDA:731,94,2,0
BRDA:746,95,0,0
BRDA:746,95,1,0
BRDA:749,96,0,0
BRDA:749,96,1,0
BRDA:749,96,2,0
BRDA:749,96,3,0
BRDA:749,96,4,0
BRDA:749,96,5,0
BRDA:749,96,6,0
BRDA:749,96,7,0
BRDA:749,96,8,0
BRDA:749,96,9,0
BRF:205
BRH:0
end_of_record
TN:
SF:services/MyExercisesService.ts
FN:15,(anonymous_0)
FN:55,(anonymous_1)
FN:70,(anonymous_2)
FN:76,(anonymous_3)
FN:95,(anonymous_4)
FN:105,(anonymous_5)
FN:109,(anonymous_6)
FN:119,(anonymous_7)
FN:124,(anonymous_8)
FN:138,(anonymous_9)
FN:141,(anonymous_10)
FN:143,(anonymous_11)
FN:161,(anonymous_12)
FN:162,(anonymous_13)
FN:173,(anonymous_14)
FN:175,(anonymous_15)
FN:181,(anonymous_16)
FNF:17
FNH:0
FNDA:0,(anonymous_0)
FNDA:0,(anonymous_1)
FNDA:0,(anonymous_2)
FNDA:0,(anonymous_3)
FNDA:0,(anonymous_4)
FNDA:0,(anonymous_5)
FNDA:0,(anonymous_6)
FNDA:0,(anonymous_7)
FNDA:0,(anonymous_8)
FNDA:0,(anonymous_9)
FNDA:0,(anonymous_10)
FNDA:0,(anonymous_11)
FNDA:0,(anonymous_12)
FNDA:0,(anonymous_13)
FNDA:0,(anonymous_14)
FNDA:0,(anonymous_15)
FNDA:0,(anonymous_16)
DA:10,0
DA:16,0
DA:18,0
DA:19,0
DA:22,0
DA:30,0
DA:36,0
DA:43,0
DA:44,0
DA:45,0
DA:47,0
DA:48,0
DA:56,0
DA:57,0
DA:58,0
DA:59,0
DA:60,0
DA:62,0
DA:63,0
DA:71,0
DA:72,0
DA:73,0
DA:75,0
DA:76,0
DA:77,0
DA:78,0
DA:94,0
DA:95,0
DA:97,0
DA:98,0
DA:106,0
DA:107,0
DA:108,0
DA:109,0
DA:111,0
DA:112,0
DA:120,0
DA:121,0
DA:122,0
DA:124,0
DA:125,0
DA:127,0
DA:128,0
DA:130,0
DA:131,0
DA:139,0
DA:141,0
DA:142,0
DA:143,0
DA:144,0
DA:145,0
DA:161,0
DA:163,0
DA:164,0
DA:167,0
DA:174,0
DA:175,0
DA:182,0
DA:184,0
DA:185,0
DA:186,0
DA:190,0
DA:195,0
LF:63
LH:0
BRDA:18,0,0,0
BRDA:18,0,1,0
BRDA:82,1,0,0
BRDA:82,1,1,0
BRDA:83,2,0,0
BRDA:83,2,1,0
BRDA:84,3,0,0
BRDA:84,3,1,0
BRDA:85,4,0,0
BRDA:85,4,1,0
BRDA:86,5,0,0
BRDA:86,5,1,0
BRDA:87,6,0,0
BRDA:87,6,1,0
BRDA:89,7,0,0
BRDA:89,7,1,0
BRDA:149,8,0,0
BRDA:149,8,1,0
BRDA:150,9,0,0
BRDA:150,9,1,0
BRDA:151,10,0,0
BRDA:151,10,1,0
BRDA:152,11,0,0
BRDA:152,11,1,0
BRDA:153,12,0,0
BRDA:153,12,1,0
BRDA:154,13,0,0
BRDA:154,13,1,0
BRDA:156,14,0,0
BRDA:156,14,1,0
BRDA:185,15,0,0
BRDA:185,15,1,0
BRF:32
BRH:0
end_of_record
TN:
SF:services/firebaseAuthService.ts
FN:64,(anonymous_0)
FN:126,(anonymous_1)
FN:138,(anonymous_2)
FN:139,(anonymous_3)
FN:153,(anonymous_4)
FN:154,(anonymous_5)
FN:183,(anonymous_6)
FN:190,(anonymous_7)
FN:228,(anonymous_8)
FN:229,(anonymous_9)
FN:241,(anonymous_10)
FN:250,(anonymous_11)
FN:251,(anonymous_12)
FN:267,(anonymous_13)
FN:268,(anonymous_14)
FN:295,(anonymous_15)
FN:296,(anonymous_16)
FN:318,(anonymous_17)
FN:329,(anonymous_18)
FN:349,(anonymous_19)
FN:368,(anonymous_20)
FN:372,(anonymous_21)
FN:379,(anonymous_22)
FN:425,(anonymous_23)
FN:436,(anonymous_24)
FN:437,(anonymous_25)
FN:495,(anonymous_26)
FN:537,(anonymous_27)
FN:562,(anonymous_28)
FN:582,(anonymous_29)
FN:618,(anonymous_30)
FN:672,(anonymous_31)
FNF:32
FNH:0
FNDA:0,(anonymous_0)
FNDA:0,(anonymous_1)
FNDA:0,(anonymous_2)
FNDA:0,(anonymous_3)
FNDA:0,(anonymous_4)
FNDA:0,(anonymous_5)
FNDA:0,(anonymous_6)
FNDA:0,(anonymous_7)
FNDA:0,(anonymous_8)
FNDA:0,(anonymous_9)
FNDA:0,(anonymous_10)
FNDA:0,(anonymous_11)
FNDA:0,(anonymous_12)
FNDA:0,(anonymous_13)
FNDA:0,(anonymous_14)
FNDA:0,(anonymous_15)
FNDA:0,(anonymous_16)
FNDA:0,(anonymous_17)
FNDA:0,(anonymous_18)
FNDA:0,(anonymous_19)
FNDA:0,(anonymous_20)
FNDA:0,(anonymous_21)
FNDA:0,(anonymous_22)
FNDA:0,(anonymous_23)
FNDA:0,(anonymous_24)
FNDA:0,(anonymous_25)
FNDA:0,(anonymous_26)
FNDA:0,(anonymous_27)
FNDA:0,(anonymous_28)
FNDA:0,(anonymous_29)
FNDA:0,(anonymous_30)
FNDA:0,(anonymous_31)
DA:27,0
DA:48,0
DA:49,0
DA:50,0
DA:51,0
DA:52,0
DA:53,0
DA:54,0
DA:55,0
DA:56,0
DA:59,0
DA:60,0
DA:61,0
DA:62,0
DA:66,0
DA:67,0
DA:68,0
DA:69,0
DA:70,0
DA:71,0
DA:75,0
DA:76,0
DA:80,0
DA:81,0
DA:85,0
DA:86,0
DA:87,0
DA:91,0
DA:92,0
DA:93,0
DA:94,0
DA:95,0
DA:96,0
DA:97,0
DA:100,0
DA:101,0
DA:102,0
DA:104,0
DA:105,0
DA:107,0
DA:108,0
DA:110,0
DA:111,0
DA:113,0
DA:114,0
DA:115,0
DA:116,0
DA:117,0
DA:120,0
DA:123,0
DA:127,0
DA:128,0
DA:131,0
DA:135,0
DA:136,0
DA:137,0
DA:138,0
DA:139,0
DA:142,0
DA:143,0
DA:145,0
DA:146,0
DA:147,0
DA:151,0
DA:152,0
DA:153,0
DA:154,0
DA:157,0
DA:159,0
DA:160,0
DA:164,0
DA:167,0
DA:168,0
DA:169,0
DA:171,0
DA:176,0
DA:177,0
DA:178,0
DA:179,0
DA:184,0
DA:185,0
DA:188,0
DA:191,0
DA:192,0
DA:195,0
DA:196,0
DA:197,0
DA:198,0
DA:202,0
DA:205,0
DA:207,0
DA:209,0
DA:216,0
DA:218,0
DA:220,0
DA:221,0
DA:225,0
DA:226,0
DA:229,0
DA:233,0
DA:234,0
DA:240,0
DA:241,0
DA:242,0
DA:243,0
DA:244,0
DA:246,0
DA:249,0
DA:250,0
DA:251,0
DA:254,0
DA:260,0
DA:261,0
DA:262,0
DA:268,0
DA:273,0
DA:274,0
DA:277,0
DA:281,0
DA:286,0
DA:287,0
DA:289,0
DA:290,0
DA:296,0
DA:300,0
DA:301,0
DA:303,0
DA:307,0
DA:308,0
DA:311,0
DA:312,0
DA:313,0
DA:314,0
DA:319,0
DA:320,0
DA:323,0
DA:324,0
DA:330,0
DA:331,0
DA:334,0
DA:337,0
DA:340,0
DA:342,0
DA:344,0
DA:345,0
DA:350,0
DA:351,0
DA:352,0
DA:354,0
DA:355,0
DA:356,0
DA:358,0
DA:359,0
DA:360,0
DA:361,0
DA:362,0
DA:363,0
DA:364,0
DA:365,0
DA:369,0
DA:373,0
DA:380,0
DA:381,0
DA:382,0
DA:383,0
DA:384,0
DA:385,0
DA:387,0
DA:397,0
DA:406,0
DA:414,0
DA:416,0
DA:417,0
DA:418,0
DA:426,0
DA:428,0
DA:436,0
DA:437,0
DA:440,0
DA:442,0
DA:443,0
DA:444,0
DA:445,0
DA:446,0
DA:448,0
DA:450,0
DA:451,0
DA:453,0
DA:455,0
DA:463,0
DA:464,0
DA:466,0
DA:468,0
DA:469,0
DA:471,0
DA:476,0
DA:478,0
DA:479,0
DA:482,0
DA:483,0
DA:485,0
DA:488,0
DA:496,0
DA:497,0
DA:498,0
DA:499,0
DA:503,0
DA:504,0
DA:505,0
DA:506,0
DA:507,0
DA:508,0
DA:511,0
DA:512,0
DA:517,0
DA:519,0
DA:520,0
DA:521,0
DA:524,0
DA:525,0
DA:528,0
DA:529,0
DA:530,0
DA:538,0
DA:539,0
DA:550,0
DA:552,0
DA:554,0
DA:555,0
DA:563,0
DA:564,0
DA:565,0
DA:566,0
DA:569,0
DA:571,0
DA:572,0
DA:574,0
DA:575,0
DA:583,0
DA:584,0
DA:585,0
DA:586,0
DA:590,0
DA:591,0
DA:592,0
DA:593,0
DA:594,0
DA:598,0
DA:599,0
DA:600,0
DA:601,0
DA:602,0
DA:605,0
DA:608,0
DA:610,0
DA:611,0
DA:625,0
DA:626,0
DA:627,0
DA:629,0
DA:630,0
DA:640,0
DA:641,0
DA:642,0
DA:645,0
DA:648,0
DA:650,0
DA:658,0
DA:659,0
DA:673,0
DA:674,0
DA:677,0
DA:680,0
DA:683,0
DA:684,0
DA:685,0
DA:686,0
DA:689,0
DA:690,0
DA:691,0
DA:693,0
DA:695,0
DA:700,0
LF:283
LH:0
BRDA:67,0,0,0
BRDA:67,0,1,0
BRDA:67,1,0,0
BRDA:67,1,1,0
BRDA:75,2,0,0
BRDA:75,2,1,0
BRDA:80,3,0,0
BRDA:80,3,1,0
BRDA:85,4,0,0
BRDA:85,4,1,0
BRDA:91,5,0,0
BRDA:91,5,1,0
BRDA:113,6,0,0
BRDA:113,6,1,0
BRDA:173,7,0,0
BRDA:173,7,1,0
BRDA:184,8,0,0
BRDA:184,8,1,0
BRDA:195,9,0,0
BRDA:195,9,1,0
BRDA:197,10,0,0
BRDA:197,10,1,0
BRDA:210,11,0,0
BRDA:210,11,1,0
BRDA:211,12,0,0
BRDA:211,12,1,0
BRDA:218,13,0,0
BRDA:218,13,1,0
BRDA:220,14,0,0
BRDA:220,14,1,0
BRDA:240,15,0,0
BRDA:240,15,1,0
BRDA:240,16,0,0
BRDA:240,16,1,0
BRDA:260,17,0,0
BRDA:260,17,1,0
BRDA:260,18,0,0
BRDA:260,18,1,0
BRDA:311,19,0,0
BRDA:311,19,1,0
BRDA:350,20,0,0
BRDA:350,20,1,0
BRDA:354,21,0,0
BRDA:354,21,1,0
BRDA:388,22,0,0
BRDA:388,22,1,0
BRDA:389,23,0,0
BRDA:389,23,1,0
BRDA:445,24,0,0
BRDA:445,24,1,0
BRDA:446,25,0,0
BRDA:446,25,1,0
BRDA:448,26,0,0
BRDA:448,26,1,0
BRDA:448,27,0,0
BRDA:448,27,1,0
BRDA:448,27,2,0
BRDA:453,28,0,0
BRDA:453,28,1,0
BRDA:495,29,0,0
BRDA:498,30,0,0
BRDA:498,30,1,0
BRDA:503,31,0,0
BRDA:503,31,1,0
BRDA:505,32,0,0
BRDA:505,32,1,0
BRDA:511,33,0,0
BRDA:511,33,1,0
BRDA:517,34,0,0
BRDA:517,34,1,0
BRDA:517,35,0,0
BRDA:517,35,1,0
BRDA:525,36,0,0
BRDA:525,36,1,0
BRDA:585,37,0,0
BRDA:585,37,1,0
BRDA:591,38,0,0
BRDA:591,38,1,0
BRDA:600,39,0,0
BRDA:600,39,1,0
BRDA:629,40,0,0
BRDA:629,40,1,0
BRDA:641,41,0,0
BRDA:641,41,1,0
BRDA:645,42,0,0
BRDA:645,42,1,0
BRDA:648,43,0,0
BRDA:648,43,1,0
BRF:88
BRH:0
end_of_record
TN:
SF:store/authSlice.ts
FN:79,(anonymous_0)
FN:86,(anonymous_1)
FN:98,(anonymous_2)
FN:132,(anonymous_3)
FN:161,(anonymous_4)
FN:204,(anonymous_5)
FN:226,(anonymous_6)
FN:252,(anonymous_7)
FN:272,(anonymous_8)
FN:276,(anonymous_9)
FN:286,(anonymous_10)
FN:290,(anonymous_11)
FN:294,(anonymous_12)
FN:298,(anonymous_13)
FN:302,(anonymous_14)
FN:306,(anonymous_15)
FN:312,(anonymous_16)
FN:326,(anonymous_17)
FN:328,(anonymous_18)
FN:331,(anonymous_19)
FN:334,(anonymous_20)
FN:337,(anonymous_21)
FN:340,(anonymous_22)
FN:343,(anonymous_23)
FN:352,(anonymous_24)
FN:356,(anonymous_25)
FN:359,(anonymous_26)
FNF:27
FNH:25
FNDA:24,(anonymous_0)
FNDA:6,(anonymous_1)
FNDA:2,(anonymous_2)
FNDA:0,(anonymous_3)
FNDA:7,(anonymous_4)
FNDA:5,(anonymous_5)
FNDA:3,(anonymous_6)
FNDA:30,(anonymous_7)
FNDA:211,(anonymous_8)
FNDA:1,(anonymous_9)
FNDA:6,(anonymous_10)
FNDA:2,(anonymous_11)
FNDA:2,(anonymous_12)
FNDA:4,(anonymous_13)
FNDA:1,(anonymous_14)
FNDA:1,(anonymous_15)
FNDA:33,(anonymous_16)
FNDA:4,(anonymous_17)
FNDA:2,(anonymous_18)
FNDA:3,(anonymous_19)
FNDA:3,(anonymous_20)
FNDA:1,(anonymous_21)
FNDA:0,(anonymous_22)
FNDA:4,(anonymous_23)
FNDA:5,(anonymous_24)
FNDA:2,(anonymous_25)
FNDA:1,(anonymous_26)
DA:61,4
DA:79,24
DA:86,6
DA:96,4
DA:99,2
DA:100,2
DA:102,2
DA:103,2
DA:105,2
DA:106,0
DA:107,0
DA:108,0
DA:117,0
DA:119,0
DA:120,0
DA:123,2
DA:124,2
DA:130,4
DA:133,0
DA:134,0
DA:136,0
DA:138,0
DA:148,0
DA:149,0
DA:150,0
DA:152,0
DA:153,0
DA:159,4
DA:162,7
DA:163,7
DA:165,7
DA:166,3
DA:167,3
DA:175,3
DA:176,2
DA:177,2
DA:180,2
DA:188,2
DA:189,2
DA:192,1
DA:193,1
DA:195,4
DA:196,4
DA:202,4
DA:205,5
DA:206,5
DA:207,3
DA:208,3
DA:209,3
DA:211,3
DA:213,2
DA:214,2
DA:217,0
DA:218,0
DA:224,4
DA:227,3
DA:228,3
DA:230,3
DA:231,3
DA:232,3
DA:233,3
DA:234,3
DA:236,3
DA:237,3
DA:238,2
DA:241,1
DA:242,1
DA:248,4
DA:253,30
DA:254,24
DA:255,24
DA:256,24
DA:258,6
DA:259,6
DA:260,6
DA:262,6
DA:273,211
DA:277,1
DA:287,6
DA:291,2
DA:295,2
DA:299,4
DA:303,1
DA:307,1
DA:308,1
DA:313,33
DA:314,33
DA:315,33
DA:316,33
DA:317,33
DA:327,4
DA:329,2
DA:332,3
DA:335,3
DA:338,1
DA:341,0
DA:344,4
DA:345,3
DA:346,3
DA:347,3
DA:348,3
DA:350,4
DA:353,5
DA:354,5
DA:360,1
DA:376,4
LF:106
LH:88
BRDA:86,0,0,24
BRDA:86,0,1,2
BRDA:105,1,0,0
BRDA:105,1,1,0
BRDA:141,2,0,0
BRDA:141,2,1,0
BRDA:142,3,0,0
BRDA:142,3,1,0
BRDA:143,4,0,0
BRDA:143,4,1,0
BRDA:175,5,0,2
BRDA:175,5,1,1
BRDA:177,6,0,2
BRDA:177,6,1,0
BRDA:184,7,0,2
BRDA:184,7,1,0
BRDA:185,8,0,2
BRDA:185,8,1,0
BRDA:206,9,0,3
BRDA:206,9,1,2
BRDA:208,10,0,3
BRDA:208,10,1,0
BRDA:230,11,0,3
BRDA:230,11,1,0
BRDA:231,12,0,3
BRDA:231,12,1,0
BRDA:232,13,0,3
BRDA:232,13,1,0
BRDA:233,14,0,3
BRDA:233,14,1,0
BRDA:234,15,0,3
BRDA:234,15,1,0
BRDA:236,16,0,3
BRDA:236,16,1,0
BRDA:253,17,0,24
BRDA:253,17,1,6
BRDA:307,18,0,1
BRDA:307,18,1,0
BRDA:344,19,0,3
BRDA:344,19,1,1
BRF:40
BRH:21
end_of_record
TN:
SF:store/hooks.ts
FN:5,(anonymous_0)
FNF:1
FNH:1
FNDA:105,(anonymous_0)
DA:5,105
DA:6,2
LF:2
LH:2
BRF:0
BRH:0
end_of_record
TN:
SF:store/index.ts
FN:26,(anonymous_0)
FNF:1
FNH:1
FNDA:2,(anonymous_0)
DA:7,2
DA:17,2
DA:22,2
DA:24,2
DA:27,2
DA:54,2
LF:6
LH:6
BRDA:49,0,0,2
BRDA:49,0,1,0
BRF:2
BRH:1
end_of_record
TN:
SF:utils/crashLogger.ts
FN:7,(anonymous_0)
FN:12,(anonymous_1)
FN:17,(anonymous_2)
FN:23,(anonymous_3)
FN:29,(anonymous_4)
FN:39,(anonymous_5)
FN:49,(anonymous_6)
FN:59,(anonymous_7)
FN:72,(anonymous_8)
FN:81,(anonymous_9)
FN:92,(anonymous_10)
FN:94,(anonymous_11)
FN:98,(anonymous_12)
FN:102,(anonymous_13)
FN:107,(anonymous_14)
FNF:15
FNH:0
FNDA:0,(anonymous_0)
FNDA:0,(anonymous_1)
FNDA:0,(anonymous_2)
FNDA:0,(anonymous_3)
FNDA:0,(anonymous_4)
FNDA:0,(anonymous_5)
FNDA:0,(anonymous_6)
FNDA:0,(anonymous_7)
FNDA:0,(anonymous_8)
FNDA:0,(anonymous_9)
FNDA:0,(anonymous_10)
FNDA:0,(anonymous_11)
FNDA:0,(anonymous_12)
FNDA:0,(anonymous_13)
FNDA:0,(anonymous_14)
DA:4,0
DA:5,0
DA:8,0
DA:9,0
DA:13,0
DA:14,0
DA:18,0
DA:23,0
DA:25,0
DA:26,0
DA:30,0
DA:31,0
DA:32,0
DA:34,0
DA:35,0
DA:36,0
DA:40,0
DA:41,0
DA:42,0
DA:44,0
DA:45,0
DA:46,0
DA:50,0
DA:51,0
DA:52,0
DA:54,0
DA:55,0
DA:56,0
DA:60,0
DA:61,0
DA:62,0
DA:64,0
DA:65,0
DA:66,0
DA:69,0
DA:73,0
DA:74,0
DA:76,0
DA:77,0
DA:78,0
DA:82,0
DA:83,0
DA:84,0
DA:85,0
DA:86,0
DA:89,0
DA:93,0
DA:94,0
DA:95,0
DA:99,0
DA:103,0
DA:104,0
DA:108,0
DA:109,0
LF:54
LH:0
BRDA:19,0,0,0
BRDA:19,0,1,0
BRDA:20,1,0,0
BRDA:20,1,1,0
BRDA:21,2,0,0
BRDA:21,2,1,0
BRDA:22,3,0,0
BRDA:22,3,1,0
BRDA:23,4,0,0
BRDA:23,4,1,0
BRDA:32,5,0,0
BRDA:32,5,1,0
BRDA:42,6,0,0
BRDA:42,6,1,0
BRDA:52,7,0,0
BRDA:52,7,1,0
BRDA:61,8,0,0
BRDA:61,8,1,0
BRDA:64,9,0,0
BRDA:64,9,1,0
BRDA:65,10,0,0
BRDA:65,10,1,0
BRDA:76,11,0,0
BRDA:76,11,1,0
BRDA:77,12,0,0
BRDA:77,12,1,0
BRDA:108,13,0,0
BRDA:108,13,1,0
BRF:28
BRH:0
end_of_record
TN:
SF:utils/exerciseLibrary.ts
FN:37,(anonymous_0)
FN:56,(anonymous_1)
FN:63,(anonymous_2)
FN:70,(anonymous_3)
FN:77,(anonymous_4)
FN:85,(anonymous_5)
FN:93,(anonymous_6)
FN:101,(anonymous_7)
FN:109,(anonymous_8)
FN:117,(anonymous_9)
FN:125,(anonymous_10)
FN:127,(anonymous_11)
FN:133,(anonymous_12)
FN:141,(anonymous_13)
FN:143,(anonymous_14)
FN:160,(anonymous_15)
FN:165,(anonymous_16)
FN:180,(anonymous_17)
FN:185,(anonymous_18)
FN:189,(anonymous_19)
FN:205,(anonymous_20)
FN:206,(anonymous_21)
FN:218,(anonymous_22)
FN:233,(anonymous_23)
FN:255,(anonymous_24)
FN:277,(anonymous_25)
FN:287,(anonymous_26)
FN:298,(anonymous_27)
FN:336,(anonymous_28)
FN:343,(anonymous_29)
FN:349,(anonymous_30)
FN:360,(anonymous_31)
FN:366,(anonymous_32)
FN:383,(anonymous_33)
FN:392,(anonymous_34)
FN:396,(anonymous_35)
FN:404,(anonymous_36)
FN:408,(anonymous_37)
FN:416,(anonymous_38)
FN:447,(anonymous_39)
FN:453,(anonymous_40)
FN:457,(anonymous_41)
FN:461,(anonymous_42)
FN:465,(anonymous_43)
FNF:44
FNH:0
FNDA:0,(anonymous_0)
FNDA:0,(anonymous_1)
FNDA:0,(anonymous_2)
FNDA:0,(anonymous_3)
FNDA:0,(anonymous_4)
FNDA:0,(anonymous_5)
FNDA:0,(anonymous_6)
FNDA:0,(anonymous_7)
FNDA:0,(anonymous_8)
FNDA:0,(anonymous_9)
FNDA:0,(anonymous_10)
FNDA:0,(anonymous_11)
FNDA:0,(anonymous_12)
FNDA:0,(anonymous_13)
FNDA:0,(anonymous_14)
FNDA:0,(anonymous_15)
FNDA:0,(anonymous_16)
FNDA:0,(anonymous_17)
FNDA:0,(anonymous_18)
FNDA:0,(anonymous_19)
FNDA:0,(anonymous_20)
FNDA:0,(anonymous_21)
FNDA:0,(anonymous_22)
FNDA:0,(anonymous_23)
FNDA:0,(anonymous_24)
FNDA:0,(anonymous_25)
FNDA:0,(anonymous_26)
FNDA:0,(anonymous_27)
FNDA:0,(anonymous_28)
FNDA:0,(anonymous_29)
FNDA:0,(anonymous_30)
FNDA:0,(anonymous_31)
FNDA:0,(anonymous_32)
FNDA:0,(anonymous_33)
FNDA:0,(anonymous_34)
FNDA:0,(anonymous_35)
FNDA:0,(anonymous_36)
FNDA:0,(anonymous_37)
FNDA:0,(anonymous_38)
FNDA:0,(anonymous_39)
FNDA:0,(anonymous_40)
FNDA:0,(anonymous_41)
FNDA:0,(anonymous_42)
FNDA:0,(anonymous_43)
DA:31,0
DA:38,0
DA:39,0
DA:40,0
DA:41,0
DA:42,0
DA:43,0
DA:46,0
DA:48,0
DA:49,0
DA:57,0
DA:64,0
DA:71,0
DA:78,0
DA:79,0
DA:86,0
DA:87,0
DA:94,0
DA:95,0
DA:102,0
DA:103,0
DA:110,0
DA:111,0
DA:118,0
DA:119,0
DA:126,0
DA:127,0
DA:134,0
DA:135,0
DA:143,0
DA:146,0
DA:149,0
DA:151,0
DA:154,0
DA:160,0
DA:161,0
DA:165,0
DA:166,0
DA:167,0
DA:168,0
DA:170,0
DA:171,0
DA:172,0
DA:173,0
DA:182,0
DA:185,0
DA:186,0
DA:189,0
DA:190,0
DA:194,0
DA:205,0
DA:206,0
DA:207,0
DA:211,0
DA:224,0
DA:229,0
DA:230,0
DA:233,0
DA:234,0
DA:240,0
DA:241,0
DA:242,0
DA:244,0
DA:245,0
DA:246,0
DA:247,0
DA:251,0
DA:252,0
DA:255,0
DA:256,0
DA:262,0
DA:264,0
DA:278,0
DA:279,0
DA:282,0
DA:287,0
DA:288,0
DA:306,0
DA:307,0
DA:308,0
DA:309,0
DA:319,0
DA:323,0
DA:337,0
DA:344,0
DA:345,0
DA:347,0
DA:348,0
DA:349,0
DA:351,0
DA:360,0
DA:367,0
DA:377,0
DA:384,0
DA:386,0
DA:393,0
DA:397,0
DA:400,0
DA:403,0
DA:404,0
DA:407,0
DA:408,0
DA:410,0
DA:417,0
DA:418,0
DA:425,0
DA:432,0
DA:433,0
DA:444,0
DA:447,0
DA:448,0
DA:449,0
DA:453,0
DA:454,0
DA:457,0
DA:458,0
DA:461,0
DA:462,0
DA:465,0
DA:471,0
LF:120
LH:0
BRDA:40,0,0,0
BRDA:40,0,1,0
BRDA:77,1,0,0
BRDA:135,2,0,0
BRDA:135,2,1,0
BRDA:149,3,0,0
BRDA:149,3,1,0
BRDA:149,4,0,0
BRDA:149,4,1,0
BRDA:170,5,0,0
BRDA:170,5,1,0
BRDA:170,6,0,0
BRDA:170,6,1,0
BRDA:171,7,0,0
BRDA:171,7,1,0
BRDA:172,8,0,0
BRDA:172,8,1,0
BRDA:186,9,0,0
BRDA:186,9,1,0
BRDA:211,10,0,0
BRDA:211,10,1,0
BRDA:220,11,0,0
BRDA:221,12,0,0
BRDA:222,13,0,0
BRDA:225,14,0,0
BRDA:225,14,1,0
BRDA:226,15,0,0
BRDA:226,15,1,0
BRDA:244,16,0,0
BRDA:244,16,1,0
BRDA:244,17,0,0
BRDA:244,17,1,0
BRDA:245,18,0,0
BRDA:245,18,1,0
BRDA:246,19,0,0
BRDA:246,19,1,0
BRDA:279,20,0,0
BRDA:279,20,1,0
BRDA:288,21,0,0
BRDA:288,21,1,0
BRDA:288,21,2,0
BRDA:288,21,3,0
BRDA:308,22,0,0
BRDA:308,22,1,0
BRDA:377,23,0,0
BRDA:377,23,1,0
BRDA:383,24,0,0
BRDA:384,25,0,0
BRDA:384,25,1,0
BRDA:392,26,0,0
BRDA:400,27,0,0
BRDA:400,27,1,0
BRDA:404,28,0,0
BRDA:404,28,1,0
BRDA:408,29,0,0
BRDA:408,29,1,0
BRDA:426,30,0,0
BRDA:426,30,1,0
BRDA:448,31,0,0
BRDA:448,31,1,0
BRF:60
BRH:0
end_of_record
TN:
SF:utils/socialAuth.ts
FN:22,(anonymous_0)
FN:65,(anonymous_1)
FN:109,(anonymous_2)
FN:151,(anonymous_3)
FN:201,(anonymous_4)
FN:244,(anonymous_5)
FN:282,(anonymous_6)
FN:283,(anonymous_7)
FN:289,(anonymous_8)
FNF:9
FNH:0
FNDA:0,(anonymous_0)
FNDA:0,(anonymous_1)
FNDA:0,(anonymous_2)
FNDA:0,(anonymous_3)
FNDA:0,(anonymous_4)
FNDA:0,(anonymous_5)
FNDA:0,(anonymous_6)
FNDA:0,(anonymous_7)
FNDA:0,(anonymous_8)
DA:9,0
DA:10,0
DA:11,0
DA:12,0
DA:14,0
DA:19,0
DA:22,0
DA:23,0
DA:24,0
DA:25,0
DA:27,0
DA:28,0
DA:31,0
DA:32,0
DA:35,0
DA:43,0
DA:44,0
DA:47,0
DA:49,0
DA:55,0
DA:60,0
DA:65,0
DA:66,0
DA:67,0
DA:70,0
DA:73,0
DA:74,0
DA:77,0
DA:79,0
DA:81,0
DA:82,0
DA:86,0
DA:87,0
DA:89,0
DA:91,0
DA:94,0
DA:95,0
DA:96,0
DA:97,0
DA:98,0
DA:99,0
DA:101,0
DA:109,0
DA:110,0
DA:111,0
DA:114,0
DA:117,0
DA:118,0
DA:121,0
DA:122,0
DA:123,0
DA:127,0
DA:130,0
DA:131,0
DA:133,0
DA:136,0
DA:137,0
DA:138,0
DA:139,0
DA:140,0
DA:141,0
DA:143,0
DA:151,0
DA:152,0
DA:153,0
DA:154,0
DA:157,0
DA:158,0
DA:161,0
DA:162,0
DA:163,0
DA:166,0
DA:173,0
DA:174,0
DA:178,0
DA:179,0
DA:183,0
DA:186,0
DA:187,0
DA:191,0
DA:193,0
DA:194,0
DA:201,0
DA:202,0
DA:203,0
DA:204,0
DA:207,0
DA:208,0
DA:211,0
DA:212,0
DA:213,0
DA:216,0
DA:223,0
DA:224,0
DA:228,0
DA:229,0
DA:233,0
DA:235,0
DA:236,0
DA:244,0
DA:245,0
DA:246,0
DA:248,0
DA:249,0
DA:250,0
DA:253,0
DA:254,0
DA:255,0
DA:256,0
DA:259,0
DA:260,0
DA:261,0
DA:264,0
DA:265,0
DA:266,0
DA:267,0
DA:268,0
DA:269,0
DA:272,0
DA:274,0
DA:275,0
DA:282,0
DA:283,0
DA:289,0
DA:290,0
LF:125
LH:0
BRDA:10,0,0,0
BRDA:10,0,1,0
BRDA:27,1,0,0
BRDA:27,1,1,0
BRDA:31,2,0,0
BRDA:31,2,1,0
BRDA:31,3,0,0
BRDA:31,3,1,0
BRDA:43,4,0,0
BRDA:43,4,1,0
BRDA:43,5,0,0
BRDA:43,5,1,0
BRDA:79,6,0,0
BRDA:79,6,1,0
BRDA:79,6,2,0
BRDA:81,7,0,0
BRDA:81,7,1,0
BRDA:94,8,0,0
BRDA:94,8,1,0
BRDA:96,9,0,0
BRDA:96,9,1,0
BRDA:98,10,0,0
BRDA:98,10,1,0
BRDA:101,11,0,0
BRDA:101,11,1,0
BRDA:122,12,0,0
BRDA:122,12,1,0
BRDA:136,13,0,0
BRDA:136,13,1,0
BRDA:138,14,0,0
BRDA:138,14,1,0
BRDA:140,15,0,0
BRDA:140,15,1,0
BRDA:143,16,0,0
BRDA:143,16,1,0
BRDA:153,17,0,0
BRDA:153,17,1,0
BRDA:157,18,0,0
BRDA:157,18,1,0
BRDA:162,19,0,0
BRDA:162,19,1,0
BRDA:173,20,0,0
BRDA:173,20,1,0
BRDA:186,21,0,0
BRDA:186,21,1,0
BRDA:203,22,0,0
BRDA:203,22,1,0
BRDA:207,23,0,0
BRDA:207,23,1,0
BRDA:212,24,0,0
BRDA:212,24,1,0
BRDA:223,25,0,0
BRDA:223,25,1,0
BRDA:248,26,0,0
BRDA:248,26,1,0
BRDA:254,27,0,0
BRDA:254,27,1,0
BRDA:264,28,0,0
BRDA:264,28,1,0
BRDA:283,29,0,0
BRDA:283,29,1,0
BRF:61
BRH:0
end_of_record
TN:
SF:utils/userExerciseStorage.ts
FN:15,(anonymous_0)
FN:30,(anonymous_1)
FN:40,(anonymous_2)
FN:49,(anonymous_3)
FN:56,(anonymous_4)
FN:64,(anonymous_5)
FN:74,(anonymous_6)
FN:84,(anonymous_7)
FN:88,(anonymous_8)
FN:89,(anonymous_9)
FN:92,(anonymous_10)
FN:93,(anonymous_11)
FN:96,(anonymous_12)
FN:98,(anonymous_13)
FN:99,(anonymous_14)
FN:103,(anonymous_15)
FN:104,(anonymous_16)
FNF:17
FNH:0
FNDA:0,(anonymous_0)
FNDA:0,(anonymous_1)
FNDA:0,(anonymous_2)
FNDA:0,(anonymous_3)
FNDA:0,(anonymous_4)
FNDA:0,(anonymous_5)
FNDA:0,(anonymous_6)
FNDA:0,(anonymous_7)
FNDA:0,(anonymous_8)
FNDA:0,(anonymous_9)
FNDA:0,(anonymous_10)
FNDA:0,(anonymous_11)
FNDA:0,(anonymous_12)
FNDA:0,(anonymous_13)
FNDA:0,(anonymous_14)
FNDA:0,(anonymous_15)
FNDA:0,(anonymous_16)
DA:7,0
DA:8,0
DA:9,0
DA:10,0
DA:16,0
DA:17,0
DA:21,0
DA:22,0
DA:25,0
DA:28,0
DA:31,0
DA:32,0
DA:41,0
DA:42,0
DA:43,0
DA:45,0
DA:46,0
DA:50,0
DA:51,0
DA:52,0
DA:56,0
DA:57,0
DA:61,0
DA:65,0
DA:66,0
DA:67,0
DA:71,0
DA:75,0
DA:76,0
DA:77,0
DA:81,0
DA:85,0
DA:89,0
DA:93,0
DA:97,0
DA:98,0
DA:99,0
DA:104,0
DA:108,0
LF:39
LH:0
BRDA:16,0,0,0
BRDA:16,0,1,0
BRDA:21,1,0,0
BRDA:21,1,1,0
BRDA:41,2,0,0
BRDA:41,2,1,0
BRDA:50,3,0,0
BRDA:50,3,1,0
BRDA:56,4,0,0
BRDA:56,4,1,0
BRDA:65,5,0,0
BRDA:65,5,1,0
BRDA:75,6,0,0
BRDA:75,6,1,0
BRDA:93,7,0,0
BRDA:93,7,1,0
BRF:16
BRH:0
end_of_record
